#
# There is insufficient memory for the Java Runtime Environment to continue.
# Native memory allocation (mmap) failed to map 27262976 bytes for Failed to commit area from 0x0000000088000000 to 0x0000000089a00000 of length 27262976.
# Possible reasons:
#   The system is out of physical RAM or swap space
#   The process is running with CompressedOops enabled, and the Java Heap may be blocking the growth of the native heap
# Possible solutions:
#   Reduce memory load on the system
#   Increase physical memory or swap space
#   Check if swap backing store is full
#   Decrease Java heap size (-Xmx/-Xms)
#   Decrease number of Java threads
#   Decrease Java thread stack sizes (-Xss)
#   Set larger code cache with -XX:ReservedCodeCacheSize=
#   JVM is running with Unscaled Compressed Oops mode in which the Java heap is
#     placed in the first 4GB address space. The Java Heap base address is the
#     maximum limit for the native heap growth. Please use -XX:HeapBaseMinAddress
#     to set the Java Heap base and to place the Java Heap above 4GB virtual address.
# This output file may be truncated or incomplete.
#
#  Out of Memory Error (./open/src/hotspot/os/windows/os_windows.cpp:3287), pid=10300, tid=12076
#
# JRE version: Java(TM) SE Runtime Environment 18.9 (11.0.15+8) (build 11.0.15+8-LTS-149)
# Java VM: Java HotSpot(TM) 64-Bit Server VM 18.9 (11.0.15+8-LTS-149, mixed mode, tiered, compressed oops, g1 gc, windows-amd64)
# No core dump will be written. Minidumps are not enabled by default on client versions of Windows
#

---------------  S U M M A R Y ------------

Command Line: -javaagent:C:\Program Files\JetBrains\IntelliJ IDEA Community Edition 2022.2.1\lib\idea_rt.jar=50480:C:\Program Files\JetBrains\IntelliJ IDEA Community Edition 2022.2.1\bin -Dfile.encoding=UTF-8 com.training.microservices.apigateway.ApiGatewayApplication

Host: Intel(R) Xeon(R) Platinum 8272CL CPU @ 2.60GHz, 2 cores, 7G,  Windows 10 , 64 bit Build 19041 (10.0.19041.1889)
Time: Mon Sep 12 06:26:57 2022 Coordinated Universal Time elapsed time: 2.478365 seconds (0d 0h 0m 2s)

---------------  T H R E A D  ---------------

Current thread (0x000001a8bcc3e800):  VMThread "VM Thread" [stack: 0x00000074efd00000,0x00000074efe00000] [id=12076]

Stack: [0x00000074efd00000,0x00000074efe00000]
[error occurred during error reporting (printing stack bounds), id 0xc0000005, EXCEPTION_ACCESS_VIOLATION (0xc0000005) at pc=0x000001a8a70410e7]

Native frames: (J=compiled Java code, j=interpreted, Vv=VM code, C=native code)
V  [jvm.dll+0x629d8a]
V  [jvm.dll+0x7638ff]
V  [jvm.dll+0x764fa9]
V  [jvm.dll+0x765595]
V  [jvm.dll+0x76554b]
V  [jvm.dll+0x629273]
V  [jvm.dll+0x629988]
C  [ntdll.dll+0xa229f]
C  [ntdll.dll+0x51454]
C  [ntdll.dll+0xa0dce]
C  0x000001a8a70410e7

VM_Operation (0x00000074f0bfc390): G1CollectForAllocation, mode: safepoint, requested by thread 0x000001a8bea2d000


---------------  P R O C E S S  ---------------

Threads class SMR info:
_java_thread_list=0x000001a8be9a35c0, length=13, elements={
0x000001a89f99e000, 0x000001a8bcc41800, 0x000001a8bcc4b800, 0x000001a8bd46a000,
0x000001a8bd46d000, 0x000001a8bd46e800, 0x000001a8bd475000, 0x000001a8bd47f800,
0x000001a8bcc50000, 0x000001a8bcbaf800, 0x000001a8bde48000, 0x000001a8be638800,
0x000001a8bea2d000
}

Java Threads: ( => current thread )
  0x000001a89f99e000 JavaThread "main" [_thread_blocked, id=5056, stack(0x00000074ef700000,0x00000074ef800000)]
  0x000001a8bcc41800 JavaThread "Reference Handler" daemon [_thread_blocked, id=876, stack(0x00000074efe00000,0x00000074eff00000)]
  0x000001a8bcc4b800 JavaThread "Finalizer" daemon [_thread_blocked, id=2536, stack(0x00000074eff00000,0x00000074f0000000)]
  0x000001a8bd46a000 JavaThread "Signal Dispatcher" daemon [_thread_blocked, id=11496, stack(0x00000074f0000000,0x00000074f0100000)]
  0x000001a8bd46d000 JavaThread "Attach Listener" daemon [_thread_blocked, id=8852, stack(0x00000074f0100000,0x00000074f0200000)]
  0x000001a8bd46e800 JavaThread "Service Thread" daemon [_thread_blocked, id=10400, stack(0x00000074f0200000,0x00000074f0300000)]
  0x000001a8bd475000 JavaThread "C2 CompilerThread0" daemon [_thread_in_native, id=5488, stack(0x00000074f0300000,0x00000074f0400000)]
  0x000001a8bd47f800 JavaThread "C1 CompilerThread0" daemon [_thread_blocked, id=8156, stack(0x00000074f0400000,0x00000074f0500000)]
  0x000001a8bcc50000 JavaThread "Sweeper thread" daemon [_thread_blocked, id=4208, stack(0x00000074f0500000,0x00000074f0600000)]
  0x000001a8bcbaf800 JavaThread "Common-Cleaner" daemon [_thread_blocked, id=9424, stack(0x00000074f0600000,0x00000074f0700000)]
  0x000001a8bde48000 JavaThread "Monitor Ctrl-Break" daemon [_thread_in_native, id=10616, stack(0x00000074f0800000,0x00000074f0900000)]
  0x000001a8be638800 JavaThread "Thread-0" [_thread_blocked, id=3684, stack(0x00000074f0a00000,0x00000074f0b00000)]
  0x000001a8bea2d000 JavaThread "restartedMain" [_thread_blocked, id=5124, stack(0x00000074f0b00000,0x00000074f0c00000)]

Other Threads:
=>0x000001a8bcc3e800 VMThread "VM Thread" [stack: 0x00000074efd00000,0x00000074efe00000] [id=12076]
  0x000001a8bde6d000 WatcherThread [stack: 0x00000074f0900000,0x00000074f0a00000] [id=11648]
  0x000001a89f9b3800 GCTaskThread "GC Thread#0" [stack: 0x00000074ef800000,0x00000074ef900000] [id=6952]
  0x000001a8bdbf8000 GCTaskThread "GC Thread#1" [stack: 0x00000074f0700000,0x00000074f0800000] [id=7408]
  0x000001a89f9e3800 ConcurrentGCThread "G1 Main Marker" [stack: 0x00000074ef900000,0x00000074efa00000] [id=10096]
  0x000001a89f9e7000 ConcurrentGCThread "G1 Conc#0" [stack: 0x00000074efa00000,0x00000074efb00000] [id=8904]
  0x000001a89fa6d800 ConcurrentGCThread "G1 Refine#0" [stack: 0x00000074efb00000,0x00000074efc00000] [id=3720]
  0x000001a8bca60800 ConcurrentGCThread "G1 Young RemSet Sampling" [stack: 0x00000074efc00000,0x00000074efd00000] [id=9048]

Threads with active compile tasks:
C2 CompilerThread0   2488 1510       4       org.springframework.boot.context.properties.source.ConfigurationPropertyName$ElementsParser::parse (234 bytes)

VM state:at safepoint (normal execution)

VM Mutex/Monitor currently owned by a thread:  ([mutex/lock_event])
[0x000001a89f9991f0] Threads_lock - owner thread: 0x000001a8bcc3e800
[0x000001a89f99a870] Heap_lock - owner thread: 0x000001a8bea2d000

Heap address: 0x0000000080000000, size: 2048 MB, Compressed Oops mode: 32-bit
Narrow klass base: 0x0000000000000000, Narrow klass shift: 3
Compressed class space size: 1073741824 Address: 0x0000000100000000

Heap:
 garbage-first heap   total 157696K, used 8391K [0x0000000080000000, 0x0000000100000000)
  region size 1024K, 3 young (3072K), 3 survivors (3072K)
 Metaspace       used 16459K, capacity 16806K, committed 17024K, reserved 1064960K
  class space    used 1686K, capacity 1827K, committed 1920K, reserved 1048576K
Heap Regions: E=young(eden), S=young(survivor), O=old, HS=humongous(starts), HC=humongous(continues), CS=collection set, F=free, A=archive, TAMS=top-at-mark-start (previous, next)
|   0|0x0000000080000000, 0x0000000080100000, 0x0000000080100000|100%| O|  |TAMS 0x0000000080000000, 0x0000000080000000| Untracked 
|   1|0x0000000080100000, 0x0000000080200000, 0x0000000080200000|100%| O|  |TAMS 0x0000000080100000, 0x0000000080100000| Untracked 
|   2|0x0000000080200000, 0x0000000080300000, 0x0000000080300000|100%| O|  |TAMS 0x0000000080200000, 0x0000000080200000| Untracked 
|   3|0x0000000080300000, 0x0000000080400000, 0x0000000080400000|100%| O|  |TAMS 0x0000000080300000, 0x0000000080300000| Untracked 
|   4|0x0000000080400000, 0x0000000080500000, 0x0000000080500000|100%| O|  |TAMS 0x0000000080400000, 0x0000000080400000| Untracked 
|   5|0x0000000080500000, 0x00000000805d3600, 0x0000000080600000| 82%| O|  |TAMS 0x0000000080500000, 0x0000000080500000| Untracked 
|   6|0x0000000080600000, 0x0000000080600000, 0x0000000080700000|  0%| F|  |TAMS 0x0000000080600000, 0x0000000080600000| Untracked 
|   7|0x0000000080700000, 0x0000000080700000, 0x0000000080800000|  0%| F|  |TAMS 0x0000000080700000, 0x0000000080700000| Untracked 
|   8|0x0000000080800000, 0x0000000080800000, 0x0000000080900000|  0%| F|  |TAMS 0x0000000080800000, 0x0000000080800000| Untracked 
|   9|0x0000000080900000, 0x0000000080900000, 0x0000000080a00000|  0%| F|  |TAMS 0x0000000080900000, 0x0000000080900000| Untracked 
|  10|0x0000000080a00000, 0x0000000080a00000, 0x0000000080b00000|  0%| F|  |TAMS 0x0000000080a00000, 0x0000000080a00000| Untracked 
|  11|0x0000000080b00000, 0x0000000080b00000, 0x0000000080c00000|  0%| F|  |TAMS 0x0000000080b00000, 0x0000000080b00000| Untracked 
|  12|0x0000000080c00000, 0x0000000080c00000, 0x0000000080d00000|  0%| F|  |TAMS 0x0000000080c00000, 0x0000000080c00000| Untracked 
|  13|0x0000000080d00000, 0x0000000080d00000, 0x0000000080e00000|  0%| F|  |TAMS 0x0000000080d00000, 0x0000000080d00000| Untracked 
|  14|0x0000000080e00000, 0x0000000080e00000, 0x0000000080f00000|  0%| F|  |TAMS 0x0000000080e00000, 0x0000000080e00000| Untracked 
|  15|0x0000000080f00000, 0x0000000080f00000, 0x0000000081000000|  0%| F|  |TAMS 0x0000000080f00000, 0x0000000080f00000| Untracked 
|  16|0x0000000081000000, 0x0000000081000000, 0x0000000081100000|  0%| F|  |TAMS 0x0000000081000000, 0x0000000081000000| Untracked 
|  17|0x0000000081100000, 0x0000000081100000, 0x0000000081200000|  0%| F|  |TAMS 0x0000000081100000, 0x0000000081100000| Untracked 
|  18|0x0000000081200000, 0x0000000081200000, 0x0000000081300000|  0%| F|  |TAMS 0x0000000081200000, 0x0000000081200000| Untracked 
|  19|0x0000000081300000, 0x0000000081300000, 0x0000000081400000|  0%| F|  |TAMS 0x0000000081300000, 0x0000000081300000| Untracked 
|  20|0x0000000081400000, 0x0000000081400000, 0x0000000081500000|  0%| F|  |TAMS 0x0000000081400000, 0x0000000081400000| Untracked 
|  21|0x0000000081500000, 0x0000000081500000, 0x0000000081600000|  0%| F|  |TAMS 0x0000000081500000, 0x0000000081500000| Untracked 
|  22|0x0000000081600000, 0x0000000081600000, 0x0000000081700000|  0%| F|  |TAMS 0x0000000081600000, 0x0000000081600000| Untracked 
|  23|0x0000000081700000, 0x0000000081700000, 0x0000000081800000|  0%| F|  |TAMS 0x0000000081700000, 0x0000000081700000| Untracked 
|  24|0x0000000081800000, 0x0000000081800000, 0x0000000081900000|  0%| F|  |TAMS 0x0000000081800000, 0x0000000081800000| Untracked 
|  25|0x0000000081900000, 0x0000000081900000, 0x0000000081a00000|  0%| F|  |TAMS 0x0000000081900000, 0x0000000081900000| Untracked 
|  26|0x0000000081a00000, 0x0000000081a00000, 0x0000000081b00000|  0%| F|  |TAMS 0x0000000081a00000, 0x0000000081a00000| Untracked 
|  27|0x0000000081b00000, 0x0000000081b00000, 0x0000000081c00000|  0%| F|  |TAMS 0x0000000081b00000, 0x0000000081b00000| Untracked 
|  28|0x0000000081c00000, 0x0000000081c00000, 0x0000000081d00000|  0%| F|  |TAMS 0x0000000081c00000, 0x0000000081c00000| Untracked 
|  29|0x0000000081d00000, 0x0000000081d00000, 0x0000000081e00000|  0%| F|  |TAMS 0x0000000081d00000, 0x0000000081d00000| Untracked 
|  30|0x0000000081e00000, 0x0000000081e00000, 0x0000000081f00000|  0%| F|  |TAMS 0x0000000081e00000, 0x0000000081e00000| Untracked 
|  31|0x0000000081f00000, 0x0000000081f00000, 0x0000000082000000|  0%| F|  |TAMS 0x0000000081f00000, 0x0000000081f00000| Untracked 
|  32|0x0000000082000000, 0x0000000082000000, 0x0000000082100000|  0%| F|  |TAMS 0x0000000082000000, 0x0000000082000000| Untracked 
|  33|0x0000000082100000, 0x0000000082100000, 0x0000000082200000|  0%| F|  |TAMS 0x0000000082100000, 0x0000000082100000| Untracked 
|  34|0x0000000082200000, 0x0000000082200000, 0x0000000082300000|  0%| F|  |TAMS 0x0000000082200000, 0x0000000082200000| Untracked 
|  35|0x0000000082300000, 0x0000000082300000, 0x0000000082400000|  0%| F|  |TAMS 0x0000000082300000, 0x0000000082300000| Untracked 
|  36|0x0000000082400000, 0x0000000082400000, 0x0000000082500000|  0%| F|  |TAMS 0x0000000082400000, 0x0000000082400000| Untracked 
|  37|0x0000000082500000, 0x0000000082500000, 0x0000000082600000|  0%| F|  |TAMS 0x0000000082500000, 0x0000000082500000| Untracked 
|  38|0x0000000082600000, 0x0000000082600000, 0x0000000082700000|  0%| F|  |TAMS 0x0000000082600000, 0x0000000082600000| Untracked 
|  39|0x0000000082700000, 0x0000000082700000, 0x0000000082800000|  0%| F|  |TAMS 0x0000000082700000, 0x0000000082700000| Untracked 
|  40|0x0000000082800000, 0x0000000082800000, 0x0000000082900000|  0%| F|  |TAMS 0x0000000082800000, 0x0000000082800000| Untracked 
|  41|0x0000000082900000, 0x0000000082900000, 0x0000000082a00000|  0%| F|  |TAMS 0x0000000082900000, 0x0000000082900000| Untracked 
|  42|0x0000000082a00000, 0x0000000082a00000, 0x0000000082b00000|  0%| F|  |TAMS 0x0000000082a00000, 0x0000000082a00000| Untracked 
|  43|0x0000000082b00000, 0x0000000082b00000, 0x0000000082c00000|  0%| F|  |TAMS 0x0000000082b00000, 0x0000000082b00000| Untracked 
|  44|0x0000000082c00000, 0x0000000082c00000, 0x0000000082d00000|  0%| F|  |TAMS 0x0000000082c00000, 0x0000000082c00000| Untracked 
|  45|0x0000000082d00000, 0x0000000082d00000, 0x0000000082e00000|  0%| F|  |TAMS 0x0000000082d00000, 0x0000000082d00000| Untracked 
|  46|0x0000000082e00000, 0x0000000082e00000, 0x0000000082f00000|  0%| F|  |TAMS 0x0000000082e00000, 0x0000000082e00000| Untracked 
|  47|0x0000000082f00000, 0x0000000082f00000, 0x0000000083000000|  0%| F|  |TAMS 0x0000000082f00000, 0x0000000082f00000| Untracked 
|  48|0x0000000083000000, 0x0000000083000000, 0x0000000083100000|  0%| F|  |TAMS 0x0000000083000000, 0x0000000083000000| Untracked 
|  49|0x0000000083100000, 0x0000000083100000, 0x0000000083200000|  0%| F|  |TAMS 0x0000000083100000, 0x0000000083100000| Untracked 
|  50|0x0000000083200000, 0x0000000083200000, 0x0000000083300000|  0%| F|  |TAMS 0x0000000083200000, 0x0000000083200000| Untracked 
|  51|0x0000000083300000, 0x0000000083300000, 0x0000000083400000|  0%| F|  |TAMS 0x0000000083300000, 0x0000000083300000| Untracked 
|  52|0x0000000083400000, 0x0000000083400000, 0x0000000083500000|  0%| F|  |TAMS 0x0000000083400000, 0x0000000083400000| Untracked 
|  53|0x0000000083500000, 0x0000000083500000, 0x0000000083600000|  0%| F|  |TAMS 0x0000000083500000, 0x0000000083500000| Untracked 
|  54|0x0000000083600000, 0x0000000083600000, 0x0000000083700000|  0%| F|  |TAMS 0x0000000083600000, 0x0000000083600000| Untracked 
|  55|0x0000000083700000, 0x0000000083700000, 0x0000000083800000|  0%| F|  |TAMS 0x0000000083700000, 0x0000000083700000| Untracked 
|  56|0x0000000083800000, 0x0000000083800000, 0x0000000083900000|  0%| F|  |TAMS 0x0000000083800000, 0x0000000083800000| Untracked 
|  57|0x0000000083900000, 0x0000000083900000, 0x0000000083a00000|  0%| F|  |TAMS 0x0000000083900000, 0x0000000083900000| Untracked 
|  58|0x0000000083a00000, 0x0000000083a00000, 0x0000000083b00000|  0%| F|  |TAMS 0x0000000083a00000, 0x0000000083a00000| Untracked 
|  59|0x0000000083b00000, 0x0000000083b00000, 0x0000000083c00000|  0%| F|  |TAMS 0x0000000083b00000, 0x0000000083b00000| Untracked 
|  60|0x0000000083c00000, 0x0000000083c00000, 0x0000000083d00000|  0%| F|  |TAMS 0x0000000083c00000, 0x0000000083c00000| Untracked 
|  61|0x0000000083d00000, 0x0000000083d00000, 0x0000000083e00000|  0%| F|  |TAMS 0x0000000083d00000, 0x0000000083d00000| Untracked 
|  62|0x0000000083e00000, 0x0000000083e00000, 0x0000000083f00000|  0%| F|  |TAMS 0x0000000083e00000, 0x0000000083e00000| Untracked 
|  63|0x0000000083f00000, 0x0000000083f00000, 0x0000000084000000|  0%| F|  |TAMS 0x0000000083f00000, 0x0000000083f00000| Untracked 
|  64|0x0000000084000000, 0x0000000084000000, 0x0000000084100000|  0%| F|  |TAMS 0x0000000084000000, 0x0000000084000000| Untracked 
|  65|0x0000000084100000, 0x0000000084100000, 0x0000000084200000|  0%| F|  |TAMS 0x0000000084100000, 0x0000000084100000| Untracked 
|  66|0x0000000084200000, 0x0000000084200000, 0x0000000084300000|  0%| F|  |TAMS 0x0000000084200000, 0x0000000084200000| Untracked 
|  67|0x0000000084300000, 0x0000000084300000, 0x0000000084400000|  0%| F|  |TAMS 0x0000000084300000, 0x0000000084300000| Untracked 
|  68|0x0000000084400000, 0x0000000084400000, 0x0000000084500000|  0%| F|  |TAMS 0x0000000084400000, 0x0000000084400000| Untracked 
|  69|0x0000000084500000, 0x0000000084500000, 0x0000000084600000|  0%| F|  |TAMS 0x0000000084500000, 0x0000000084500000| Untracked 
|  70|0x0000000084600000, 0x0000000084600000, 0x0000000084700000|  0%| F|  |TAMS 0x0000000084600000, 0x0000000084600000| Untracked 
|  71|0x0000000084700000, 0x0000000084700000, 0x0000000084800000|  0%| F|  |TAMS 0x0000000084700000, 0x0000000084700000| Untracked 
|  72|0x0000000084800000, 0x0000000084800000, 0x0000000084900000|  0%| F|  |TAMS 0x0000000084800000, 0x0000000084800000| Untracked 
|  73|0x0000000084900000, 0x0000000084900000, 0x0000000084a00000|  0%| F|  |TAMS 0x0000000084900000, 0x0000000084900000| Untracked 
|  74|0x0000000084a00000, 0x0000000084a00000, 0x0000000084b00000|  0%| F|  |TAMS 0x0000000084a00000, 0x0000000084a00000| Untracked 
|  75|0x0000000084b00000, 0x0000000084b00000, 0x0000000084c00000|  0%| F|  |TAMS 0x0000000084b00000, 0x0000000084b00000| Untracked 
|  76|0x0000000084c00000, 0x0000000084c00000, 0x0000000084d00000|  0%| F|  |TAMS 0x0000000084c00000, 0x0000000084c00000| Untracked 
|  77|0x0000000084d00000, 0x0000000084d00000, 0x0000000084e00000|  0%| F|  |TAMS 0x0000000084d00000, 0x0000000084d00000| Untracked 
|  78|0x0000000084e00000, 0x0000000084e00000, 0x0000000084f00000|  0%| F|  |TAMS 0x0000000084e00000, 0x0000000084e00000| Untracked 
|  79|0x0000000084f00000, 0x0000000084f00000, 0x0000000085000000|  0%| F|  |TAMS 0x0000000084f00000, 0x0000000084f00000| Untracked 
|  80|0x0000000085000000, 0x0000000085000000, 0x0000000085100000|  0%| F|  |TAMS 0x0000000085000000, 0x0000000085000000| Untracked 
|  81|0x0000000085100000, 0x0000000085100000, 0x0000000085200000|  0%| F|  |TAMS 0x0000000085100000, 0x0000000085100000| Untracked 
|  82|0x0000000085200000, 0x0000000085200000, 0x0000000085300000|  0%| F|  |TAMS 0x0000000085200000, 0x0000000085200000| Untracked 
|  83|0x0000000085300000, 0x0000000085300000, 0x0000000085400000|  0%| F|  |TAMS 0x0000000085300000, 0x0000000085300000| Untracked 
|  84|0x0000000085400000, 0x0000000085400000, 0x0000000085500000|  0%| F|  |TAMS 0x0000000085400000, 0x0000000085400000| Untracked 
|  85|0x0000000085500000, 0x0000000085500000, 0x0000000085600000|  0%| F|  |TAMS 0x0000000085500000, 0x0000000085500000| Untracked 
|  86|0x0000000085600000, 0x0000000085600000, 0x0000000085700000|  0%| F|  |TAMS 0x0000000085600000, 0x0000000085600000| Untracked 
|  87|0x0000000085700000, 0x0000000085700000, 0x0000000085800000|  0%| F|  |TAMS 0x0000000085700000, 0x0000000085700000| Untracked 
|  88|0x0000000085800000, 0x0000000085800000, 0x0000000085900000|  0%| F|  |TAMS 0x0000000085800000, 0x0000000085800000| Untracked 
|  89|0x0000000085900000, 0x0000000085900000, 0x0000000085a00000|  0%| F|  |TAMS 0x0000000085900000, 0x0000000085900000| Untracked 
|  90|0x0000000085a00000, 0x0000000085a00000, 0x0000000085b00000|  0%| F|  |TAMS 0x0000000085a00000, 0x0000000085a00000| Untracked 
|  91|0x0000000085b00000, 0x0000000085b00000, 0x0000000085c00000|  0%| F|  |TAMS 0x0000000085b00000, 0x0000000085b00000| Untracked 
|  92|0x0000000085c00000, 0x0000000085c00000, 0x0000000085d00000|  0%| F|  |TAMS 0x0000000085c00000, 0x0000000085c00000| Untracked 
|  93|0x0000000085d00000, 0x0000000085d00000, 0x0000000085e00000|  0%| F|  |TAMS 0x0000000085d00000, 0x0000000085d00000| Untracked 
|  94|0x0000000085e00000, 0x0000000085e00000, 0x0000000085f00000|  0%| F|  |TAMS 0x0000000085e00000, 0x0000000085e00000| Untracked 
|  95|0x0000000085f00000, 0x0000000085f00000, 0x0000000086000000|  0%| F|  |TAMS 0x0000000085f00000, 0x0000000085f00000| Untracked 
|  96|0x0000000086000000, 0x0000000086000000, 0x0000000086100000|  0%| F|  |TAMS 0x0000000086000000, 0x0000000086000000| Untracked 
|  97|0x0000000086100000, 0x0000000086100000, 0x0000000086200000|  0%| F|  |TAMS 0x0000000086100000, 0x0000000086100000| Untracked 
|  98|0x0000000086200000, 0x0000000086200000, 0x0000000086300000|  0%| F|  |TAMS 0x0000000086200000, 0x0000000086200000| Untracked 
|  99|0x0000000086300000, 0x0000000086300000, 0x0000000086400000|  0%| F|  |TAMS 0x0000000086300000, 0x0000000086300000| Untracked 
| 100|0x0000000086400000, 0x0000000086400000, 0x0000000086500000|  0%| F|  |TAMS 0x0000000086400000, 0x0000000086400000| Untracked 
| 101|0x0000000086500000, 0x000000008655e980, 0x0000000086600000| 36%| S|CS|TAMS 0x0000000086500000, 0x0000000086500000| Complete 
| 102|0x0000000086600000, 0x0000000086700000, 0x0000000086700000|100%| S|CS|TAMS 0x0000000086600000, 0x0000000086600000| Complete 
| 103|0x0000000086700000, 0x0000000086800000, 0x0000000086800000|100%| S|CS|TAMS 0x0000000086700000, 0x0000000086700000| Complete 
| 104|0x0000000086800000, 0x0000000086800000, 0x0000000086900000|  0%| F|  |TAMS 0x0000000086800000, 0x0000000086800000| Untracked 
| 105|0x0000000086900000, 0x0000000086900000, 0x0000000086a00000|  0%| F|  |TAMS 0x0000000086900000, 0x0000000086900000| Untracked 
| 106|0x0000000086a00000, 0x0000000086a00000, 0x0000000086b00000|  0%| F|  |TAMS 0x0000000086a00000, 0x0000000086a00000| Untracked 
| 107|0x0000000086b00000, 0x0000000086b00000, 0x0000000086c00000|  0%| F|  |TAMS 0x0000000086b00000, 0x0000000086b00000| Untracked 
| 108|0x0000000086c00000, 0x0000000086c00000, 0x0000000086d00000|  0%| F|  |TAMS 0x0000000086c00000, 0x0000000086c00000| Untracked 
| 109|0x0000000086d00000, 0x0000000086d00000, 0x0000000086e00000|  0%| F|  |TAMS 0x0000000086d00000, 0x0000000086d00000| Untracked 
| 110|0x0000000086e00000, 0x0000000086e00000, 0x0000000086f00000|  0%| F|  |TAMS 0x0000000086e00000, 0x0000000086e00000| Untracked 
| 111|0x0000000086f00000, 0x0000000086f00000, 0x0000000087000000|  0%| F|  |TAMS 0x0000000086f00000, 0x0000000086f00000| Untracked 
| 112|0x0000000087000000, 0x0000000087000000, 0x0000000087100000|  0%| F|  |TAMS 0x0000000087000000, 0x0000000087000000| Untracked 
| 113|0x0000000087100000, 0x0000000087100000, 0x0000000087200000|  0%| F|  |TAMS 0x0000000087100000, 0x0000000087100000| Untracked 
| 114|0x0000000087200000, 0x0000000087200000, 0x0000000087300000|  0%| F|  |TAMS 0x0000000087200000, 0x0000000087200000| Untracked 
| 115|0x0000000087300000, 0x0000000087300000, 0x0000000087400000|  0%| F|  |TAMS 0x0000000087300000, 0x0000000087300000| Untracked 
| 116|0x0000000087400000, 0x0000000087400000, 0x0000000087500000|  0%| F|  |TAMS 0x0000000087400000, 0x0000000087400000| Untracked 
| 117|0x0000000087500000, 0x0000000087500000, 0x0000000087600000|  0%| F|  |TAMS 0x0000000087500000, 0x0000000087500000| Untracked 
| 118|0x0000000087600000, 0x0000000087600000, 0x0000000087700000|  0%| F|  |TAMS 0x0000000087600000, 0x0000000087600000| Untracked 
| 119|0x0000000087700000, 0x0000000087700000, 0x0000000087800000|  0%| F|  |TAMS 0x0000000087700000, 0x0000000087700000| Untracked 
| 120|0x0000000087800000, 0x0000000087800000, 0x0000000087900000|  0%| F|  |TAMS 0x0000000087800000, 0x0000000087800000| Untracked 
| 121|0x0000000087900000, 0x0000000087900000, 0x0000000087a00000|  0%| F|  |TAMS 0x0000000087900000, 0x0000000087900000| Untracked 
| 122|0x0000000087a00000, 0x0000000087a00000, 0x0000000087b00000|  0%| F|  |TAMS 0x0000000087a00000, 0x0000000087a00000| Untracked 
| 123|0x0000000087b00000, 0x0000000087b00000, 0x0000000087c00000|  0%| F|  |TAMS 0x0000000087b00000, 0x0000000087b00000| Untracked 
| 124|0x0000000087c00000, 0x0000000087c00000, 0x0000000087d00000|  0%| F|  |TAMS 0x0000000087c00000, 0x0000000087c00000| Untracked 
| 125|0x0000000087d00000, 0x0000000087d00000, 0x0000000087e00000|  0%| F|  |TAMS 0x0000000087d00000, 0x0000000087d00000| Untracked 
| 126|0x0000000087e00000, 0x0000000087e00000, 0x0000000087f00000|  0%| F|  |TAMS 0x0000000087e00000, 0x0000000087e00000| Untracked 
| 127|0x0000000087f00000, 0x0000000087f00000, 0x0000000088000000|  0%| F|  |TAMS 0x0000000087f00000, 0x0000000087f00000| Untracked 

Card table byte_map: [0x000001a8b6040000,0x000001a8b6440000] _byte_map_base: 0x000001a8b5c40000

Marking Bits (Prev, Next): (CMBitMap*) 0x000001a89f9dae48, (CMBitMap*) 0x000001a89f9dae80
 Prev Bits: [0x000001a8b6840000, 0x000001a8b8840000)
 Next Bits: [0x000001a8b8840000, 0x000001a8ba840000)

Polling page: 0x000001a89d7b0000

Metaspace:

Usage:
  Non-class:     14.63 MB capacity,    14.43 MB ( 99%) used,   173.59 KB (  1%) free+waste,    32.44 KB ( <1%) overhead. 
      Class:      1.78 MB capacity,     1.65 MB ( 92%) used,   124.53 KB (  7%) free+waste,    16.00 KB ( <1%) overhead. 
       Both:     16.41 MB capacity,    16.07 MB ( 98%) used,   298.12 KB (  2%) free+waste,    48.44 KB ( <1%) overhead. 

Virtual space:
  Non-class space:       16.00 MB reserved,      14.75 MB ( 92%) committed 
      Class space:        1.00 GB reserved,       1.88 MB ( <1%) committed 
             Both:        1.02 GB reserved,      16.63 MB (  2%) committed 

Chunk freelists:
   Non-Class:  0 bytes
       Class:  3.63 KB
        Both:  3.63 KB

CodeHeap 'non-profiled nmethods': size=120064Kb used=594Kb max_used=594Kb free=119469Kb
 bounds [0x000001a8aeb00000, 0x000001a8aed70000, 0x000001a8b6040000]
CodeHeap 'profiled nmethods': size=120000Kb used=3188Kb max_used=3188Kb free=116811Kb
 bounds [0x000001a8a75d0000, 0x000001a8a78f0000, 0x000001a8aeb00000]
CodeHeap 'non-nmethods': size=5696Kb used=1103Kb max_used=1120Kb free=4592Kb
 bounds [0x000001a8a7040000, 0x000001a8a72b0000, 0x000001a8a75d0000]
 total_blobs=1955 nmethods=1553 adapters=314
 compilation: enabled
              stopped_count=0, restarted_count=0
 full_count=0

Compilation events (10 events):
Event: 2.459 Thread 0x000001a8bd47f800 1552       3       java.lang.ProcessEnvironment::nonNullString (17 bytes)
Event: 2.459 Thread 0x000001a8bd47f800 nmethod 1552 0x000001a8a78e9590 code [0x000001a8a78e9740, 0x000001a8a78e99e8]
Event: 2.459 Thread 0x000001a8bd47f800 1553       3       org.springframework.boot.context.properties.source.ConfigurationPropertyName$ElementsParser::updateType (109 bytes)
Event: 2.461 Thread 0x000001a8bd47f800 nmethod 1553 0x000001a8a78e9b10 code [0x000001a8a78e9da0, 0x000001a8a78eae98]
Event: 2.461 Thread 0x000001a8bd47f800 1554       3       org.springframework.boot.context.properties.source.SpringConfigurationPropertySources$SourcesIterator::fetchNext (138 bytes)
Event: 2.462 Thread 0x000001a8bd47f800 nmethod 1554 0x000001a8a78eb190 code [0x000001a8a78eb4c0, 0x000001a8a78ecb68]
Event: 2.462 Thread 0x000001a8bd47f800 1555       3       java.util.ArrayDeque::isEmpty (17 bytes)
Event: 2.462 Thread 0x000001a8bd47f800 nmethod 1555 0x000001a8a78ed010 code [0x000001a8a78ed1a0, 0x000001a8a78ed2f8]
Event: 2.463 Thread 0x000001a8bd47f800 1556       1       java.util.Collections$EmptyIterator::hasNext (2 bytes)
Event: 2.463 Thread 0x000001a8bd47f800 nmethod 1556 0x000001a8aeb94590 code [0x000001a8aeb94720, 0x000001a8aeb947d8]

GC Heap History (9 events):
Event: 0.629 GC heap before
{Heap before GC invocations=0 (full 0):
 garbage-first heap   total 131072K, used 6144K [0x0000000080000000, 0x0000000100000000)
  region size 1024K, 7 young (7168K), 0 survivors (0K)
 Metaspace       used 5885K, capacity 5947K, committed 6272K, reserved 1056768K
  class space    used 500K, capacity 534K, committed 640K, reserved 1048576K
}
Event: 0.636 GC heap after
{Heap after GC invocations=1 (full 0):
 garbage-first heap   total 131072K, used 3761K [0x0000000080000000, 0x0000000100000000)
  region size 1024K, 1 young (1024K), 1 survivors (1024K)
 Metaspace       used 5885K, capacity 5947K, committed 6272K, reserved 1056768K
  class space    used 500K, capacity 534K, committed 640K, reserved 1048576K
}
Event: 1.078 GC heap before
{Heap before GC invocations=1 (full 0):
 garbage-first heap   total 131072K, used 7857K [0x0000000080000000, 0x0000000100000000)
  region size 1024K, 6 young (6144K), 1 survivors (1024K)
 Metaspace       used 7904K, capacity 8019K, committed 8192K, reserved 1056768K
  class space    used 699K, capacity 734K, committed 768K, reserved 1048576K
}
Event: 1.084 GC heap after
{Heap after GC invocations=2 (full 0):
 garbage-first heap   total 131072K, used 5655K [0x0000000080000000, 0x0000000100000000)
  region size 1024K, 1 young (1024K), 1 survivors (1024K)
 Metaspace       used 7904K, capacity 8019K, committed 8192K, reserved 1056768K
  class space    used 699K, capacity 734K, committed 768K, reserved 1048576K
}
Event: 1.488 GC heap before
{Heap before GC invocations=2 (full 0):
 garbage-first heap   total 131072K, used 16919K [0x0000000080000000, 0x0000000100000000)
  region size 1024K, 12 young (12288K), 1 survivors (1024K)
 Metaspace       used 10674K, capacity 10831K, committed 11136K, reserved 1058816K
  class space    used 993K, capacity 1054K, committed 1152K, reserved 1048576K
}
Event: 1.493 GC heap after
{Heap after GC invocations=3 (full 0):
 garbage-first heap   total 131072K, used 6969K [0x0000000080000000, 0x0000000100000000)
  region size 1024K, 2 young (2048K), 2 survivors (2048K)
 Metaspace       used 10674K, capacity 10831K, committed 11136K, reserved 1058816K
  class space    used 993K, capacity 1054K, committed 1152K, reserved 1048576K
}
Event: 1.859 GC heap before
{Heap before GC invocations=3 (full 0):
 garbage-first heap   total 131072K, used 22329K [0x0000000080000000, 0x0000000100000000)
  region size 1024K, 17 young (17408K), 2 survivors (2048K)
 Metaspace       used 12216K, capacity 12419K, committed 12544K, reserved 1060864K
  class space    used 1176K, capacity 1270K, committed 1280K, reserved 1048576K
}
Event: 1.864 GC heap after
{Heap after GC invocations=4 (full 0):
 garbage-first heap   total 131072K, used 7378K [0x0000000080000000, 0x0000000100000000)
  region size 1024K, 2 young (2048K), 2 survivors (2048K)
 Metaspace       used 12216K, capacity 12419K, committed 12544K, reserved 1060864K
  class space    used 1176K, capacity 1270K, committed 1280K, reserved 1048576K
}
Event: 2.470 GC heap before
{Heap before GC invocations=4 (full 0):
 garbage-first heap   total 131072K, used 29906K [0x0000000080000000, 0x0000000100000000)
  region size 1024K, 24 young (24576K), 2 survivors (2048K)
 Metaspace       used 16459K, capacity 16806K, committed 17024K, reserved 1064960K
  class space    used 1686K, capacity 1827K, committed 1920K, reserved 1048576K
}

Deoptimization events (10 events):
Event: 1.437 Thread 0x000001a89f99e000 Uncommon trap: reason=class_check action=maybe_recompile pc=0x000001a8aeb36aac method=java.util.HashMap.putVal(ILjava/lang/Object;Ljava/lang/Object;ZZ)Ljava/lang/Object; @ 91 c2
Event: 1.438 Thread 0x000001a89f99e000 Uncommon trap: reason=class_check action=maybe_recompile pc=0x000001a8aeb36aac method=java.util.HashMap.putVal(ILjava/lang/Object;Ljava/lang/Object;ZZ)Ljava/lang/Object; @ 91 c2
Event: 1.438 Thread 0x000001a89f99e000 Uncommon trap: reason=class_check action=maybe_recompile pc=0x000001a8aeb36aac method=java.util.HashMap.putVal(ILjava/lang/Object;Ljava/lang/Object;ZZ)Ljava/lang/Object; @ 91 c2
Event: 1.527 Thread 0x000001a89f99e000 Uncommon trap: reason=unstable_if action=reinterpret pc=0x000001a8aeb4c8a0 method=java.util.HashMap.getNode(ILjava/lang/Object;)Ljava/util/HashMap$Node; @ 62 c2
Event: 1.685 Thread 0x000001a89f99e000 Uncommon trap: reason=unstable_if action=reinterpret pc=0x000001a8aeb2aa4c method=java.util.jar.Manifest$FastInputStream.readLine([BII)I @ 130 c2
Event: 1.721 Thread 0x000001a89f99e000 Uncommon trap: reason=unstable_if action=reinterpret pc=0x000001a8aeb5c29c method=java.util.jar.Attributes$Name.hash(Ljava/lang/String;)I @ 89 c2
Event: 1.813 Thread 0x000001a8bea2d000 Uncommon trap: reason=speculate_null_assert action=make_not_entrant pc=0x000001a8aeb4b77c method=jdk.internal.loader.URLClassPath.getLoader(I)Ljdk/internal/loader/URLClassPath$Loader; @ 41 c2
Event: 1.814 Thread 0x000001a8bea2d000 Uncommon trap: reason=unstable_if action=reinterpret pc=0x000001a8aeb57388 method=java.io.WinNTFileSystem.normalize(Ljava/lang/String;)Ljava/lang/String; @ 128 c2
Event: 2.055 Thread 0x000001a8bea2d000 Uncommon trap: reason=unstable_if action=reinterpret pc=0x000001a8aeb5baf4 method=java.util.HashMap.hash(Ljava/lang/Object;)I @ 1 c2
Event: 2.431 Thread 0x000001a8bea2d000 Uncommon trap: reason=unstable_if action=reinterpret pc=0x000001a8aeb90f78 method=org.springframework.boot.context.properties.source.ConfigurationPropertyName$ElementsParser.updateType(Lorg/springframework/boot/context/properties/source/ConfigurationPrope

Classes redefined (0 events):
No events

Internal exceptions (10 events):
Event: 2.178 Thread 0x000001a8bea2d000 Exception <a 'java/lang/NoSuchMethodError'{0x00000000873d6990}: java.lang.invoke.DirectMethodHandle$Holder.invokeSpecial(Ljava/lang/Object;Ljava/lang/Object;Ljava/lang/Object;Ljava/lang/Object;)I> (0x00000000873d6990) thrown at [./open/src/hotspot/share/i
Event: 2.204 Thread 0x000001a8bea2d000 Exception <a 'java/lang/NoSuchMethodError'{0x0000000087261cb0}: java.lang.invoke.DirectMethodHandle$Holder.invokeInterface(Ljava/lang/Object;Ljava/lang/Object;Ljava/lang/Object;)Ljava/lang/Object;> (0x0000000087261cb0) thrown at [./open/src/hotspot/share/
Event: 2.205 Thread 0x000001a8bea2d000 Exception <a 'java/lang/IncompatibleClassChangeError'{0x0000000087264e90}: Found class java.lang.Object, but interface was expected> (0x0000000087264e90) thrown at [./open/src/hotspot/share/interpreter/linkResolver.cpp, line 838]
Event: 2.207 Thread 0x000001a8bea2d000 Exception <a 'java/lang/NoSuchMethodError'{0x000000008727ca30}: java.lang.invoke.DirectMethodHandle$Holder.invokeSpecialIFC(Ljava/lang/Object;Ljava/lang/Object;I)I> (0x000000008727ca30) thrown at [./open/src/hotspot/share/interpreter/linkResolver.cpp, lin
Event: 2.240 Thread 0x000001a8bea2d000 Exception <a 'java/lang/NoSuchMethodError'{0x00000000871ec418}: java.lang.invoke.DirectMethodHandle$Holder.invokeSpecial(Ljava/lang/Object;Ljava/lang/Object;Ljava/lang/Object;Ljava/lang/Object;)V> (0x00000000871ec418) thrown at [./open/src/hotspot/share/i
Event: 2.278 Thread 0x000001a8bea2d000 Exception <a 'java/lang/NoSuchMethodError'{0x0000000086fff470}: java.lang.invoke.Invokers$Holder.linkToTargetMethod(Ljava/lang/Object;Ljava/lang/Object;Ljava/lang/Object;Ljava/lang/Object;Ljava/lang/Object;Ljava/lang/Object;)Ljava/lang/Object;> (0x0000000
Event: 2.285 Thread 0x000001a8bea2d000 Exception <a 'java/lang/NoSuchMethodError'{0x0000000086c38a00}: java.lang.invoke.DelegatingMethodHandle$Holder.delegate(Ljava/lang/Object;Ljava/lang/Object;ILjava/lang/Object;)V> (0x0000000086c38a00) thrown at [./open/src/hotspot/share/interpreter/linkRes
Event: 2.431 Thread 0x000001a8bea2d000 Exception <a 'java/lang/NoSuchMethodError'{0x000000008694bba0}: java.lang.invoke.DirectMethodHandle$Holder.invokeSpecial(Ljava/lang/Object;Ljava/lang/Object;Ljava/lang/Object;Ljava/lang/Object;Ljava/lang/Object;Ljava/lang/Object;I)Ljava/lang/Object;> (0x0
Event: 2.432 Thread 0x000001a8bea2d000 Exception <a 'java/lang/NoSuchMethodError'{0x00000000869552d8}: java.lang.invoke.DirectMethodHandle$Holder.invokeStatic(Ljava/lang/Object;Ljava/lang/Object;Ljava/lang/Object;Ljava/lang/Object;Ljava/lang/Object;Ljava/lang/Object;I)Ljava/lang/Object;> (0x00
Event: 2.432 Thread 0x000001a8bea2d000 Exception <a 'java/lang/NoSuchMethodError'{0x0000000086959368}: java.lang.invoke.DirectMethodHandle$Holder.invokeSpecial(Ljava/lang/Object;Ljava/lang/Object;Ljava/lang/Object;Ljava/lang/Object;Ljava/lang/Object;Ljava/lang/Object;Ljava/lang/Object;I)Ljava/

Events (10 events):
Event: 2.468 loading class org/springframework/boot/context/properties/bind/Binder done
Event: 2.469 loading class org/springframework/boot/context/properties/bind/Binder
Event: 2.469 loading class org/springframework/boot/context/properties/bind/Binder done
Event: 2.469 loading class org/springframework/boot/context/config/ConfigDataEnvironment
Event: 2.469 loading class org/springframework/boot/context/config/ConfigDataEnvironment done
Event: 2.469 loading class org/springframework/boot/BootstrapContext
Event: 2.469 loading class org/springframework/boot/BootstrapContext done
Event: 2.469 loading class org/springframework/boot/context/config/ConfigDataEnvironmentContributor$ContributorIterator
Event: 2.469 loading class org/springframework/boot/context/config/ConfigDataEnvironmentContributor$ContributorIterator done
Event: 2.470 Executing VM operation: G1CollectForAllocation


Dynamic libraries:
0x00007ff779550000 - 0x00007ff77955f000 	C:\Program Files\Java\jdk-11.0.15\bin\java.exe
0x00007ffb3dcf0000 - 0x00007ffb3dee8000 	C:\Windows\SYSTEM32\ntdll.dll
0x00007ffb3bf90000 - 0x00007ffb3c04d000 	C:\Windows\System32\KERNEL32.DLL
0x00007ffb3b720000 - 0x00007ffb3b9ee000 	C:\Windows\System32\KERNELBASE.dll
0x00007ffb3b5d0000 - 0x00007ffb3b6d0000 	C:\Windows\System32\ucrtbase.dll
0x00007ffb27790000 - 0x00007ffb277a8000 	C:\Program Files\Java\jdk-11.0.15\bin\jli.dll
0x00007ffb3c140000 - 0x00007ffb3c1ee000 	C:\Windows\System32\ADVAPI32.dll
0x00007ffb3da80000 - 0x00007ffb3db1e000 	C:\Windows\System32\msvcrt.dll
0x00007ffb3be60000 - 0x00007ffb3befc000 	C:\Windows\System32\sechost.dll
0x00007ffb3d800000 - 0x00007ffb3d925000 	C:\Windows\System32\RPCRT4.dll
0x00007ffb3c730000 - 0x00007ffb3c8d0000 	C:\Windows\System32\USER32.dll
0x00007ffb3bb50000 - 0x00007ffb3bb72000 	C:\Windows\System32\win32u.dll
0x00007ffb3d620000 - 0x00007ffb3d64a000 	C:\Windows\System32\GDI32.dll
0x00007ffb3bc40000 - 0x00007ffb3bd4b000 	C:\Windows\System32\gdi32full.dll
0x00007ffb3b410000 - 0x00007ffb3b4ad000 	C:\Windows\System32\msvcp_win.dll
0x00007ffb27680000 - 0x00007ffb27695000 	C:\Program Files\Java\jdk-11.0.15\bin\VCRUNTIME140.dll
0x00007ffb3aa70000 - 0x00007ffb3ad0a000 	C:\Windows\WinSxS\amd64_microsoft.windows.common-controls_6595b64144ccf1df_6.0.19041.1110_none_60b5254171f9507e\COMCTL32.dll
0x00007ffb33300000 - 0x00007ffb3330a000 	C:\Windows\SYSTEM32\VERSION.dll
0x00007ffb3bd50000 - 0x00007ffb3bd80000 	C:\Windows\System32\IMM32.DLL
0x00007ffb275e0000 - 0x00007ffb2767b000 	C:\Program Files\Java\jdk-11.0.15\bin\msvcp140.dll
0x00007ffb26a40000 - 0x00007ffb27556000 	C:\Program Files\Java\jdk-11.0.15\bin\server\jvm.dll
0x00007ffb3da70000 - 0x00007ffb3da78000 	C:\Windows\System32\PSAPI.DLL
0x00007ffb27780000 - 0x00007ffb27789000 	C:\Windows\SYSTEM32\WSOCK32.dll
0x00007ffb2d490000 - 0x00007ffb2d4b7000 	C:\Windows\SYSTEM32\WINMM.dll
0x00007ffb3c1f0000 - 0x00007ffb3c25b000 	C:\Windows\System32\WS2_32.dll
0x00007ffb38ca0000 - 0x00007ffb38cb2000 	C:\Windows\SYSTEM32\kernel.appcore.dll
0x00007ffb27f30000 - 0x00007ffb27f40000 	C:\Program Files\Java\jdk-11.0.15\bin\verify.dll
0x00007ffb3adc0000 - 0x00007ffb3afa4000 	C:\Windows\SYSTEM32\DBGHELP.DLL
0x00007ffb3ad10000 - 0x00007ffb3ad3c000 	C:\Windows\SYSTEM32\dbgcore.DLL
0x00007ffb3bb80000 - 0x00007ffb3bc02000 	C:\Windows\System32\bcryptPrimitives.dll
0x00007ffb27f00000 - 0x00007ffb27f28000 	C:\Program Files\Java\jdk-11.0.15\bin\java.dll
0x00007ffb27ef0000 - 0x00007ffb27efa000 	C:\Program Files\Java\jdk-11.0.15\bin\jimage.dll
0x00007ffb35cd0000 - 0x00007ffb35cde000 	C:\Program Files\Java\jdk-11.0.15\bin\instrument.dll
0x00007ffb27ed0000 - 0x00007ffb27ee6000 	C:\Program Files\Java\jdk-11.0.15\bin\zip.dll
0x00007ffb3c980000 - 0x00007ffb3d0c4000 	C:\Windows\System32\SHELL32.dll
0x00007ffb38ea0000 - 0x00007ffb39634000 	C:\Windows\SYSTEM32\windows.storage.dll
0x00007ffb3d2c0000 - 0x00007ffb3d614000 	C:\Windows\System32\combase.dll
0x00007ffb3a640000 - 0x00007ffb3a670000 	C:\Windows\SYSTEM32\Wldp.dll
0x00007ffb3d1b0000 - 0x00007ffb3d25d000 	C:\Windows\System32\SHCORE.dll
0x00007ffb3c260000 - 0x00007ffb3c2b5000 	C:\Windows\System32\shlwapi.dll
0x00007ffb3b350000 - 0x00007ffb3b36f000 	C:\Windows\SYSTEM32\profapi.dll
0x00007ffb27e90000 - 0x00007ffb27ea9000 	C:\Program Files\Java\jdk-11.0.15\bin\net.dll
0x00007ffb32980000 - 0x00007ffb32a8a000 	C:\Windows\SYSTEM32\WINHTTP.dll
0x00007ffb3a420000 - 0x00007ffb3a48a000 	C:\Windows\system32\mswsock.dll
0x00007ffb27e70000 - 0x00007ffb27e82000 	C:\Program Files\Java\jdk-11.0.15\bin\nio.dll
0x00007ffb2b770000 - 0x00007ffb2b78a000 	C:\Program Files\JetBrains\IntelliJ IDEA Community Edition 2022.2.1\bin\breakgen64.dll
0x00007ffb278a0000 - 0x00007ffb278a9000 	C:\Program Files\Java\jdk-11.0.15\bin\management.dll
0x00007ffb27890000 - 0x00007ffb2789b000 	C:\Program Files\Java\jdk-11.0.15\bin\management_ext.dll
0x00007ffb3a130000 - 0x00007ffb3a16b000 	C:\Windows\SYSTEM32\IPHLPAPI.DLL
0x00007ffb3bf80000 - 0x00007ffb3bf88000 	C:\Windows\System32\NSI.dll
0x00007ffb33850000 - 0x00007ffb33867000 	C:\Windows\SYSTEM32\dhcpcsvc6.DLL
0x00007ffb33820000 - 0x00007ffb3383d000 	C:\Windows\SYSTEM32\dhcpcsvc.DLL
0x00007ffb3a170000 - 0x00007ffb3a23a000 	C:\Windows\SYSTEM32\DNSAPI.dll
0x00007ffb320c0000 - 0x00007ffb320ca000 	C:\Windows\System32\rasadhlp.dll
0x00007ffb32c00000 - 0x00007ffb32c80000 	C:\Windows\System32\fwpuclnt.dll
0x00007ffb3bc10000 - 0x00007ffb3bc37000 	C:\Windows\System32\bcrypt.dll

dbghelp: loaded successfully - version: 4.0.5 - missing functions: none
symbol engine: initialized successfully - sym options: 0x614 - pdb path: .;C:\Program Files\Java\jdk-11.0.15\bin;C:\Windows\SYSTEM32;C:\Windows\WinSxS\amd64_microsoft.windows.common-controls_6595b64144ccf1df_6.0.19041.1110_none_60b5254171f9507e;C:\Program Files\Java\jdk-11.0.15\bin\server;C:\Program Files\JetBrains\IntelliJ IDEA Community Edition 2022.2.1\bin

VM Arguments:
jvm_args: -javaagent:C:\Program Files\JetBrains\IntelliJ IDEA Community Edition 2022.2.1\lib\idea_rt.jar=50480:C:\Program Files\JetBrains\IntelliJ IDEA Community Edition 2022.2.1\bin -Dfile.encoding=UTF-8 
java_command: com.training.microservices.apigateway.ApiGatewayApplication
java_class_path (initial): C:\Users\sfjbs\Downloads\microservices-main\microservices-main\api-gateway\target\classes;C:\Users\sfjbs\.m2\repository\org\springframework\boot\spring-boot-starter-actuator\2.7.3\spring-boot-starter-actuator-2.7.3.jar;C:\Users\sfjbs\.m2\repository\org\springframework\boot\spring-boot-starter\2.4.1\spring-boot-starter-2.4.1.jar;C:\Users\sfjbs\.m2\repository\org\springframework\boot\spring-boot-starter-logging\2.4.1\spring-boot-starter-logging-2.4.1.jar;C:\Users\sfjbs\.m2\repository\ch\qos\logback\logback-classic\1.2.3\logback-classic-1.2.3.jar;C:\Users\sfjbs\.m2\repository\ch\qos\logback\logback-core\1.2.3\logback-core-1.2.3.jar;C:\Users\sfjbs\.m2\repository\org\apache\logging\log4j\log4j-to-slf4j\2.13.3\log4j-to-slf4j-2.13.3.jar;C:\Users\sfjbs\.m2\repository\org\apache\logging\log4j\log4j-api\2.13.3\log4j-api-2.13.3.jar;C:\Users\sfjbs\.m2\repository\org\slf4j\jul-to-slf4j\1.7.30\jul-to-slf4j-1.7.30.jar;C:\Users\sfjbs\.m2\repository\jakarta\annotation\jakarta.annotation-api\1.3.5\jakarta.annotation-api-1.3.5.jar;C:\Users\sfjbs\.m2\repository\org\yaml\snakeyaml\1.27\snakeyaml-1.27.jar;C:\Users\sfjbs\.m2\repository\org\springframework\boot\spring-boot-actuator-autoconfigure\2.4.1\spring-boot-actuator-autoconfigure-2.4.1.jar;C:\Users\sfjbs\.m2\repository\org\springframework\boot\spring-boot-actuator\2.4.1\spring-boot-actuator-2.4.1.jar;C:\Users\sfjbs\.m2\repository\com\fasterxml\jackson\datatype\jackson-datatype-jsr310\2.11.3\jackson-datatype-jsr310-2.11.3.jar;C:\Users\sfjbs\.m2\repository\io\micrometer\micrometer-core\1.6.2\micrometer-core-1.6.2.jar;C:\Users\sfjbs\.m2\repository\org\hdrhistogram\HdrHistogram\2.1.12\HdrHistogram-2.1.12.jar;C:\Users\sfjbs\.m2\repository\org\latencyutils\LatencyUtils\2.0.3\LatencyUtils-2.0.3.jar;C:\Users\sfjbs\.m2\repository\org\springframework\cloud\spring-cloud-starter-config\3.1.3\spring-cloud-starter-config-3.1.3.jar;C:\Users\sfjbs\.m2\repository\org\springframework\cloud\spring-cloud-starter\3.0.0\spring
Launcher Type: SUN_STANDARD

[Global flags]
     intx CICompilerCount                          = 2                                         {product} {ergonomic}
     uint ConcGCThreads                            = 1                                         {product} {ergonomic}
     uint G1ConcRefinementThreads                  = 2                                         {product} {ergonomic}
   size_t G1HeapRegionSize                         = 1048576                                   {product} {ergonomic}
    uintx GCDrainStackTargetSize                   = 64                                        {product} {ergonomic}
   size_t InitialHeapSize                          = 134217728                                 {product} {ergonomic}
   size_t MarkStackSize                            = 4194304                                   {product} {ergonomic}
   size_t MaxHeapSize                              = 2147483648                                {product} {ergonomic}
   size_t MaxNewSize                               = 1287651328                                {product} {ergonomic}
   size_t MinHeapDeltaBytes                        = 1048576                                   {product} {ergonomic}
    uintx NonNMethodCodeHeapSize                   = 5825164                                {pd product} {ergonomic}
    uintx NonProfiledCodeHeapSize                  = 122916538                              {pd product} {ergonomic}
    uintx ProfiledCodeHeapSize                     = 122916538                              {pd product} {ergonomic}
    uintx ReservedCodeCacheSize                    = 251658240                              {pd product} {ergonomic}
     bool SegmentedCodeCache                       = true                                      {product} {ergonomic}
     bool UseCompressedClassPointers               = true                                 {lp64_product} {ergonomic}
     bool UseCompressedOops                        = true                                 {lp64_product} {ergonomic}
     bool UseG1GC                                  = true                                      {product} {ergonomic}
     bool UseLargePagesIndividualAllocation        = false                                  {pd product} {ergonomic}

Logging:
Log output configuration:
 #0: stdout all=warning uptime,level,tags
 #1: stderr all=off uptime,level,tags

Environment Variables:
PATH=C:\Program Files\Common Files\Oracle\Java\javapath;C:\Windows\system32;C:\Windows;C:\Windows\System32\Wbem;C:\Windows\System32\WindowsPowerShell\v1.0\;C:\Windows\System32\OpenSSH\;C:\Program Files\PuTTY\;C:\Program Files\Git\cmd;C:\Program Files\Docker\Docker\resources\bin;C:\ProgramData\DockerDesktop\version-bin;C:\Users\sfjbs\Downloads\apache-maven-3.8.6-bin\apache-maven-3.8.6\bin;C:\Users\sfjbs\Downloads\apache-maven-3.8.6-bin\apache-maven-3.8.6\lib;C:\Users\sfjbs\AppData\Local\Microsoft\WindowsApps;C:\Program Files\JetBrains\IntelliJ IDEA Community Edition 2022.2.1\bin;;C:\Users\sfjbs\Downloads\apache-maven-3.8.6-bin\apache-maven-3.8.6\bin;C:\Users\sfjbs\Downloads\apache-maven-3.8.6-bin\apache-maven-3.8.6\lib;
USERNAME=sfjbs
OS=Windows_NT
PROCESSOR_IDENTIFIER=Intel64 Family 6 Model 85 Stepping 7, GenuineIntel



---------------  S Y S T E M  ---------------

OS: Windows 10 , 64 bit Build 19041 (10.0.19041.1889)
Hyper-V role detected

CPU:total 2 (initial active 2) (1 cores per cpu, 2 threads per core) family 6 model 85 stepping 7 microcode 0xffffffff, cmov, cx8, fxsr, mmx, sse, sse2, sse3, ssse3, sse4.1, sse4.2, popcnt, avx, avx2, aes, clmul, erms, rtm, 3dnowpref, lzcnt, ht, tsc, bmi1, bmi2, adx, evex, fma

Memory: 4k page, system-wide physical 8190M (1027M free)
TotalPageFile size 10238M (AvailPageFile size 6M)
current process WorkingSet (physical memory assigned to process): 97M, peak: 97M
current process commit charge ("private bytes"): 224M, peak: 249M

vm_info: Java HotSpot(TM) 64-Bit Server VM (11.0.15+8-LTS-149) for windows-amd64 JRE (11.0.15+8-LTS-149), built on Mar  9 2022 22:42:32 by "mach5one" with MS VC++ 15.9 (VS2017)

END.
