#
# There is insufficient memory for the Java Runtime Environment to continue.
# Native memory allocation (malloc) failed to allocate 239856 bytes for Chunk::new
# Possible reasons:
#   The system is out of physical RAM or swap space
#   The process is running with CompressedOops enabled, and the Java Heap may be blocking the growth of the native heap
# Possible solutions:
#   Reduce memory load on the system
#   Increase physical memory or swap space
#   Check if swap backing store is full
#   Decrease Java heap size (-Xmx/-Xms)
#   Decrease number of Java threads
#   Decrease Java thread stack sizes (-Xss)
#   Set larger code cache with -XX:ReservedCodeCacheSize=
#   JVM is running with Unscaled Compressed Oops mode in which the Java heap is
#     placed in the first 4GB address space. The Java Heap base address is the
#     maximum limit for the native heap growth. Please use -XX:HeapBaseMinAddress
#     to set the Java Heap base and to place the Java Heap above 4GB virtual address.
# This output file may be truncated or incomplete.
#
#  Out of Memory Error (./open/src/hotspot/share/memory/arena.cpp:197), pid=12264, tid=5616
#
# JRE version: Java(TM) SE Runtime Environment 18.9 (11.0.15+8) (build 11.0.15+8-LTS-149)
# Java VM: Java HotSpot(TM) 64-Bit Server VM 18.9 (11.0.15+8-LTS-149, mixed mode, tiered, compressed oops, g1 gc, windows-amd64)
# No core dump will be written. Minidumps are not enabled by default on client versions of Windows
#

---------------  S U M M A R Y ------------

Command Line: -javaagent:C:\Program Files\JetBrains\IntelliJ IDEA Community Edition 2022.2.1\lib\idea_rt.jar=50454:C:\Program Files\JetBrains\IntelliJ IDEA Community Edition 2022.2.1\bin -Dfile.encoding=UTF-8 com.training.microservices.apigateway.ApiGatewayApplication

Host: Intel(R) Xeon(R) Platinum 8272CL CPU @ 2.60GHz, 2 cores, 7G,  Windows 10 , 64 bit Build 19041 (10.0.19041.1889)
Time: Mon Sep 12 06:24:45 2022 Coordinated Universal Time elapsed time: 3.576140 seconds (0d 0h 0m 3s)

---------------  T H R E A D  ---------------

Current thread (0x000002befffc7800):  JavaThread "C2 CompilerThread0" daemon [_thread_in_native, id=5616, stack(0x000000f879700000,0x000000f879800000)]


Current CompileTask:
C2:   3576 2171 %     4       java.util.Properties$LineReader::readLine @ 53 (584 bytes)

Stack: [0x000000f879700000,0x000000f879800000]
Native frames: (J=compiled Java code, j=interpreted, Vv=VM code, C=native code)
V  [jvm.dll+0x629d8a]
V  [jvm.dll+0x7638ff]
V  [jvm.dll+0x764fa9]
V  [jvm.dll+0x765633]
V  [jvm.dll+0x23d9c8]
V  [jvm.dll+0xb2a1c]
V  [jvm.dll+0xb2fdc]
V  [jvm.dll+0x341047]
V  [jvm.dll+0x30e9b3]
V  [jvm.dll+0x30dcfa]
V  [jvm.dll+0x1f8565]
V  [jvm.dll+0x1f774d]
V  [jvm.dll+0x177c51]
V  [jvm.dll+0x207026]
V  [jvm.dll+0x2051bb]
V  [jvm.dll+0x729820]
V  [jvm.dll+0x7223f4]
V  [jvm.dll+0x628c26]
C  [ucrtbase.dll+0x21bb2]
C  [KERNEL32.DLL+0x17034]
C  [ntdll.dll+0x52651]


---------------  P R O C E S S  ---------------

Threads class SMR info:
_java_thread_list=0x000002be81bed800, length=14, elements={
0x000002bee2b4e800, 0x000002befff99000, 0x000002befff9a000, 0x000002be80842800,
0x000002be80843800, 0x000002befffc4800, 0x000002befffc7800, 0x000002befffe8800,
0x000002befffe9800, 0x000002befff3e000, 0x000002be80d55000, 0x000002be81b67800,
0x000002be81324800, 0x000002be81aa0000
}

Java Threads: ( => current thread )
  0x000002bee2b4e800 JavaThread "main" [_thread_blocked, id=9232, stack(0x000000f878a00000,0x000000f878b00000)]
  0x000002befff99000 JavaThread "Reference Handler" daemon [_thread_blocked, id=9024, stack(0x000000f879200000,0x000000f879300000)]
  0x000002befff9a000 JavaThread "Finalizer" daemon [_thread_blocked, id=8340, stack(0x000000f879300000,0x000000f879400000)]
  0x000002be80842800 JavaThread "Signal Dispatcher" daemon [_thread_blocked, id=1988, stack(0x000000f879400000,0x000000f879500000)]
  0x000002be80843800 JavaThread "Attach Listener" daemon [_thread_blocked, id=880, stack(0x000000f879500000,0x000000f879600000)]
  0x000002befffc4800 JavaThread "Service Thread" daemon [_thread_blocked, id=11456, stack(0x000000f879600000,0x000000f879700000)]
=>0x000002befffc7800 JavaThread "C2 CompilerThread0" daemon [_thread_in_native, id=5616, stack(0x000000f879700000,0x000000f879800000)]
  0x000002befffe8800 JavaThread "C1 CompilerThread0" daemon [_thread_blocked, id=11020, stack(0x000000f879800000,0x000000f879900000)]
  0x000002befffe9800 JavaThread "Sweeper thread" daemon [_thread_blocked, id=10224, stack(0x000000f879900000,0x000000f879a00000)]
  0x000002befff3e000 JavaThread "Common-Cleaner" daemon [_thread_blocked, id=2324, stack(0x000000f879a00000,0x000000f879b00000)]
  0x000002be80d55000 JavaThread "Monitor Ctrl-Break" daemon [_thread_in_native, id=10304, stack(0x000000f879c00000,0x000000f879d00000)]
  0x000002be81b67800 JavaThread "Thread-0" [_thread_blocked, id=6292, stack(0x000000f879e00000,0x000000f879f00000)]
  0x000002be81324800 JavaThread "restartedMain" [_thread_blocked, id=6704, stack(0x000000f879f00000,0x000000f87a000000)]
  0x000002be81aa0000 JavaThread "background-preinit" [_thread_blocked, id=8220, stack(0x000000f87a000000,0x000000f87a100000)]

Other Threads:
  0x000002befffaf800 VMThread "VM Thread" [stack: 0x000000f879100000,0x000000f879200000] [id=3420]
  0x000002be80d55800 WatcherThread [stack: 0x000000f879d00000,0x000000f879e00000] [id=7988]
  0x000002bee2b63800 GCTaskThread "GC Thread#0" [stack: 0x000000f878c00000,0x000000f878d00000] [id=5944]
  0x000002be80eb9800 GCTaskThread "GC Thread#1" [stack: 0x000000f879b00000,0x000000f879c00000] [id=12068]
  0x000002bee2b94000 ConcurrentGCThread "G1 Main Marker" [stack: 0x000000f878d00000,0x000000f878e00000] [id=9592]
  0x000002bee2b97000 ConcurrentGCThread "G1 Conc#0" [stack: 0x000000f878e00000,0x000000f878f00000] [id=4040]
  0x000002bee2c1d800 ConcurrentGCThread "G1 Refine#0" [stack: 0x000000f878f00000,0x000000f879000000] [id=7976]
  0x000002beffdf0800 ConcurrentGCThread "G1 Young RemSet Sampling" [stack: 0x000000f879000000,0x000000f879100000] [id=3048]

Threads with active compile tasks:
C2 CompilerThread0   3616 2171 %     4       java.util.Properties$LineReader::readLine @ 53 (584 bytes)

VM state:at safepoint (normal execution)

VM Mutex/Monitor currently owned by a thread:  ([mutex/lock_event])
[0x000002bee2b495f0] Threads_lock - owner thread: 0x000002befffaf800
[0x000002bee2b4a5b0] Heap_lock - owner thread: 0x000002be81aa0000

Heap address: 0x0000000080000000, size: 2048 MB, Compressed Oops mode: 32-bit
Narrow klass base: 0x0000000000000000, Narrow klass shift: 3
Compressed class space size: 1073741824 Address: 0x0000000100000000

Heap:
 garbage-first heap   total 157696K, used 10941K [0x0000000080000000, 0x0000000100000000)
  region size 1024K, 4 young (4096K), 4 survivors (4096K)
 Metaspace       used 23158K, capacity 23593K, committed 23680K, reserved 1087488K
  class space    used 2691K, capacity 2870K, committed 2944K, reserved 1048576K
Heap Regions: E=young(eden), S=young(survivor), O=old, HS=humongous(starts), HC=humongous(continues), CS=collection set, F=free, A=archive, TAMS=top-at-mark-start (previous, next)
|   0|0x0000000080000000, 0x0000000080100000, 0x0000000080100000|100%| O|  |TAMS 0x0000000080100000, 0x0000000080100000| Untracked 
|   1|0x0000000080100000, 0x0000000080200000, 0x0000000080200000|100%| O|  |TAMS 0x0000000080200000, 0x0000000080200000| Untracked 
|   2|0x0000000080200000, 0x0000000080300000, 0x0000000080300000|100%| O|  |TAMS 0x0000000080300000, 0x0000000080300000| Untracked 
|   3|0x0000000080300000, 0x0000000080400000, 0x0000000080400000|100%| O|  |TAMS 0x0000000080400000, 0x0000000080400000| Untracked 
|   4|0x0000000080400000, 0x0000000080500000, 0x0000000080500000|100%| O|  |TAMS 0x0000000080500000, 0x0000000080500000| Untracked 
|   5|0x0000000080500000, 0x0000000080600000, 0x0000000080600000|100%| O|  |TAMS 0x00000000805e7200, 0x0000000080600000| Untracked 
|   6|0x0000000080600000, 0x00000000806af600, 0x0000000080700000| 68%| O|  |TAMS 0x0000000080600000, 0x00000000806af600| Untracked 
|   7|0x0000000080700000, 0x0000000080700000, 0x0000000080800000|  0%| F|  |TAMS 0x0000000080700000, 0x0000000080700000| Untracked 
|   8|0x0000000080800000, 0x0000000080800000, 0x0000000080900000|  0%| F|  |TAMS 0x0000000080800000, 0x0000000080800000| Untracked 
|   9|0x0000000080900000, 0x0000000080900000, 0x0000000080a00000|  0%| F|  |TAMS 0x0000000080900000, 0x0000000080900000| Untracked 
|  10|0x0000000080a00000, 0x0000000080a00000, 0x0000000080b00000|  0%| F|  |TAMS 0x0000000080a00000, 0x0000000080a00000| Untracked 
|  11|0x0000000080b00000, 0x0000000080b00000, 0x0000000080c00000|  0%| F|  |TAMS 0x0000000080b00000, 0x0000000080b00000| Untracked 
|  12|0x0000000080c00000, 0x0000000080c00000, 0x0000000080d00000|  0%| F|  |TAMS 0x0000000080c00000, 0x0000000080c00000| Untracked 
|  13|0x0000000080d00000, 0x0000000080d00000, 0x0000000080e00000|  0%| F|  |TAMS 0x0000000080d00000, 0x0000000080d00000| Untracked 
|  14|0x0000000080e00000, 0x0000000080e00000, 0x0000000080f00000|  0%| F|  |TAMS 0x0000000080e00000, 0x0000000080e00000| Untracked 
|  15|0x0000000080f00000, 0x0000000080f00000, 0x0000000081000000|  0%| F|  |TAMS 0x0000000080f00000, 0x0000000080f00000| Untracked 
|  16|0x0000000081000000, 0x0000000081000000, 0x0000000081100000|  0%| F|  |TAMS 0x0000000081000000, 0x0000000081000000| Untracked 
|  17|0x0000000081100000, 0x0000000081100000, 0x0000000081200000|  0%| F|  |TAMS 0x0000000081100000, 0x0000000081100000| Untracked 
|  18|0x0000000081200000, 0x0000000081200000, 0x0000000081300000|  0%| F|  |TAMS 0x0000000081200000, 0x0000000081200000| Untracked 
|  19|0x0000000081300000, 0x0000000081300000, 0x0000000081400000|  0%| F|  |TAMS 0x0000000081300000, 0x0000000081300000| Untracked 
|  20|0x0000000081400000, 0x0000000081400000, 0x0000000081500000|  0%| F|  |TAMS 0x0000000081400000, 0x0000000081400000| Untracked 
|  21|0x0000000081500000, 0x0000000081500000, 0x0000000081600000|  0%| F|  |TAMS 0x0000000081500000, 0x0000000081500000| Untracked 
|  22|0x0000000081600000, 0x0000000081600000, 0x0000000081700000|  0%| F|  |TAMS 0x0000000081600000, 0x0000000081600000| Untracked 
|  23|0x0000000081700000, 0x0000000081700000, 0x0000000081800000|  0%| F|  |TAMS 0x0000000081700000, 0x0000000081700000| Untracked 
|  24|0x0000000081800000, 0x0000000081800000, 0x0000000081900000|  0%| F|  |TAMS 0x0000000081800000, 0x0000000081800000| Untracked 
|  25|0x0000000081900000, 0x0000000081900000, 0x0000000081a00000|  0%| F|  |TAMS 0x0000000081900000, 0x0000000081900000| Untracked 
|  26|0x0000000081a00000, 0x0000000081a00000, 0x0000000081b00000|  0%| F|  |TAMS 0x0000000081a00000, 0x0000000081a00000| Untracked 
|  27|0x0000000081b00000, 0x0000000081b00000, 0x0000000081c00000|  0%| F|  |TAMS 0x0000000081b00000, 0x0000000081b00000| Untracked 
|  28|0x0000000081c00000, 0x0000000081c00000, 0x0000000081d00000|  0%| F|  |TAMS 0x0000000081c00000, 0x0000000081c00000| Untracked 
|  29|0x0000000081d00000, 0x0000000081d00000, 0x0000000081e00000|  0%| F|  |TAMS 0x0000000081d00000, 0x0000000081d00000| Untracked 
|  30|0x0000000081e00000, 0x0000000081e00000, 0x0000000081f00000|  0%| F|  |TAMS 0x0000000081e00000, 0x0000000081e00000| Untracked 
|  31|0x0000000081f00000, 0x0000000081f00000, 0x0000000082000000|  0%| F|  |TAMS 0x0000000081f00000, 0x0000000081f00000| Untracked 
|  32|0x0000000082000000, 0x0000000082000000, 0x0000000082100000|  0%| F|  |TAMS 0x0000000082000000, 0x0000000082000000| Untracked 
|  33|0x0000000082100000, 0x0000000082100000, 0x0000000082200000|  0%| F|  |TAMS 0x0000000082100000, 0x0000000082100000| Untracked 
|  34|0x0000000082200000, 0x0000000082200000, 0x0000000082300000|  0%| F|  |TAMS 0x0000000082200000, 0x0000000082200000| Untracked 
|  35|0x0000000082300000, 0x0000000082300000, 0x0000000082400000|  0%| F|  |TAMS 0x0000000082300000, 0x0000000082300000| Untracked 
|  36|0x0000000082400000, 0x0000000082400000, 0x0000000082500000|  0%| F|  |TAMS 0x0000000082400000, 0x0000000082400000| Untracked 
|  37|0x0000000082500000, 0x0000000082500000, 0x0000000082600000|  0%| F|  |TAMS 0x0000000082500000, 0x0000000082500000| Untracked 
|  38|0x0000000082600000, 0x0000000082600000, 0x0000000082700000|  0%| F|  |TAMS 0x0000000082600000, 0x0000000082600000| Untracked 
|  39|0x0000000082700000, 0x0000000082700000, 0x0000000082800000|  0%| F|  |TAMS 0x0000000082700000, 0x0000000082700000| Untracked 
|  40|0x0000000082800000, 0x0000000082800000, 0x0000000082900000|  0%| F|  |TAMS 0x0000000082800000, 0x0000000082800000| Untracked 
|  41|0x0000000082900000, 0x0000000082900000, 0x0000000082a00000|  0%| F|  |TAMS 0x0000000082900000, 0x0000000082900000| Untracked 
|  42|0x0000000082a00000, 0x0000000082a00000, 0x0000000082b00000|  0%| F|  |TAMS 0x0000000082a00000, 0x0000000082a00000| Untracked 
|  43|0x0000000082b00000, 0x0000000082b00000, 0x0000000082c00000|  0%| F|  |TAMS 0x0000000082b00000, 0x0000000082b00000| Untracked 
|  44|0x0000000082c00000, 0x0000000082c00000, 0x0000000082d00000|  0%| F|  |TAMS 0x0000000082c00000, 0x0000000082c00000| Untracked 
|  45|0x0000000082d00000, 0x0000000082d00000, 0x0000000082e00000|  0%| F|  |TAMS 0x0000000082d00000, 0x0000000082d00000| Untracked 
|  46|0x0000000082e00000, 0x0000000082e00000, 0x0000000082f00000|  0%| F|  |TAMS 0x0000000082e00000, 0x0000000082e00000| Untracked 
|  47|0x0000000082f00000, 0x0000000082f00000, 0x0000000083000000|  0%| F|  |TAMS 0x0000000082f00000, 0x0000000082f00000| Untracked 
|  48|0x0000000083000000, 0x0000000083000000, 0x0000000083100000|  0%| F|  |TAMS 0x0000000083000000, 0x0000000083000000| Untracked 
|  49|0x0000000083100000, 0x0000000083100000, 0x0000000083200000|  0%| F|  |TAMS 0x0000000083100000, 0x0000000083100000| Untracked 
|  50|0x0000000083200000, 0x0000000083200000, 0x0000000083300000|  0%| F|  |TAMS 0x0000000083200000, 0x0000000083200000| Untracked 
|  51|0x0000000083300000, 0x0000000083300000, 0x0000000083400000|  0%| F|  |TAMS 0x0000000083300000, 0x0000000083300000| Untracked 
|  52|0x0000000083400000, 0x0000000083400000, 0x0000000083500000|  0%| F|  |TAMS 0x0000000083400000, 0x0000000083400000| Untracked 
|  53|0x0000000083500000, 0x0000000083500000, 0x0000000083600000|  0%| F|  |TAMS 0x0000000083500000, 0x0000000083500000| Untracked 
|  54|0x0000000083600000, 0x0000000083600000, 0x0000000083700000|  0%| F|  |TAMS 0x0000000083600000, 0x0000000083600000| Untracked 
|  55|0x0000000083700000, 0x0000000083700000, 0x0000000083800000|  0%| F|  |TAMS 0x0000000083700000, 0x0000000083700000| Untracked 
|  56|0x0000000083800000, 0x0000000083800000, 0x0000000083900000|  0%| F|  |TAMS 0x0000000083800000, 0x0000000083800000| Untracked 
|  57|0x0000000083900000, 0x0000000083900000, 0x0000000083a00000|  0%| F|  |TAMS 0x0000000083900000, 0x0000000083900000| Untracked 
|  58|0x0000000083a00000, 0x0000000083a00000, 0x0000000083b00000|  0%| F|  |TAMS 0x0000000083a00000, 0x0000000083a00000| Untracked 
|  59|0x0000000083b00000, 0x0000000083b00000, 0x0000000083c00000|  0%| F|  |TAMS 0x0000000083b00000, 0x0000000083b00000| Untracked 
|  60|0x0000000083c00000, 0x0000000083c00000, 0x0000000083d00000|  0%| F|  |TAMS 0x0000000083c00000, 0x0000000083c00000| Untracked 
|  61|0x0000000083d00000, 0x0000000083d00000, 0x0000000083e00000|  0%| F|  |TAMS 0x0000000083d00000, 0x0000000083d00000| Untracked 
|  62|0x0000000083e00000, 0x0000000083e00000, 0x0000000083f00000|  0%| F|  |TAMS 0x0000000083e00000, 0x0000000083e00000| Untracked 
|  63|0x0000000083f00000, 0x0000000083f00000, 0x0000000084000000|  0%| F|  |TAMS 0x0000000083f00000, 0x0000000083f00000| Untracked 
|  64|0x0000000084000000, 0x0000000084000000, 0x0000000084100000|  0%| F|  |TAMS 0x0000000084000000, 0x0000000084000000| Untracked 
|  65|0x0000000084100000, 0x0000000084100000, 0x0000000084200000|  0%| F|  |TAMS 0x0000000084100000, 0x0000000084100000| Untracked 
|  66|0x0000000084200000, 0x0000000084200000, 0x0000000084300000|  0%| F|  |TAMS 0x0000000084200000, 0x0000000084200000| Untracked 
|  67|0x0000000084300000, 0x0000000084300000, 0x0000000084400000|  0%| F|  |TAMS 0x0000000084300000, 0x0000000084300000| Untracked 
|  68|0x0000000084400000, 0x0000000084400000, 0x0000000084500000|  0%| F|  |TAMS 0x0000000084400000, 0x0000000084400000| Untracked 
|  69|0x0000000084500000, 0x0000000084500000, 0x0000000084600000|  0%| F|  |TAMS 0x0000000084500000, 0x0000000084500000| Untracked 
|  70|0x0000000084600000, 0x0000000084600000, 0x0000000084700000|  0%| F|  |TAMS 0x0000000084600000, 0x0000000084600000| Untracked 
|  71|0x0000000084700000, 0x0000000084700000, 0x0000000084800000|  0%| F|  |TAMS 0x0000000084700000, 0x0000000084700000| Untracked 
|  72|0x0000000084800000, 0x0000000084800000, 0x0000000084900000|  0%| F|  |TAMS 0x0000000084800000, 0x0000000084800000| Untracked 
|  73|0x0000000084900000, 0x0000000084900000, 0x0000000084a00000|  0%| F|  |TAMS 0x0000000084900000, 0x0000000084900000| Untracked 
|  74|0x0000000084a00000, 0x0000000084a00000, 0x0000000084b00000|  0%| F|  |TAMS 0x0000000084a00000, 0x0000000084a00000| Untracked 
|  75|0x0000000084b00000, 0x0000000084b00000, 0x0000000084c00000|  0%| F|  |TAMS 0x0000000084b00000, 0x0000000084b00000| Untracked 
|  76|0x0000000084c00000, 0x0000000084c00000, 0x0000000084d00000|  0%| F|  |TAMS 0x0000000084c00000, 0x0000000084c00000| Untracked 
|  77|0x0000000084d00000, 0x0000000084d00000, 0x0000000084e00000|  0%| F|  |TAMS 0x0000000084d00000, 0x0000000084d00000| Untracked 
|  78|0x0000000084e00000, 0x0000000084e00000, 0x0000000084f00000|  0%| F|  |TAMS 0x0000000084e00000, 0x0000000084e00000| Untracked 
|  79|0x0000000084f00000, 0x0000000084f00000, 0x0000000085000000|  0%| F|  |TAMS 0x0000000084f00000, 0x0000000084f00000| Untracked 
|  80|0x0000000085000000, 0x0000000085000000, 0x0000000085100000|  0%| F|  |TAMS 0x0000000085000000, 0x0000000085000000| Untracked 
|  81|0x0000000085100000, 0x0000000085100000, 0x0000000085200000|  0%| F|  |TAMS 0x0000000085100000, 0x0000000085100000| Untracked 
|  82|0x0000000085200000, 0x0000000085200000, 0x0000000085300000|  0%| F|  |TAMS 0x0000000085200000, 0x0000000085200000| Untracked 
|  83|0x0000000085300000, 0x0000000085300000, 0x0000000085400000|  0%| F|  |TAMS 0x0000000085300000, 0x0000000085300000| Untracked 
|  84|0x0000000085400000, 0x0000000085400000, 0x0000000085500000|  0%| F|  |TAMS 0x0000000085400000, 0x0000000085400000| Untracked 
|  85|0x0000000085500000, 0x0000000085500000, 0x0000000085600000|  0%| F|  |TAMS 0x0000000085500000, 0x0000000085500000| Untracked 
|  86|0x0000000085600000, 0x0000000085600000, 0x0000000085700000|  0%| F|  |TAMS 0x0000000085600000, 0x0000000085600000| Untracked 
|  87|0x0000000085700000, 0x0000000085700000, 0x0000000085800000|  0%| F|  |TAMS 0x0000000085700000, 0x0000000085700000| Untracked 
|  88|0x0000000085800000, 0x0000000085800000, 0x0000000085900000|  0%| F|  |TAMS 0x0000000085800000, 0x0000000085800000| Untracked 
|  89|0x0000000085900000, 0x0000000085900000, 0x0000000085a00000|  0%| F|  |TAMS 0x0000000085900000, 0x0000000085900000| Untracked 
|  90|0x0000000085a00000, 0x0000000085a00000, 0x0000000085b00000|  0%| F|  |TAMS 0x0000000085a00000, 0x0000000085a00000| Untracked 
|  91|0x0000000085b00000, 0x0000000085b00000, 0x0000000085c00000|  0%| F|  |TAMS 0x0000000085b00000, 0x0000000085b00000| Untracked 
|  92|0x0000000085c00000, 0x0000000085c00000, 0x0000000085d00000|  0%| F|  |TAMS 0x0000000085c00000, 0x0000000085c00000| Untracked 
|  93|0x0000000085d00000, 0x0000000085d00000, 0x0000000085e00000|  0%| F|  |TAMS 0x0000000085d00000, 0x0000000085d00000| Untracked 
|  94|0x0000000085e00000, 0x0000000085e00000, 0x0000000085f00000|  0%| F|  |TAMS 0x0000000085e00000, 0x0000000085e00000| Untracked 
|  95|0x0000000085f00000, 0x0000000085f00000, 0x0000000086000000|  0%| F|  |TAMS 0x0000000085f00000, 0x0000000085f00000| Untracked 
|  96|0x0000000086000000, 0x0000000086000000, 0x0000000086100000|  0%| F|  |TAMS 0x0000000086000000, 0x0000000086000000| Untracked 
|  97|0x0000000086100000, 0x0000000086100000, 0x0000000086200000|  0%| F|  |TAMS 0x0000000086100000, 0x0000000086100000| Untracked 
|  98|0x0000000086200000, 0x0000000086200000, 0x0000000086300000|  0%| F|  |TAMS 0x0000000086200000, 0x0000000086200000| Untracked 
|  99|0x0000000086300000, 0x0000000086300000, 0x0000000086400000|  0%| F|  |TAMS 0x0000000086300000, 0x0000000086300000| Untracked 
| 100|0x0000000086400000, 0x0000000086400000, 0x0000000086500000|  0%| F|  |TAMS 0x0000000086400000, 0x0000000086400000| Untracked 
| 101|0x0000000086500000, 0x0000000086500000, 0x0000000086600000|  0%| F|  |TAMS 0x0000000086500000, 0x0000000086500000| Untracked 
| 102|0x0000000086600000, 0x0000000086600000, 0x0000000086700000|  0%| F|  |TAMS 0x0000000086600000, 0x0000000086600000| Untracked 
| 103|0x0000000086700000, 0x0000000086700000, 0x0000000086800000|  0%| F|  |TAMS 0x0000000086700000, 0x0000000086700000| Untracked 
| 104|0x0000000086800000, 0x0000000086800000, 0x0000000086900000|  0%| F|  |TAMS 0x0000000086800000, 0x0000000086800000| Untracked 
| 105|0x0000000086900000, 0x0000000086900000, 0x0000000086a00000|  0%| F|  |TAMS 0x0000000086900000, 0x0000000086900000| Untracked 
| 106|0x0000000086a00000, 0x0000000086a00000, 0x0000000086b00000|  0%| F|  |TAMS 0x0000000086a00000, 0x0000000086a00000| Untracked 
| 107|0x0000000086b00000, 0x0000000086b00000, 0x0000000086c00000|  0%| F|  |TAMS 0x0000000086b00000, 0x0000000086b00000| Untracked 
| 108|0x0000000086c00000, 0x0000000086c00000, 0x0000000086d00000|  0%| F|  |TAMS 0x0000000086c00000, 0x0000000086c00000| Untracked 
| 109|0x0000000086d00000, 0x0000000086d00000, 0x0000000086e00000|  0%| F|  |TAMS 0x0000000086d00000, 0x0000000086d00000| Untracked 
| 110|0x0000000086e00000, 0x0000000086e00000, 0x0000000086f00000|  0%| F|  |TAMS 0x0000000086e00000, 0x0000000086e00000| Untracked 
| 111|0x0000000086f00000, 0x0000000086f00000, 0x0000000087000000|  0%| F|  |TAMS 0x0000000086f00000, 0x0000000086f00000| Untracked 
| 112|0x0000000087000000, 0x0000000087000000, 0x0000000087100000|  0%| F|  |TAMS 0x0000000087000000, 0x0000000087000000| Untracked 
| 113|0x0000000087100000, 0x0000000087100000, 0x0000000087200000|  0%| F|  |TAMS 0x0000000087100000, 0x0000000087100000| Untracked 
| 114|0x0000000087200000, 0x0000000087200000, 0x0000000087300000|  0%| F|  |TAMS 0x0000000087200000, 0x0000000087200000| Untracked 
| 115|0x0000000087300000, 0x0000000087300000, 0x0000000087400000|  0%| F|  |TAMS 0x0000000087300000, 0x0000000087300000| Untracked 
| 116|0x0000000087400000, 0x0000000087400000, 0x0000000087500000|  0%| F|  |TAMS 0x0000000087400000, 0x0000000087400000| Untracked 
| 117|0x0000000087500000, 0x0000000087500000, 0x0000000087600000|  0%| F|  |TAMS 0x0000000087500000, 0x0000000087500000| Untracked 
| 118|0x0000000087600000, 0x0000000087600000, 0x0000000087700000|  0%| F|  |TAMS 0x0000000087600000, 0x0000000087600000| Untracked 
| 119|0x0000000087700000, 0x0000000087700000, 0x0000000087800000|  0%| F|  |TAMS 0x0000000087700000, 0x0000000087700000| Untracked 
| 120|0x0000000087800000, 0x0000000087800000, 0x0000000087900000|  0%| F|  |TAMS 0x0000000087800000, 0x0000000087800000| Untracked 
| 121|0x0000000087900000, 0x0000000087900000, 0x0000000087a00000|  0%| F|  |TAMS 0x0000000087900000, 0x0000000087900000| Untracked 
| 122|0x0000000087a00000, 0x0000000087a00000, 0x0000000087b00000|  0%| F|  |TAMS 0x0000000087a00000, 0x0000000087a00000| Untracked 
| 123|0x0000000087b00000, 0x0000000087b00000, 0x0000000087c00000|  0%| F|  |TAMS 0x0000000087b00000, 0x0000000087b00000| Untracked 
| 124|0x0000000087c00000, 0x0000000087c00000, 0x0000000087d00000|  0%| F|  |TAMS 0x0000000087c00000, 0x0000000087c00000| Untracked 
| 125|0x0000000087d00000, 0x0000000087d00000, 0x0000000087e00000|  0%| F|  |TAMS 0x0000000087d00000, 0x0000000087d00000| Untracked 
| 126|0x0000000087e00000, 0x0000000087e00000, 0x0000000087f00000|  0%| F|  |TAMS 0x0000000087e00000, 0x0000000087e00000| Untracked 
| 127|0x0000000087f00000, 0x0000000087f00000, 0x0000000088000000|  0%| F|  |TAMS 0x0000000087f00000, 0x0000000087f00000| Untracked 
| 128|0x0000000088000000, 0x0000000088000000, 0x0000000088100000|  0%| F|  |TAMS 0x0000000088000000, 0x0000000088000000| Untracked 
| 129|0x0000000088100000, 0x0000000088100000, 0x0000000088200000|  0%| F|  |TAMS 0x0000000088100000, 0x0000000088100000| Untracked 
| 130|0x0000000088200000, 0x0000000088200000, 0x0000000088300000|  0%| F|  |TAMS 0x0000000088200000, 0x0000000088200000| Untracked 
| 131|0x0000000088300000, 0x0000000088300000, 0x0000000088400000|  0%| F|  |TAMS 0x0000000088300000, 0x0000000088300000| Untracked 
| 132|0x0000000088400000, 0x0000000088400000, 0x0000000088500000|  0%| F|  |TAMS 0x0000000088400000, 0x0000000088400000| Untracked 
| 133|0x0000000088500000, 0x0000000088500000, 0x0000000088600000|  0%| F|  |TAMS 0x0000000088500000, 0x0000000088500000| Untracked 
| 134|0x0000000088600000, 0x0000000088600000, 0x0000000088700000|  0%| F|  |TAMS 0x0000000088600000, 0x0000000088600000| Untracked 
| 135|0x0000000088700000, 0x0000000088700000, 0x0000000088800000|  0%| F|  |TAMS 0x0000000088700000, 0x0000000088700000| Untracked 
| 136|0x0000000088800000, 0x0000000088800000, 0x0000000088900000|  0%| F|  |TAMS 0x0000000088800000, 0x0000000088800000| Untracked 
| 137|0x0000000088900000, 0x0000000088900000, 0x0000000088a00000|  0%| F|  |TAMS 0x0000000088900000, 0x0000000088900000| Untracked 
| 138|0x0000000088a00000, 0x0000000088a00000, 0x0000000088b00000|  0%| F|  |TAMS 0x0000000088a00000, 0x0000000088a00000| Untracked 
| 139|0x0000000088b00000, 0x0000000088b00000, 0x0000000088c00000|  0%| F|  |TAMS 0x0000000088b00000, 0x0000000088b00000| Untracked 
| 140|0x0000000088c00000, 0x0000000088c00000, 0x0000000088d00000|  0%| F|  |TAMS 0x0000000088c00000, 0x0000000088c00000| Untracked 
| 141|0x0000000088d00000, 0x0000000088d00000, 0x0000000088e00000|  0%| F|  |TAMS 0x0000000088d00000, 0x0000000088d00000| Untracked 
| 142|0x0000000088e00000, 0x0000000088e00000, 0x0000000088f00000|  0%| F|  |TAMS 0x0000000088e00000, 0x0000000088e00000| Untracked 
| 143|0x0000000088f00000, 0x0000000089000000, 0x0000000089000000|100%| S|CS|TAMS 0x0000000088f00000, 0x0000000088f00000| Complete 
| 144|0x0000000089000000, 0x0000000089100000, 0x0000000089100000|100%| S|CS|TAMS 0x0000000089000000, 0x0000000089000000| Complete 
| 145|0x0000000089100000, 0x0000000089200000, 0x0000000089200000|100%| S|CS|TAMS 0x0000000089100000, 0x0000000089100000| Complete 
| 146|0x0000000089200000, 0x0000000089300000, 0x0000000089300000|100%| S|CS|TAMS 0x0000000089200000, 0x0000000089200000| Complete 
| 147|0x0000000089300000, 0x0000000089300000, 0x0000000089400000|  0%| F|  |TAMS 0x0000000089300000, 0x0000000089300000| Untracked 
| 148|0x0000000089400000, 0x0000000089400000, 0x0000000089500000|  0%| F|  |TAMS 0x0000000089400000, 0x0000000089400000| Untracked 
| 149|0x0000000089500000, 0x0000000089500000, 0x0000000089600000|  0%| F|  |TAMS 0x0000000089500000, 0x0000000089500000| Untracked 
| 150|0x0000000089600000, 0x0000000089600000, 0x0000000089700000|  0%| F|  |TAMS 0x0000000089600000, 0x0000000089600000| Untracked 
| 151|0x0000000089700000, 0x0000000089700000, 0x0000000089800000|  0%| F|  |TAMS 0x0000000089700000, 0x0000000089700000| Untracked 
| 152|0x0000000089800000, 0x0000000089800000, 0x0000000089900000|  0%| F|  |TAMS 0x0000000089800000, 0x0000000089800000| Untracked 
| 153|0x0000000089900000, 0x0000000089900000, 0x0000000089a00000|  0%| F|  |TAMS 0x0000000089900000, 0x0000000089900000| Untracked 

Card table byte_map: [0x000002bef95f0000,0x000002bef99f0000] _byte_map_base: 0x000002bef91f0000

Marking Bits (Prev, Next): (CMBitMap*) 0x000002bee2b8af78, (CMBitMap*) 0x000002bee2b8afb0
 Prev Bits: [0x000002bef9df0000, 0x000002befbdf0000)
 Next Bits: [0x000002befbdf0000, 0x000002befddf0000)

Polling page: 0x000002bee0b60000

Metaspace:

Usage:
  Non-class:     20.24 MB capacity,    19.99 MB ( 99%) used,   200.30 KB ( <1%) free+waste,    55.44 KB ( <1%) overhead. 
      Class:      2.80 MB capacity,     2.63 MB ( 94%) used,   151.59 KB (  5%) free+waste,    26.94 KB ( <1%) overhead. 
       Both:     23.04 MB capacity,    22.62 MB ( 98%) used,   351.90 KB (  1%) free+waste,    82.38 KB ( <1%) overhead. 

Virtual space:
  Non-class space:       38.00 MB reserved,      20.25 MB ( 53%) committed 
      Class space:        1.00 GB reserved,       2.88 MB ( <1%) committed 
             Both:        1.04 GB reserved,      23.13 MB (  2%) committed 

Chunk freelists:
   Non-Class:  1.63 KB
       Class:  1.25 KB
        Both:  2.88 KB

CodeHeap 'non-profiled nmethods': size=120064Kb used=871Kb max_used=871Kb free=119192Kb
 bounds [0x000002bef1cb0000, 0x000002bef1f20000, 0x000002bef91f0000]
CodeHeap 'profiled nmethods': size=120000Kb used=4292Kb max_used=4292Kb free=115707Kb
 bounds [0x000002beea780000, 0x000002beeabc0000, 0x000002bef1cb0000]
CodeHeap 'non-nmethods': size=5696Kb used=1122Kb max_used=1140Kb free=4573Kb
 bounds [0x000002beea1f0000, 0x000002beea460000, 0x000002beea780000]
 total_blobs=2605 nmethods=2176 adapters=340
 compilation: enabled
              stopped_count=0, restarted_count=0
 full_count=0

Compilation events (10 events):
Event: 3.567 Thread 0x000002befffe8800 nmethod 2174% 0x000002beeabaa090 code [0x000002beeabaa300, 0x000002beeabab128]
Event: 3.567 Thread 0x000002befffe8800 2175       3       java.util.Properties::load0 (249 bytes)
Event: 3.568 Thread 0x000002befffe8800 nmethod 2175 0x000002beeabab610 code [0x000002beeabab860, 0x000002beeabac528]
Event: 3.569 Thread 0x000002befffe8800 2176       3       java.util.ArrayDeque::dec (13 bytes)
Event: 3.569 Thread 0x000002befffe8800 nmethod 2176 0x000002beeabac990 code [0x000002beeabacb20, 0x000002beeabacc38]
Event: 3.569 Thread 0x000002befffe8800 2177       3       java.util.jar.JarFile::getEntry (22 bytes)
Event: 3.570 Thread 0x000002befffe8800 nmethod 2177 0x000002beeabacd10 code [0x000002beeabacf20, 0x000002beeabad648]
Event: 3.570 Thread 0x000002befffe8800 2178       3       java.util.ArrayDeque::addFirst (51 bytes)
Event: 3.571 Thread 0x000002befffe8800 nmethod 2178 0x000002beeabad890 code [0x000002beeabada60, 0x000002beeabadef8]
Event: 3.571 Thread 0x000002befffe8800 2179       3       java.io.WinNTFileSystem::normalizePrefix (132 bytes)

GC Heap History (10 events):
Event: 1.375 GC heap before
{Heap before GC invocations=2 (full 0):
 garbage-first heap   total 131072K, used 16286K [0x0000000080000000, 0x0000000100000000)
  region size 1024K, 11 young (11264K), 1 survivors (1024K)
 Metaspace       used 10469K, capacity 10607K, committed 10752K, reserved 1058816K
  class space    used 972K, capacity 1022K, committed 1024K, reserved 1048576K
}
Event: 1.379 GC heap after
{Heap after GC invocations=3 (full 0):
 garbage-first heap   total 131072K, used 6949K [0x0000000080000000, 0x0000000100000000)
  region size 1024K, 2 young (2048K), 2 survivors (2048K)
 Metaspace       used 10469K, capacity 10607K, committed 10752K, reserved 1058816K
  class space    used 972K, capacity 1022K, committed 1024K, reserved 1048576K
}
Event: 1.696 GC heap before
{Heap before GC invocations=3 (full 0):
 garbage-first heap   total 131072K, used 20261K [0x0000000080000000, 0x0000000100000000)
  region size 1024K, 16 young (16384K), 2 survivors (2048K)
 Metaspace       used 12090K, capacity 12344K, committed 12544K, reserved 1060864K
  class space    used 1160K, capacity 1266K, committed 1280K, reserved 1048576K
}
Event: 1.706 GC heap after
{Heap after GC invocations=4 (full 0):
 garbage-first heap   total 131072K, used 7157K [0x0000000080000000, 0x0000000100000000)
  region size 1024K, 2 young (2048K), 2 survivors (2048K)
 Metaspace       used 12090K, capacity 12344K, committed 12544K, reserved 1060864K
  class space    used 1160K, capacity 1266K, committed 1280K, reserved 1048576K
}
Event: 2.353 GC heap before
{Heap before GC invocations=4 (full 0):
 garbage-first heap   total 131072K, used 29685K [0x0000000080000000, 0x0000000100000000)
  region size 1024K, 24 young (24576K), 2 survivors (2048K)
 Metaspace       used 16118K, capacity 16422K, committed 16640K, reserved 1064960K
  class space    used 1635K, capacity 1739K, committed 1792K, reserved 1048576K
}
Event: 2.361 GC heap after
{Heap after GC invocations=5 (full 0):
 garbage-first heap   total 157696K, used 8092K [0x0000000080000000, 0x0000000100000000)
  region size 1024K, 2 young (2048K), 2 survivors (2048K)
 Metaspace       used 16118K, capacity 16422K, committed 16640K, reserved 1064960K
  class space    used 1635K, capacity 1739K, committed 1792K, reserved 1048576K
}
Event: 3.126 GC heap before
{Heap before GC invocations=5 (full 0):
 garbage-first heap   total 157696K, used 42908K [0x0000000080000000, 0x0000000100000000)
  region size 1024K, 37 young (37888K), 2 survivors (2048K)
 Metaspace       used 20750K, capacity 21143K, committed 21248K, reserved 1069056K
  class space    used 2289K, capacity 2482K, committed 2560K, reserved 1048576K
}
Event: 3.136 GC heap after
{Heap after GC invocations=6 (full 0):
 garbage-first heap   total 157696K, used 9471K [0x0000000080000000, 0x0000000100000000)
  region size 1024K, 4 young (4096K), 4 survivors (4096K)
 Metaspace       used 20750K, capacity 21143K, committed 21248K, reserved 1069056K
  class space    used 2289K, capacity 2482K, committed 2560K, reserved 1048576K
}
Event: 3.455 GC heap before
{Heap before GC invocations=7 (full 0):
 garbage-first heap   total 157696K, used 24831K [0x0000000080000000, 0x0000000100000000)
  region size 1024K, 21 young (21504K), 4 survivors (4096K)
 Metaspace       used 22562K, capacity 22958K, committed 23040K, reserved 1079296K
  class space    used 2605K, capacity 2788K, committed 2816K, reserved 1048576K
}
Event: 3.469 GC heap after
{Heap after GC invocations=8 (full 0):
 garbage-first heap   total 157696K, used 10140K [0x0000000080000000, 0x0000000100000000)
  region size 1024K, 4 young (4096K), 4 survivors (4096K)
 Metaspace       used 22562K, capacity 22958K, committed 23040K, reserved 1079296K
  class space    used 2605K, capacity 2788K, committed 2816K, reserved 1048576K
}

Deoptimization events (10 events):
Event: 2.957 Thread 0x000002be81324800 Uncommon trap: reason=class_check action=maybe_recompile pc=0x000002bef1d46fb8 method=java.util.HashMap.putVal(ILjava/lang/Object;Ljava/lang/Object;ZZ)Ljava/lang/Object; @ 203 c2
Event: 3.059 Thread 0x000002be81324800 Uncommon trap: reason=bimorphic_or_optimized_type_check action=maybe_recompile pc=0x000002bef1d48440 method=java.util.LinkedHashMap.afterNodeInsertion(Z)V @ 15 c2
Event: 3.059 Thread 0x000002be81324800 Uncommon trap: reason=bimorphic_or_optimized_type_check action=maybe_recompile pc=0x000002bef1d48440 method=java.util.LinkedHashMap.afterNodeInsertion(Z)V @ 15 c2
Event: 3.059 Thread 0x000002be81324800 Uncommon trap: reason=bimorphic_or_optimized_type_check action=maybe_recompile pc=0x000002bef1d48440 method=java.util.LinkedHashMap.afterNodeInsertion(Z)V @ 15 c2
Event: 3.059 Thread 0x000002be81324800 Uncommon trap: reason=bimorphic_or_optimized_type_check action=maybe_recompile pc=0x000002bef1d48440 method=java.util.LinkedHashMap.afterNodeInsertion(Z)V @ 15 c2
Event: 3.245 Thread 0x000002be81aa0000 Uncommon trap: reason=unstable_if action=reinterpret pc=0x000002bef1d3f02c method=java.util.concurrent.ConcurrentHashMap.addCount(JI)V @ 168 c2
Event: 3.245 Thread 0x000002be81324800 Uncommon trap: reason=unstable_if action=reinterpret pc=0x000002bef1d762ac method=java.util.concurrent.ConcurrentHashMap.transfer([Ljava/util/concurrent/ConcurrentHashMap$Node;[Ljava/util/concurrent/ConcurrentHashMap$Node;)V @ 273 c2
Event: 3.245 Thread 0x000002be81324800 Uncommon trap: reason=unstable_if action=reinterpret pc=0x000002bef1d3f02c method=java.util.concurrent.ConcurrentHashMap.addCount(JI)V @ 168 c2
Event: 3.289 Thread 0x000002be81324800 Uncommon trap: reason=unstable_if action=reinterpret pc=0x000002bef1d1b3e4 method=java.util.concurrent.ConcurrentHashMap.get(Ljava/lang/Object;)Ljava/lang/Object; @ 76 c2
Event: 3.399 Thread 0x000002be81324800 Uncommon trap: reason=unstable_if action=reinterpret pc=0x000002bef1cd1fec method=java.util.zip.ZipFile$Source.getEntryPos([BZ)I @ 156 c2

Classes redefined (0 events):
No events

Internal exceptions (10 events):
Event: 3.300 Thread 0x000002be81324800 Exception <a 'java/lang/ClassNotFoundException'{0x0000000089484a88}: org/springframework/core/OrderedCustomizer> (0x0000000089484a88) thrown at [./open/src/hotspot/share/classfile/systemDictionary.cpp, line 226]
Event: 3.301 Thread 0x000002be81324800 Exception <a 'java/lang/ClassNotFoundException'{0x0000000089498360}: org/springframework/context/ResourceLoaderAwareCustomizer> (0x0000000089498360) thrown at [./open/src/hotspot/share/classfile/systemDictionary.cpp, line 226]
Event: 3.302 Thread 0x000002be81324800 Exception <a 'java/lang/ClassNotFoundException'{0x00000000894aaae0}: org/springframework/beans/factory/AwareCustomizer> (0x00000000894aaae0) thrown at [./open/src/hotspot/share/classfile/systemDictionary.cpp, line 226]
Event: 3.303 Thread 0x000002be81324800 Exception <a 'java/lang/ClassNotFoundException'{0x00000000894be720}: org/springframework/context/ApplicationStartupAwareCustomizer> (0x00000000894be720) thrown at [./open/src/hotspot/share/classfile/systemDictionary.cpp, line 226]
Event: 3.304 Thread 0x000002be81324800 Exception <a 'java/lang/ClassNotFoundException'{0x00000000894d1118}: org/springframework/beans/factory/AwareCustomizer> (0x00000000894d1118) thrown at [./open/src/hotspot/share/classfile/systemDictionary.cpp, line 226]
Event: 3.305 Thread 0x000002be81324800 Exception <a 'java/lang/ClassNotFoundException'{0x00000000894e4ed8}: org/springframework/beans/factory/BeanClassLoaderAwareCustomizer> (0x00000000894e4ed8) thrown at [./open/src/hotspot/share/classfile/systemDictionary.cpp, line 226]
Event: 3.305 Thread 0x000002be81324800 Exception <a 'java/lang/ClassNotFoundException'{0x00000000894f7670}: org/springframework/beans/factory/AwareCustomizer> (0x00000000894f7670) thrown at [./open/src/hotspot/share/classfile/systemDictionary.cpp, line 226]
Event: 3.306 Thread 0x000002be81324800 Exception <a 'java/lang/ClassNotFoundException'{0x000000008930a330}: org/springframework/context/EnvironmentAwareCustomizer> (0x000000008930a330) thrown at [./open/src/hotspot/share/classfile/systemDictionary.cpp, line 226]
Event: 3.307 Thread 0x000002be81324800 Exception <a 'java/lang/ClassNotFoundException'{0x000000008931ca40}: org/springframework/beans/factory/AwareCustomizer> (0x000000008931ca40) thrown at [./open/src/hotspot/share/classfile/systemDictionary.cpp, line 226]
Event: 3.532 Thread 0x000002be81324800 Exception <a 'java/lang/NoSuchMethodError'{0x000000008975eb10}: java.lang.invoke.DirectMethodHandle$Holder.invokeSpecialIFC(Ljava/lang/Object;Ljava/lang/Object;Ljava/lang/Object;Ljava/lang/Object;)I> (0x000000008975eb10) thrown at [./open/src/hotspot/shar

Events (10 events):
Event: 3.552 loading class org/springframework/boot/autoconfigure/condition/OnWebApplicationCondition
Event: 3.552 loading class org/springframework/boot/autoconfigure/condition/OnWebApplicationCondition done
Event: 3.554 loading class org/springframework/boot/autoconfigure/AutoConfigurationImportSelector$ConfigurationClassFilter
Event: 3.554 loading class org/springframework/boot/autoconfigure/AutoConfigurationImportSelector$ConfigurationClassFilter done
Event: 3.555 loading class org/springframework/boot/autoconfigure/AutoConfigurationMetadataLoader
Event: 3.555 loading class org/springframework/boot/autoconfigure/AutoConfigurationMetadataLoader done
Event: 3.555 loading class org/springframework/boot/autoconfigure/AutoConfigurationMetadata
Event: 3.555 loading class org/springframework/boot/autoconfigure/AutoConfigurationMetadata done
Event: 3.571 Executing VM operation: BulkRevokeBias
Event: 3.571 Executing VM operation: BulkRevokeBias done


Dynamic libraries:
0x00007ff779550000 - 0x00007ff77955f000 	C:\Program Files\Java\jdk-11.0.15\bin\java.exe
0x00007ffb3dcf0000 - 0x00007ffb3dee8000 	C:\Windows\SYSTEM32\ntdll.dll
0x00007ffb3bf90000 - 0x00007ffb3c04d000 	C:\Windows\System32\KERNEL32.DLL
0x00007ffb3b720000 - 0x00007ffb3b9ee000 	C:\Windows\System32\KERNELBASE.dll
0x00007ffb3b5d0000 - 0x00007ffb3b6d0000 	C:\Windows\System32\ucrtbase.dll
0x00007ffb27790000 - 0x00007ffb277a8000 	C:\Program Files\Java\jdk-11.0.15\bin\jli.dll
0x00007ffb3c140000 - 0x00007ffb3c1ee000 	C:\Windows\System32\ADVAPI32.dll
0x00007ffb3da80000 - 0x00007ffb3db1e000 	C:\Windows\System32\msvcrt.dll
0x00007ffb3be60000 - 0x00007ffb3befc000 	C:\Windows\System32\sechost.dll
0x00007ffb3d800000 - 0x00007ffb3d925000 	C:\Windows\System32\RPCRT4.dll
0x00007ffb3c730000 - 0x00007ffb3c8d0000 	C:\Windows\System32\USER32.dll
0x00007ffb3bb50000 - 0x00007ffb3bb72000 	C:\Windows\System32\win32u.dll
0x00007ffb3d620000 - 0x00007ffb3d64a000 	C:\Windows\System32\GDI32.dll
0x00007ffb3bc40000 - 0x00007ffb3bd4b000 	C:\Windows\System32\gdi32full.dll
0x00007ffb3b410000 - 0x00007ffb3b4ad000 	C:\Windows\System32\msvcp_win.dll
0x00007ffb27680000 - 0x00007ffb27695000 	C:\Program Files\Java\jdk-11.0.15\bin\VCRUNTIME140.dll
0x00007ffb3aa70000 - 0x00007ffb3ad0a000 	C:\Windows\WinSxS\amd64_microsoft.windows.common-controls_6595b64144ccf1df_6.0.19041.1110_none_60b5254171f9507e\COMCTL32.dll
0x00007ffb33300000 - 0x00007ffb3330a000 	C:\Windows\SYSTEM32\VERSION.dll
0x00007ffb3bd50000 - 0x00007ffb3bd80000 	C:\Windows\System32\IMM32.DLL
0x00007ffb275e0000 - 0x00007ffb2767b000 	C:\Program Files\Java\jdk-11.0.15\bin\msvcp140.dll
0x00007ffb26a40000 - 0x00007ffb27556000 	C:\Program Files\Java\jdk-11.0.15\bin\server\jvm.dll
0x00007ffb3da70000 - 0x00007ffb3da78000 	C:\Windows\System32\PSAPI.DLL
0x00007ffb27780000 - 0x00007ffb27789000 	C:\Windows\SYSTEM32\WSOCK32.dll
0x00007ffb3c1f0000 - 0x00007ffb3c25b000 	C:\Windows\System32\WS2_32.dll
0x00007ffb2d490000 - 0x00007ffb2d4b7000 	C:\Windows\SYSTEM32\WINMM.dll
0x00007ffb38ca0000 - 0x00007ffb38cb2000 	C:\Windows\SYSTEM32\kernel.appcore.dll
0x00007ffb27f30000 - 0x00007ffb27f40000 	C:\Program Files\Java\jdk-11.0.15\bin\verify.dll
0x00007ffb3adc0000 - 0x00007ffb3afa4000 	C:\Windows\SYSTEM32\DBGHELP.DLL
0x00007ffb3ad10000 - 0x00007ffb3ad3c000 	C:\Windows\SYSTEM32\dbgcore.DLL
0x00007ffb3bb80000 - 0x00007ffb3bc02000 	C:\Windows\System32\bcryptPrimitives.dll
0x00007ffb27f00000 - 0x00007ffb27f28000 	C:\Program Files\Java\jdk-11.0.15\bin\java.dll
0x00007ffb27ef0000 - 0x00007ffb27efa000 	C:\Program Files\Java\jdk-11.0.15\bin\jimage.dll
0x00007ffb35cd0000 - 0x00007ffb35cde000 	C:\Program Files\Java\jdk-11.0.15\bin\instrument.dll
0x00007ffb27ed0000 - 0x00007ffb27ee6000 	C:\Program Files\Java\jdk-11.0.15\bin\zip.dll
0x00007ffb3c980000 - 0x00007ffb3d0c4000 	C:\Windows\System32\SHELL32.dll
0x00007ffb38ea0000 - 0x00007ffb39634000 	C:\Windows\SYSTEM32\windows.storage.dll
0x00007ffb3d2c0000 - 0x00007ffb3d614000 	C:\Windows\System32\combase.dll
0x00007ffb3a640000 - 0x00007ffb3a670000 	C:\Windows\SYSTEM32\Wldp.dll
0x00007ffb3d1b0000 - 0x00007ffb3d25d000 	C:\Windows\System32\SHCORE.dll
0x00007ffb3c260000 - 0x00007ffb3c2b5000 	C:\Windows\System32\shlwapi.dll
0x00007ffb3b350000 - 0x00007ffb3b36f000 	C:\Windows\SYSTEM32\profapi.dll
0x00007ffb27e90000 - 0x00007ffb27ea9000 	C:\Program Files\Java\jdk-11.0.15\bin\net.dll
0x00007ffb32980000 - 0x00007ffb32a8a000 	C:\Windows\SYSTEM32\WINHTTP.dll
0x00007ffb3a420000 - 0x00007ffb3a48a000 	C:\Windows\system32\mswsock.dll
0x00007ffb27e70000 - 0x00007ffb27e82000 	C:\Program Files\Java\jdk-11.0.15\bin\nio.dll
0x00007ffb2b770000 - 0x00007ffb2b78a000 	C:\Program Files\JetBrains\IntelliJ IDEA Community Edition 2022.2.1\bin\breakgen64.dll
0x00007ffb278a0000 - 0x00007ffb278a9000 	C:\Program Files\Java\jdk-11.0.15\bin\management.dll
0x00007ffb27890000 - 0x00007ffb2789b000 	C:\Program Files\Java\jdk-11.0.15\bin\management_ext.dll
0x00007ffb3a130000 - 0x00007ffb3a16b000 	C:\Windows\SYSTEM32\IPHLPAPI.DLL
0x00007ffb3bf80000 - 0x00007ffb3bf88000 	C:\Windows\System32\NSI.dll
0x00007ffb33850000 - 0x00007ffb33867000 	C:\Windows\SYSTEM32\dhcpcsvc6.DLL
0x00007ffb33820000 - 0x00007ffb3383d000 	C:\Windows\SYSTEM32\dhcpcsvc.DLL
0x00007ffb3a170000 - 0x00007ffb3a23a000 	C:\Windows\SYSTEM32\DNSAPI.dll
0x00007ffb320c0000 - 0x00007ffb320ca000 	C:\Windows\System32\rasadhlp.dll
0x00007ffb32c00000 - 0x00007ffb32c80000 	C:\Windows\System32\fwpuclnt.dll
0x00007ffb3bc10000 - 0x00007ffb3bc37000 	C:\Windows\System32\bcrypt.dll
0x00007ffb285e0000 - 0x00007ffb285f7000 	C:\Windows\system32\napinsp.dll
0x00007ffb285c0000 - 0x00007ffb285db000 	C:\Windows\system32\pnrpnsp.dll
0x00007ffb285a0000 - 0x00007ffb285b5000 	C:\Windows\system32\wshbth.dll
0x00007ffb36720000 - 0x00007ffb3673d000 	C:\Windows\system32\NLAapi.dll
0x00007ffb28580000 - 0x00007ffb28592000 	C:\Windows\System32\winrnr.dll

dbghelp: loaded successfully - version: 4.0.5 - missing functions: none
symbol engine: initialized successfully - sym options: 0x614 - pdb path: .;C:\Program Files\Java\jdk-11.0.15\bin;C:\Windows\SYSTEM32;C:\Windows\WinSxS\amd64_microsoft.windows.common-controls_6595b64144ccf1df_6.0.19041.1110_none_60b5254171f9507e;C:\Program Files\Java\jdk-11.0.15\bin\server;C:\Program Files\JetBrains\IntelliJ IDEA Community Edition 2022.2.1\bin

VM Arguments:
jvm_args: -javaagent:C:\Program Files\JetBrains\IntelliJ IDEA Community Edition 2022.2.1\lib\idea_rt.jar=50454:C:\Program Files\JetBrains\IntelliJ IDEA Community Edition 2022.2.1\bin -Dfile.encoding=UTF-8 
java_command: com.training.microservices.apigateway.ApiGatewayApplication
java_class_path (initial): C:\Users\sfjbs\Downloads\microservices-main\microservices-main\api-gateway\target\classes;C:\Users\sfjbs\.m2\repository\org\springframework\boot\spring-boot-starter-actuator\2.7.3\spring-boot-starter-actuator-2.7.3.jar;C:\Users\sfjbs\.m2\repository\org\springframework\boot\spring-boot-starter\2.4.1\spring-boot-starter-2.4.1.jar;C:\Users\sfjbs\.m2\repository\org\springframework\boot\spring-boot-starter-logging\2.4.1\spring-boot-starter-logging-2.4.1.jar;C:\Users\sfjbs\.m2\repository\ch\qos\logback\logback-classic\1.2.3\logback-classic-1.2.3.jar;C:\Users\sfjbs\.m2\repository\ch\qos\logback\logback-core\1.2.3\logback-core-1.2.3.jar;C:\Users\sfjbs\.m2\repository\org\apache\logging\log4j\log4j-to-slf4j\2.13.3\log4j-to-slf4j-2.13.3.jar;C:\Users\sfjbs\.m2\repository\org\apache\logging\log4j\log4j-api\2.13.3\log4j-api-2.13.3.jar;C:\Users\sfjbs\.m2\repository\org\slf4j\jul-to-slf4j\1.7.30\jul-to-slf4j-1.7.30.jar;C:\Users\sfjbs\.m2\repository\jakarta\annotation\jakarta.annotation-api\1.3.5\jakarta.annotation-api-1.3.5.jar;C:\Users\sfjbs\.m2\repository\org\yaml\snakeyaml\1.27\snakeyaml-1.27.jar;C:\Users\sfjbs\.m2\repository\org\springframework\boot\spring-boot-actuator-autoconfigure\2.4.1\spring-boot-actuator-autoconfigure-2.4.1.jar;C:\Users\sfjbs\.m2\repository\org\springframework\boot\spring-boot-actuator\2.4.1\spring-boot-actuator-2.4.1.jar;C:\Users\sfjbs\.m2\repository\com\fasterxml\jackson\datatype\jackson-datatype-jsr310\2.11.3\jackson-datatype-jsr310-2.11.3.jar;C:\Users\sfjbs\.m2\repository\io\micrometer\micrometer-core\1.6.2\micrometer-core-1.6.2.jar;C:\Users\sfjbs\.m2\repository\org\hdrhistogram\HdrHistogram\2.1.12\HdrHistogram-2.1.12.jar;C:\Users\sfjbs\.m2\repository\org\latencyutils\LatencyUtils\2.0.3\LatencyUtils-2.0.3.jar;C:\Users\sfjbs\.m2\repository\org\springframework\cloud\spring-cloud-starter-config\3.1.3\spring-cloud-starter-config-3.1.3.jar;C:\Users\sfjbs\.m2\repository\org\springframework\cloud\spring-cloud-starter\3.0.0\spring
Launcher Type: SUN_STANDARD

[Global flags]
     intx CICompilerCount                          = 2                                         {product} {ergonomic}
     uint ConcGCThreads                            = 1                                         {product} {ergonomic}
     uint G1ConcRefinementThreads                  = 2                                         {product} {ergonomic}
   size_t G1HeapRegionSize                         = 1048576                                   {product} {ergonomic}
    uintx GCDrainStackTargetSize                   = 64                                        {product} {ergonomic}
   size_t InitialHeapSize                          = 134217728                                 {product} {ergonomic}
   size_t MarkStackSize                            = 4194304                                   {product} {ergonomic}
   size_t MaxHeapSize                              = 2147483648                                {product} {ergonomic}
   size_t MaxNewSize                               = 1287651328                                {product} {ergonomic}
   size_t MinHeapDeltaBytes                        = 1048576                                   {product} {ergonomic}
    uintx NonNMethodCodeHeapSize                   = 5825164                                {pd product} {ergonomic}
    uintx NonProfiledCodeHeapSize                  = 122916538                              {pd product} {ergonomic}
    uintx ProfiledCodeHeapSize                     = 122916538                              {pd product} {ergonomic}
    uintx ReservedCodeCacheSize                    = 251658240                              {pd product} {ergonomic}
     bool SegmentedCodeCache                       = true                                      {product} {ergonomic}
     bool UseCompressedClassPointers               = true                                 {lp64_product} {ergonomic}
     bool UseCompressedOops                        = true                                 {lp64_product} {ergonomic}
     bool UseG1GC                                  = true                                      {product} {ergonomic}
     bool UseLargePagesIndividualAllocation        = false                                  {pd product} {ergonomic}

Logging:
Log output configuration:
 #0: stdout all=warning uptime,level,tags
 #1: stderr all=off uptime,level,tags

Environment Variables:
PATH=C:\Program Files\Common Files\Oracle\Java\javapath;C:\Windows\system32;C:\Windows;C:\Windows\System32\Wbem;C:\Windows\System32\WindowsPowerShell\v1.0\;C:\Windows\System32\OpenSSH\;C:\Program Files\PuTTY\;C:\Program Files\Git\cmd;C:\Program Files\Docker\Docker\resources\bin;C:\ProgramData\DockerDesktop\version-bin;C:\Users\sfjbs\Downloads\apache-maven-3.8.6-bin\apache-maven-3.8.6\bin;C:\Users\sfjbs\Downloads\apache-maven-3.8.6-bin\apache-maven-3.8.6\lib;C:\Users\sfjbs\AppData\Local\Microsoft\WindowsApps;C:\Program Files\JetBrains\IntelliJ IDEA Community Edition 2022.2.1\bin;;C:\Users\sfjbs\Downloads\apache-maven-3.8.6-bin\apache-maven-3.8.6\bin;C:\Users\sfjbs\Downloads\apache-maven-3.8.6-bin\apache-maven-3.8.6\lib;
USERNAME=sfjbs
OS=Windows_NT
PROCESSOR_IDENTIFIER=Intel64 Family 6 Model 85 Stepping 7, GenuineIntel



---------------  S Y S T E M  ---------------

OS: Windows 10 , 64 bit Build 19041 (10.0.19041.1889)
Hyper-V role detected

CPU:total 2 (initial active 2) (1 cores per cpu, 2 threads per core) family 6 model 85 stepping 7 microcode 0xffffffff, cmov, cx8, fxsr, mmx, sse, sse2, sse3, ssse3, sse4.1, sse4.2, popcnt, avx, avx2, aes, clmul, erms, rtm, 3dnowpref, lzcnt, ht, tsc, bmi1, bmi2, adx, evex, fma

Memory: 4k page, system-wide physical 8190M (1058M free)
TotalPageFile size 10238M (AvailPageFile size 4M)
current process WorkingSet (physical memory assigned to process): 137M, peak: 137M
current process commit charge ("private bytes"): 262M, peak: 263M

vm_info: Java HotSpot(TM) 64-Bit Server VM (11.0.15+8-LTS-149) for windows-amd64 JRE (11.0.15+8-LTS-149), built on Mar  9 2022 22:42:32 by "mach5one" with MS VC++ 15.9 (VS2017)

END.
