#
# There is insufficient memory for the Java Runtime Environment to continue.
# Native memory allocation (malloc) failed to allocate 492656 bytes for Chunk::new
# Possible reasons:
#   The system is out of physical RAM or swap space
#   The process is running with CompressedOops enabled, and the Java Heap may be blocking the growth of the native heap
# Possible solutions:
#   Reduce memory load on the system
#   Increase physical memory or swap space
#   Check if swap backing store is full
#   Decrease Java heap size (-Xmx/-Xms)
#   Decrease number of Java threads
#   Decrease Java thread stack sizes (-Xss)
#   Set larger code cache with -XX:ReservedCodeCacheSize=
#   JVM is running with Unscaled Compressed Oops mode in which the Java heap is
#     placed in the first 4GB address space. The Java Heap base address is the
#     maximum limit for the native heap growth. Please use -XX:HeapBaseMinAddress
#     to set the Java Heap base and to place the Java Heap above 4GB virtual address.
# This output file may be truncated or incomplete.
#
#  Out of Memory Error (./open/src/hotspot/share/memory/arena.cpp:197), pid=2352, tid=9072
#
# JRE version: Java(TM) SE Runtime Environment 18.9 (11.0.15+8) (build 11.0.15+8-LTS-149)
# Java VM: Java HotSpot(TM) 64-Bit Server VM 18.9 (11.0.15+8-LTS-149, mixed mode, tiered, compressed oops, g1 gc, windows-amd64)
# No core dump will be written. Minidumps are not enabled by default on client versions of Windows
#

---------------  S U M M A R Y ------------

Command Line: -javaagent:C:\Program Files\JetBrains\IntelliJ IDEA Community Edition 2022.2.1\lib\idea_rt.jar=50809:C:\Program Files\JetBrains\IntelliJ IDEA Community Edition 2022.2.1\bin -Dfile.encoding=UTF-8 com.training.microservices.apigateway.ApiGatewayApplication

Host: Intel(R) Xeon(R) Platinum 8272CL CPU @ 2.60GHz, 2 cores, 7G,  Windows 10 , 64 bit Build 19041 (10.0.19041.1889)
Time: Mon Sep 12 06:48:54 2022 Coordinated Universal Time elapsed time: 674.740301 seconds (0d 0h 11m 14s)

---------------  T H R E A D  ---------------

Current thread (0x00000188a97b7000):  JavaThread "C2 CompilerThread0" daemon [_thread_in_native, id=9072, stack(0x0000004a7b100000,0x0000004a7b200000)]


Current CompileTask:
C2: 674740 7001       4       org.springframework.core.MethodParameter::getGenericParameterType (147 bytes)

Stack: [0x0000004a7b100000,0x0000004a7b200000]
Native frames: (J=compiled Java code, j=interpreted, Vv=VM code, C=native code)
V  [jvm.dll+0x629d8a]
V  [jvm.dll+0x7638ff]
V  [jvm.dll+0x764fa9]
V  [jvm.dll+0x765633]
V  [jvm.dll+0x23d9c8]
V  [jvm.dll+0xb2a1c]
V  [jvm.dll+0xb2fdc]
V  [jvm.dll+0x341047]
V  [jvm.dll+0x30e9b3]
V  [jvm.dll+0x30dcfa]
V  [jvm.dll+0x1f8565]
V  [jvm.dll+0x1f774d]
V  [jvm.dll+0x177c51]
V  [jvm.dll+0x207026]
V  [jvm.dll+0x2051bb]
V  [jvm.dll+0x729820]
V  [jvm.dll+0x7223f4]
V  [jvm.dll+0x628c26]
C  [ucrtbase.dll+0x21bb2]
C  [KERNEL32.DLL+0x17034]
C  [ntdll.dll+0x52651]


---------------  P R O C E S S  ---------------

Threads class SMR info:
_java_thread_list=0x00000188aa1d33f0, length=36, elements={
0x00000188a9789000, 0x00000188a978a000, 0x00000188aa122800, 0x00000188aa123800,
0x00000188a97b2000, 0x00000188a97b7000, 0x00000188a97d8800, 0x00000188a97d9000,
0x00000188a972d800, 0x00000188aaa47800, 0x00000188aaecd000, 0x00000188ae971800,
0x00000188af18f800, 0x00000188aef7e000, 0x00000188b0390800, 0x00000188ad4e3800,
0x00000188ad54b000, 0x00000188ad548800, 0x00000188ad549800, 0x00000188ad54a800,
0x00000188ad548000, 0x00000188ad54c000, 0x00000188ad54d000, 0x00000188ae7b6800,
0x00000188ae7b7000, 0x00000188ae7b4800, 0x00000188ae7b8000, 0x00000188ae7b5800,
0x00000188ae7b2800, 0x00000188ae7b4000, 0x00000188ae7b9000, 0x00000188ae7b3000,
0x00000188ae7bc000, 0x00000188ae7bb800, 0x00000188ae7bd800, 0x00000188ae7bd000
}

Java Threads: ( => current thread )
  0x00000188a9789000 JavaThread "Reference Handler" daemon [_thread_blocked, id=10672, stack(0x0000004a7ac00000,0x0000004a7ad00000)]
  0x00000188a978a000 JavaThread "Finalizer" daemon [_thread_blocked, id=4168, stack(0x0000004a7ad00000,0x0000004a7ae00000)]
  0x00000188aa122800 JavaThread "Signal Dispatcher" daemon [_thread_blocked, id=10600, stack(0x0000004a7ae00000,0x0000004a7af00000)]
  0x00000188aa123800 JavaThread "Attach Listener" daemon [_thread_blocked, id=11296, stack(0x0000004a7af00000,0x0000004a7b000000)]
  0x00000188a97b2000 JavaThread "Service Thread" daemon [_thread_blocked, id=10404, stack(0x0000004a7b000000,0x0000004a7b100000)]
=>0x00000188a97b7000 JavaThread "C2 CompilerThread0" daemon [_thread_in_native, id=9072, stack(0x0000004a7b100000,0x0000004a7b200000)]
  0x00000188a97d8800 JavaThread "C1 CompilerThread0" daemon [_thread_blocked, id=8620, stack(0x0000004a7b200000,0x0000004a7b300000)]
  0x00000188a97d9000 JavaThread "Sweeper thread" daemon [_thread_blocked, id=4324, stack(0x0000004a7b300000,0x0000004a7b400000)]
  0x00000188a972d800 JavaThread "Common-Cleaner" daemon [_thread_blocked, id=10936, stack(0x0000004a7b400000,0x0000004a7b500000)]
  0x00000188aaa47800 JavaThread "Monitor Ctrl-Break" daemon [_thread_in_native, id=11140, stack(0x0000004a7b600000,0x0000004a7b700000)]
  0x00000188aaecd000 JavaThread "spring.cloud.inetutils" daemon [_thread_blocked, id=5136, stack(0x0000004a7ba00000,0x0000004a7bb00000)]
  0x00000188ae971800 JavaThread "boundedElastic-evictor-1" daemon [_thread_blocked, id=9084, stack(0x0000004a7bb00000,0x0000004a7bc00000)]
  0x00000188af18f800 JavaThread "boundedElastic-evictor-2" daemon [_thread_blocked, id=7416, stack(0x0000004a7bc00000,0x0000004a7bd00000)]
  0x00000188aef7e000 JavaThread "boundedElastic-evictor-3" daemon [_thread_blocked, id=3152, stack(0x0000004a7bd00000,0x0000004a7be00000)]
  0x00000188b0390800 JavaThread "boundedElastic-evictor-4" daemon [_thread_blocked, id=468, stack(0x0000004a7be00000,0x0000004a7bf00000)]
  0x00000188ad4e3800 JavaThread "boundedElastic-evictor-5" daemon [_thread_blocked, id=8540, stack(0x0000004a7bf00000,0x0000004a7c000000)]
  0x00000188ad54b000 JavaThread "boundedElastic-evictor-6" daemon [_thread_blocked, id=4580, stack(0x0000004a7c000000,0x0000004a7c100000)]
  0x00000188ad548800 JavaThread "boundedElastic-evictor-7" daemon [_thread_blocked, id=2676, stack(0x0000004a7c300000,0x0000004a7c400000)]
  0x00000188ad549800 JavaThread "AsyncResolver-bootstrap-0" daemon [_thread_blocked, id=3804, stack(0x0000004a7c400000,0x0000004a7c500000)]
  0x00000188ad54a800 JavaThread "DiscoveryClient-0" daemon [_thread_blocked, id=7176, stack(0x0000004a7c500000,0x0000004a7c600000)]
  0x00000188ad548000 JavaThread "DiscoveryClient-1" daemon [_thread_blocked, id=10864, stack(0x0000004a7c600000,0x0000004a7c700000)]
  0x00000188ad54c000 JavaThread "DiscoveryClient-InstanceInfoReplicator-0" daemon [_thread_blocked, id=11564, stack(0x0000004a7c700000,0x0000004a7c800000)]
  0x00000188ad54d000 JavaThread "reactor-http-nio-1" daemon [_thread_in_native, id=3424, stack(0x0000004a7c800000,0x0000004a7c900000)]
  0x00000188ae7b6800 JavaThread "server" [_thread_blocked, id=1508, stack(0x0000004a7c900000,0x0000004a7ca00000)]
  0x00000188ae7b7000 JavaThread "DestroyJavaVM" [_thread_blocked, id=7736, stack(0x0000004a7a500000,0x0000004a7a600000)]
  0x00000188ae7b4800 JavaThread "DiscoveryClient-HeartbeatExecutor-0" daemon [_thread_blocked, id=9816, stack(0x0000004a7ca00000,0x0000004a7cb00000)]
  0x00000188ae7b8000 JavaThread "DiscoveryClient-CacheRefreshExecutor-0" daemon [_thread_blocked, id=7560, stack(0x0000004a7cb00000,0x0000004a7cc00000)]
  0x00000188ae7b5800 JavaThread "reactor-http-nio-2" daemon [_thread_in_native, id=11900, stack(0x0000004a7cc00000,0x0000004a7cd00000)]
  0x00000188ae7b2800 JavaThread "reactor-http-nio-3" daemon [_thread_in_native, id=964, stack(0x0000004a7cd00000,0x0000004a7ce00000)]
  0x00000188ae7b4000 JavaThread "parallel-1" daemon [_thread_blocked, id=3932, stack(0x0000004a7a300000,0x0000004a7a400000)]
  0x00000188ae7b9000 JavaThread "pool-5-thread-1" [_thread_blocked, id=5388, stack(0x0000004a7a400000,0x0000004a7a500000)]
  0x00000188ae7b3000 JavaThread "reactor-http-nio-4" daemon [_thread_in_native, id=8552, stack(0x0000004a7ce00000,0x0000004a7cf00000)]
  0x00000188ae7bc000 JavaThread "Thread-10" daemon [_thread_in_native, id=5748, stack(0x0000004a7cf00000,0x0000004a7d000000)]
  0x00000188ae7bb800 JavaThread "AsyncReporter{RestTemplateSender{http://localhost:9411/}}" daemon [_thread_blocked, id=10556, stack(0x0000004a7d000000,0x0000004a7d100000)]
  0x00000188ae7bd800 JavaThread "AsyncResolver-bootstrap-executor-0" daemon [_thread_blocked, id=8104, stack(0x0000004a7c200000,0x0000004a7c300000)]
  0x00000188ae7bd000 JavaThread "Keep-Alive-Timer" daemon [_thread_blocked, id=7256, stack(0x0000004a7c100000,0x0000004a7c200000)]

Other Threads:
  0x00000188a979f000 VMThread "VM Thread" [stack: 0x0000004a7ab00000,0x0000004a7ac00000] [id=7772]
  0x00000188aab74800 WatcherThread [stack: 0x0000004a7b700000,0x0000004a7b800000] [id=9736]
  0x000001888c4e8800 GCTaskThread "GC Thread#0" [stack: 0x0000004a7a600000,0x0000004a7a700000] [id=2520]
  0x00000188aa361800 GCTaskThread "GC Thread#1" [stack: 0x0000004a7b500000,0x0000004a7b600000] [id=10520]
  0x000001888c517800 ConcurrentGCThread "G1 Main Marker" [stack: 0x0000004a7a700000,0x0000004a7a800000] [id=1860]
  0x000001888a4dc000 ConcurrentGCThread "G1 Conc#0" [stack: 0x0000004a7a800000,0x0000004a7a900000] [id=5736]
  0x000001888c59d800 ConcurrentGCThread "G1 Refine#0" [stack: 0x0000004a7a900000,0x0000004a7aa00000] [id=9804]
  0x000001888c59e800 ConcurrentGCThread "G1 Young RemSet Sampling" [stack: 0x0000004a7aa00000,0x0000004a7ab00000] [id=3784]

Threads with active compile tasks:
C2 CompilerThread0 674759 7001       4       org.springframework.core.MethodParameter::getGenericParameterType (147 bytes)

VM state:not at safepoint (normal execution)

VM Mutex/Monitor currently owned by a thread: None

Heap address: 0x0000000080000000, size: 2048 MB, Compressed Oops mode: 32-bit
Narrow klass base: 0x0000000000000000, Narrow klass shift: 3
Compressed class space size: 1073741824 Address: 0x0000000100000000

Heap:
 garbage-first heap   total 189440K, used 98204K [0x0000000080000000, 0x0000000100000000)
  region size 1024K, 79 young (80896K), 9 survivors (9216K)
 Metaspace       used 67259K, capacity 69403K, committed 69632K, reserved 1110016K
  class space    used 8527K, capacity 9417K, committed 9472K, reserved 1048576K
Heap Regions: E=young(eden), S=young(survivor), O=old, HS=humongous(starts), HC=humongous(continues), CS=collection set, F=free, A=archive, TAMS=top-at-mark-start (previous, next)
|   0|0x0000000080000000, 0x0000000080100000, 0x0000000080100000|100%| O|  |TAMS 0x0000000080100000, 0x0000000080000000| Untracked 
|   1|0x0000000080100000, 0x0000000080200000, 0x0000000080200000|100%| O|  |TAMS 0x0000000080200000, 0x0000000080100000| Untracked 
|   2|0x0000000080200000, 0x0000000080300000, 0x0000000080300000|100%| O|  |TAMS 0x0000000080300000, 0x0000000080200000| Untracked 
|   3|0x0000000080300000, 0x0000000080400000, 0x0000000080400000|100%| O|  |TAMS 0x0000000080400000, 0x0000000080300000| Untracked 
|   4|0x0000000080400000, 0x0000000080500000, 0x0000000080500000|100%| O|  |TAMS 0x0000000080500000, 0x0000000080400000| Untracked 
|   5|0x0000000080500000, 0x0000000080600000, 0x0000000080600000|100%| O|  |TAMS 0x0000000080600000, 0x0000000080500000| Untracked 
|   6|0x0000000080600000, 0x0000000080700000, 0x0000000080700000|100%| O|  |TAMS 0x0000000080700000, 0x0000000080600000| Untracked 
|   7|0x0000000080700000, 0x0000000080800000, 0x0000000080800000|100%| O|  |TAMS 0x0000000080800000, 0x0000000080700000| Untracked 
|   8|0x0000000080800000, 0x0000000080900000, 0x0000000080900000|100%| O|  |TAMS 0x0000000080900000, 0x0000000080800000| Untracked 
|   9|0x0000000080900000, 0x0000000080a00000, 0x0000000080a00000|100%| O|  |TAMS 0x0000000080a00000, 0x0000000080900000| Untracked 
|  10|0x0000000080a00000, 0x0000000080b00000, 0x0000000080b00000|100%| O|  |TAMS 0x0000000080b00000, 0x0000000080a00000| Untracked 
|  11|0x0000000080b00000, 0x0000000080c00000, 0x0000000080c00000|100%| O|  |TAMS 0x0000000080c00000, 0x0000000080b00000| Untracked 
|  12|0x0000000080c00000, 0x0000000080d00000, 0x0000000080d00000|100%| O|  |TAMS 0x0000000080d00000, 0x0000000080c00000| Untracked 
|  13|0x0000000080d00000, 0x0000000080e00000, 0x0000000080e00000|100%| O|  |TAMS 0x0000000080e00000, 0x0000000080d00000| Untracked 
|  14|0x0000000080e00000, 0x0000000080f00000, 0x0000000080f00000|100%| O|  |TAMS 0x0000000080f00000, 0x0000000080e00000| Untracked 
|  15|0x0000000080f00000, 0x0000000081000000, 0x0000000081000000|100%| O|  |TAMS 0x0000000081000000, 0x0000000080f00000| Untracked 
|  16|0x0000000081000000, 0x0000000081100000, 0x0000000081100000|100%| O|  |TAMS 0x0000000081100000, 0x0000000081000000| Untracked 
|  17|0x0000000081100000, 0x0000000081200000, 0x0000000081200000|100%| O|  |TAMS 0x0000000081200000, 0x0000000081100000| Untracked 
|  18|0x0000000081200000, 0x0000000081300000, 0x0000000081300000|100%| O|  |TAMS 0x0000000081300000, 0x0000000081200000| Untracked 
|  19|0x0000000081300000, 0x0000000081367008, 0x0000000081400000| 40%| O|  |TAMS 0x0000000081367008, 0x0000000081300000| Untracked 
|  20|0x0000000081400000, 0x0000000081400000, 0x0000000081500000|  0%| F|  |TAMS 0x0000000081400000, 0x0000000081400000| Untracked 
|  21|0x0000000081500000, 0x0000000081500000, 0x0000000081600000|  0%| F|  |TAMS 0x0000000081500000, 0x0000000081500000| Untracked 
|  22|0x0000000081600000, 0x0000000081600000, 0x0000000081700000|  0%| F|  |TAMS 0x0000000081600000, 0x0000000081600000| Untracked 
|  23|0x0000000081700000, 0x0000000081700000, 0x0000000081800000|  0%| F|  |TAMS 0x0000000081700000, 0x0000000081700000| Untracked 
|  24|0x0000000081800000, 0x0000000081800000, 0x0000000081900000|  0%| F|  |TAMS 0x0000000081800000, 0x0000000081800000| Untracked 
|  25|0x0000000081900000, 0x0000000081900000, 0x0000000081a00000|  0%| F|  |TAMS 0x0000000081900000, 0x0000000081900000| Untracked 
|  26|0x0000000081a00000, 0x0000000081a00000, 0x0000000081b00000|  0%| F|  |TAMS 0x0000000081a00000, 0x0000000081a00000| Untracked 
|  27|0x0000000081b00000, 0x0000000081b00000, 0x0000000081c00000|  0%| F|  |TAMS 0x0000000081b00000, 0x0000000081b00000| Untracked 
|  28|0x0000000081c00000, 0x0000000081c00000, 0x0000000081d00000|  0%| F|  |TAMS 0x0000000081c00000, 0x0000000081c00000| Untracked 
|  29|0x0000000081d00000, 0x0000000081d00000, 0x0000000081e00000|  0%| F|  |TAMS 0x0000000081d00000, 0x0000000081d00000| Untracked 
|  30|0x0000000081e00000, 0x0000000081e00000, 0x0000000081f00000|  0%| F|  |TAMS 0x0000000081e00000, 0x0000000081e00000| Untracked 
|  31|0x0000000081f00000, 0x0000000081f00000, 0x0000000082000000|  0%| F|  |TAMS 0x0000000081f00000, 0x0000000081f00000| Untracked 
|  32|0x0000000082000000, 0x0000000082000000, 0x0000000082100000|  0%| F|  |TAMS 0x0000000082000000, 0x0000000082000000| Untracked 
|  33|0x0000000082100000, 0x0000000082100000, 0x0000000082200000|  0%| F|  |TAMS 0x0000000082100000, 0x0000000082100000| Untracked 
|  34|0x0000000082200000, 0x0000000082200000, 0x0000000082300000|  0%| F|  |TAMS 0x0000000082200000, 0x0000000082200000| Untracked 
|  35|0x0000000082300000, 0x0000000082300000, 0x0000000082400000|  0%| F|  |TAMS 0x0000000082300000, 0x0000000082300000| Untracked 
|  36|0x0000000082400000, 0x0000000082400000, 0x0000000082500000|  0%| F|  |TAMS 0x0000000082400000, 0x0000000082400000| Untracked 
|  37|0x0000000082500000, 0x0000000082500000, 0x0000000082600000|  0%| F|  |TAMS 0x0000000082500000, 0x0000000082500000| Untracked 
|  38|0x0000000082600000, 0x0000000082600000, 0x0000000082700000|  0%| F|  |TAMS 0x0000000082600000, 0x0000000082600000| Untracked 
|  39|0x0000000082700000, 0x0000000082700000, 0x0000000082800000|  0%| F|  |TAMS 0x0000000082700000, 0x0000000082700000| Untracked 
|  40|0x0000000082800000, 0x0000000082800000, 0x0000000082900000|  0%| F|  |TAMS 0x0000000082800000, 0x0000000082800000| Untracked 
|  41|0x0000000082900000, 0x0000000082900000, 0x0000000082a00000|  0%| F|  |TAMS 0x0000000082900000, 0x0000000082900000| Untracked 
|  42|0x0000000082a00000, 0x0000000082a00000, 0x0000000082b00000|  0%| F|  |TAMS 0x0000000082a00000, 0x0000000082a00000| Untracked 
|  43|0x0000000082b00000, 0x0000000082b00000, 0x0000000082c00000|  0%| F|  |TAMS 0x0000000082b00000, 0x0000000082b00000| Untracked 
|  44|0x0000000082c00000, 0x0000000082c00000, 0x0000000082d00000|  0%| F|  |TAMS 0x0000000082c00000, 0x0000000082c00000| Untracked 
|  45|0x0000000082d00000, 0x0000000082d00000, 0x0000000082e00000|  0%| F|  |TAMS 0x0000000082d00000, 0x0000000082d00000| Untracked 
|  46|0x0000000082e00000, 0x0000000082e00000, 0x0000000082f00000|  0%| F|  |TAMS 0x0000000082e00000, 0x0000000082e00000| Untracked 
|  47|0x0000000082f00000, 0x0000000082f00000, 0x0000000083000000|  0%| F|  |TAMS 0x0000000082f00000, 0x0000000082f00000| Untracked 
|  48|0x0000000083000000, 0x0000000083000000, 0x0000000083100000|  0%| F|  |TAMS 0x0000000083000000, 0x0000000083000000| Untracked 
|  49|0x0000000083100000, 0x0000000083100000, 0x0000000083200000|  0%| F|  |TAMS 0x0000000083100000, 0x0000000083100000| Untracked 
|  50|0x0000000083200000, 0x0000000083200000, 0x0000000083300000|  0%| F|  |TAMS 0x0000000083200000, 0x0000000083200000| Untracked 
|  51|0x0000000083300000, 0x0000000083300000, 0x0000000083400000|  0%| F|  |TAMS 0x0000000083300000, 0x0000000083300000| Untracked 
|  52|0x0000000083400000, 0x0000000083400000, 0x0000000083500000|  0%| F|  |TAMS 0x0000000083400000, 0x0000000083400000| Untracked 
|  53|0x0000000083500000, 0x0000000083500000, 0x0000000083600000|  0%| F|  |TAMS 0x0000000083500000, 0x0000000083500000| Untracked 
|  54|0x0000000083600000, 0x0000000083600000, 0x0000000083700000|  0%| F|  |TAMS 0x0000000083600000, 0x0000000083600000| Untracked 
|  55|0x0000000083700000, 0x0000000083700000, 0x0000000083800000|  0%| F|  |TAMS 0x0000000083700000, 0x0000000083700000| Untracked 
|  56|0x0000000083800000, 0x0000000083800000, 0x0000000083900000|  0%| F|  |TAMS 0x0000000083800000, 0x0000000083800000| Untracked 
|  57|0x0000000083900000, 0x0000000083900000, 0x0000000083a00000|  0%| F|  |TAMS 0x0000000083900000, 0x0000000083900000| Untracked 
|  58|0x0000000083a00000, 0x0000000083a00000, 0x0000000083b00000|  0%| F|  |TAMS 0x0000000083a00000, 0x0000000083a00000| Untracked 
|  59|0x0000000083b00000, 0x0000000083b00000, 0x0000000083c00000|  0%| F|  |TAMS 0x0000000083b00000, 0x0000000083b00000| Untracked 
|  60|0x0000000083c00000, 0x0000000083c00000, 0x0000000083d00000|  0%| F|  |TAMS 0x0000000083c00000, 0x0000000083c00000| Untracked 
|  61|0x0000000083d00000, 0x0000000083d00000, 0x0000000083e00000|  0%| F|  |TAMS 0x0000000083d00000, 0x0000000083d00000| Untracked 
|  62|0x0000000083e00000, 0x0000000083e00000, 0x0000000083f00000|  0%| F|  |TAMS 0x0000000083e00000, 0x0000000083e00000| Untracked 
|  63|0x0000000083f00000, 0x0000000083f00000, 0x0000000084000000|  0%| F|  |TAMS 0x0000000083f00000, 0x0000000083f00000| Untracked 
|  64|0x0000000084000000, 0x0000000084000000, 0x0000000084100000|  0%| F|  |TAMS 0x0000000084000000, 0x0000000084000000| Untracked 
|  65|0x0000000084100000, 0x0000000084100000, 0x0000000084200000|  0%| F|  |TAMS 0x0000000084100000, 0x0000000084100000| Untracked 
|  66|0x0000000084200000, 0x0000000084200000, 0x0000000084300000|  0%| F|  |TAMS 0x0000000084200000, 0x0000000084200000| Untracked 
|  67|0x0000000084300000, 0x0000000084300000, 0x0000000084400000|  0%| F|  |TAMS 0x0000000084300000, 0x0000000084300000| Untracked 
|  68|0x0000000084400000, 0x0000000084400000, 0x0000000084500000|  0%| F|  |TAMS 0x0000000084400000, 0x0000000084400000| Untracked 
|  69|0x0000000084500000, 0x0000000084500000, 0x0000000084600000|  0%| F|  |TAMS 0x0000000084500000, 0x0000000084500000| Untracked 
|  70|0x0000000084600000, 0x0000000084600000, 0x0000000084700000|  0%| F|  |TAMS 0x0000000084600000, 0x0000000084600000| Untracked 
|  71|0x0000000084700000, 0x0000000084700000, 0x0000000084800000|  0%| F|  |TAMS 0x0000000084700000, 0x0000000084700000| Untracked 
|  72|0x0000000084800000, 0x0000000084800000, 0x0000000084900000|  0%| F|  |TAMS 0x0000000084800000, 0x0000000084800000| Untracked 
|  73|0x0000000084900000, 0x0000000084900000, 0x0000000084a00000|  0%| F|  |TAMS 0x0000000084900000, 0x0000000084900000| Untracked 
|  74|0x0000000084a00000, 0x0000000084a00000, 0x0000000084b00000|  0%| F|  |TAMS 0x0000000084a00000, 0x0000000084a00000| Untracked 
|  75|0x0000000084b00000, 0x0000000084b00000, 0x0000000084c00000|  0%| F|  |TAMS 0x0000000084b00000, 0x0000000084b00000| Untracked 
|  76|0x0000000084c00000, 0x0000000084c00000, 0x0000000084d00000|  0%| F|  |TAMS 0x0000000084c00000, 0x0000000084c00000| Untracked 
|  77|0x0000000084d00000, 0x0000000084d00000, 0x0000000084e00000|  0%| F|  |TAMS 0x0000000084d00000, 0x0000000084d00000| Untracked 
|  78|0x0000000084e00000, 0x0000000084e00000, 0x0000000084f00000|  0%| F|  |TAMS 0x0000000084e00000, 0x0000000084e00000| Untracked 
|  79|0x0000000084f00000, 0x0000000084f00000, 0x0000000085000000|  0%| F|  |TAMS 0x0000000084f00000, 0x0000000084f00000| Untracked 
|  80|0x0000000085000000, 0x0000000085000000, 0x0000000085100000|  0%| F|  |TAMS 0x0000000085000000, 0x0000000085000000| Untracked 
|  81|0x0000000085100000, 0x0000000085100000, 0x0000000085200000|  0%| F|  |TAMS 0x0000000085100000, 0x0000000085100000| Untracked 
|  82|0x0000000085200000, 0x0000000085200000, 0x0000000085300000|  0%| F|  |TAMS 0x0000000085200000, 0x0000000085200000| Untracked 
|  83|0x0000000085300000, 0x0000000085300000, 0x0000000085400000|  0%| F|  |TAMS 0x0000000085300000, 0x0000000085300000| Untracked 
|  84|0x0000000085400000, 0x0000000085400000, 0x0000000085500000|  0%| F|  |TAMS 0x0000000085400000, 0x0000000085400000| Untracked 
|  85|0x0000000085500000, 0x0000000085500000, 0x0000000085600000|  0%| F|  |TAMS 0x0000000085500000, 0x0000000085500000| Untracked 
|  86|0x0000000085600000, 0x0000000085600000, 0x0000000085700000|  0%| F|  |TAMS 0x0000000085600000, 0x0000000085600000| Untracked 
|  87|0x0000000085700000, 0x0000000085700000, 0x0000000085800000|  0%| F|  |TAMS 0x0000000085700000, 0x0000000085700000| Untracked 
|  88|0x0000000085800000, 0x0000000085800000, 0x0000000085900000|  0%| F|  |TAMS 0x0000000085800000, 0x0000000085800000| Untracked 
|  89|0x0000000085900000, 0x0000000085900000, 0x0000000085a00000|  0%| F|  |TAMS 0x0000000085900000, 0x0000000085900000| Untracked 
|  90|0x0000000085a00000, 0x0000000085a00000, 0x0000000085b00000|  0%| F|  |TAMS 0x0000000085a00000, 0x0000000085a00000| Untracked 
|  91|0x0000000085b00000, 0x0000000085b00000, 0x0000000085c00000|  0%| F|  |TAMS 0x0000000085b00000, 0x0000000085b00000| Untracked 
|  92|0x0000000085c00000, 0x0000000085c00000, 0x0000000085d00000|  0%| F|  |TAMS 0x0000000085c00000, 0x0000000085c00000| Untracked 
|  93|0x0000000085d00000, 0x0000000085d00000, 0x0000000085e00000|  0%| F|  |TAMS 0x0000000085d00000, 0x0000000085d00000| Untracked 
|  94|0x0000000085e00000, 0x0000000085e00000, 0x0000000085f00000|  0%| F|  |TAMS 0x0000000085e00000, 0x0000000085e00000| Untracked 
|  95|0x0000000085f00000, 0x0000000085f00000, 0x0000000086000000|  0%| F|  |TAMS 0x0000000085f00000, 0x0000000085f00000| Untracked 
|  96|0x0000000086000000, 0x0000000086000000, 0x0000000086100000|  0%| F|  |TAMS 0x0000000086000000, 0x0000000086000000| Untracked 
|  97|0x0000000086100000, 0x0000000086100000, 0x0000000086200000|  0%| F|  |TAMS 0x0000000086100000, 0x0000000086100000| Untracked 
|  98|0x0000000086200000, 0x0000000086200000, 0x0000000086300000|  0%| F|  |TAMS 0x0000000086200000, 0x0000000086200000| Untracked 
|  99|0x0000000086300000, 0x0000000086300000, 0x0000000086400000|  0%| F|  |TAMS 0x0000000086300000, 0x0000000086300000| Untracked 
| 100|0x0000000086400000, 0x0000000086400000, 0x0000000086500000|  0%| F|  |TAMS 0x0000000086400000, 0x0000000086400000| Untracked 
| 101|0x0000000086500000, 0x0000000086500000, 0x0000000086600000|  0%| F|  |TAMS 0x0000000086500000, 0x0000000086500000| Untracked 
| 102|0x0000000086600000, 0x0000000086600000, 0x0000000086700000|  0%| F|  |TAMS 0x0000000086600000, 0x0000000086600000| Untracked 
| 103|0x0000000086700000, 0x0000000086700000, 0x0000000086800000|  0%| F|  |TAMS 0x0000000086700000, 0x0000000086700000| Untracked 
| 104|0x0000000086800000, 0x0000000086800000, 0x0000000086900000|  0%| F|  |TAMS 0x0000000086800000, 0x0000000086800000| Untracked 
| 105|0x0000000086900000, 0x0000000086900000, 0x0000000086a00000|  0%| F|  |TAMS 0x0000000086900000, 0x0000000086900000| Untracked 
| 106|0x0000000086a00000, 0x0000000086a67f58, 0x0000000086b00000| 40%| E|  |TAMS 0x0000000086a00000, 0x0000000086a00000| Complete 
| 107|0x0000000086b00000, 0x0000000086c00000, 0x0000000086c00000|100%| E|CS|TAMS 0x0000000086b00000, 0x0000000086b00000| Complete 
| 108|0x0000000086c00000, 0x0000000086d00000, 0x0000000086d00000|100%| E|CS|TAMS 0x0000000086c00000, 0x0000000086c00000| Complete 
| 109|0x0000000086d00000, 0x0000000086e00000, 0x0000000086e00000|100%| E|CS|TAMS 0x0000000086d00000, 0x0000000086d00000| Complete 
| 110|0x0000000086e00000, 0x0000000086f00000, 0x0000000086f00000|100%| E|CS|TAMS 0x0000000086e00000, 0x0000000086e00000| Complete 
| 111|0x0000000086f00000, 0x0000000087000000, 0x0000000087000000|100%| E|CS|TAMS 0x0000000086f00000, 0x0000000086f00000| Complete 
| 112|0x0000000087000000, 0x0000000087100000, 0x0000000087100000|100%| E|CS|TAMS 0x0000000087000000, 0x0000000087000000| Complete 
| 113|0x0000000087100000, 0x0000000087200000, 0x0000000087200000|100%| E|CS|TAMS 0x0000000087100000, 0x0000000087100000| Complete 
| 114|0x0000000087200000, 0x0000000087300000, 0x0000000087300000|100%| E|CS|TAMS 0x0000000087200000, 0x0000000087200000| Complete 
| 115|0x0000000087300000, 0x0000000087400000, 0x0000000087400000|100%| E|CS|TAMS 0x0000000087300000, 0x0000000087300000| Complete 
| 116|0x0000000087400000, 0x0000000087500000, 0x0000000087500000|100%| E|CS|TAMS 0x0000000087400000, 0x0000000087400000| Complete 
| 117|0x0000000087500000, 0x0000000087600000, 0x0000000087600000|100%| E|CS|TAMS 0x0000000087500000, 0x0000000087500000| Complete 
| 118|0x0000000087600000, 0x0000000087700000, 0x0000000087700000|100%| E|CS|TAMS 0x0000000087600000, 0x0000000087600000| Complete 
| 119|0x0000000087700000, 0x0000000087800000, 0x0000000087800000|100%| E|CS|TAMS 0x0000000087700000, 0x0000000087700000| Complete 
| 120|0x0000000087800000, 0x0000000087900000, 0x0000000087900000|100%| E|CS|TAMS 0x0000000087800000, 0x0000000087800000| Complete 
| 121|0x0000000087900000, 0x0000000087a00000, 0x0000000087a00000|100%| E|CS|TAMS 0x0000000087900000, 0x0000000087900000| Complete 
| 122|0x0000000087a00000, 0x0000000087b00000, 0x0000000087b00000|100%| E|CS|TAMS 0x0000000087a00000, 0x0000000087a00000| Complete 
| 123|0x0000000087b00000, 0x0000000087c00000, 0x0000000087c00000|100%| E|CS|TAMS 0x0000000087b00000, 0x0000000087b00000| Complete 
| 124|0x0000000087c00000, 0x0000000087d00000, 0x0000000087d00000|100%| E|CS|TAMS 0x0000000087c00000, 0x0000000087c00000| Complete 
| 125|0x0000000087d00000, 0x0000000087e00000, 0x0000000087e00000|100%| E|CS|TAMS 0x0000000087d00000, 0x0000000087d00000| Complete 
| 126|0x0000000087e00000, 0x0000000087f00000, 0x0000000087f00000|100%| E|CS|TAMS 0x0000000087e00000, 0x0000000087e00000| Complete 
| 127|0x0000000087f00000, 0x0000000088000000, 0x0000000088000000|100%| E|CS|TAMS 0x0000000087f00000, 0x0000000087f00000| Complete 
| 128|0x0000000088000000, 0x0000000088100000, 0x0000000088100000|100%| E|CS|TAMS 0x0000000088000000, 0x0000000088000000| Complete 
| 129|0x0000000088100000, 0x0000000088200000, 0x0000000088200000|100%| E|  |TAMS 0x0000000088100000, 0x0000000088100000| Complete 
| 130|0x0000000088200000, 0x0000000088300000, 0x0000000088300000|100%| E|CS|TAMS 0x0000000088200000, 0x0000000088200000| Complete 
| 131|0x0000000088300000, 0x0000000088400000, 0x0000000088400000|100%| E|CS|TAMS 0x0000000088300000, 0x0000000088300000| Complete 
| 132|0x0000000088400000, 0x0000000088500000, 0x0000000088500000|100%| E|CS|TAMS 0x0000000088400000, 0x0000000088400000| Complete 
| 133|0x0000000088500000, 0x0000000088600000, 0x0000000088600000|100%| E|CS|TAMS 0x0000000088500000, 0x0000000088500000| Complete 
| 134|0x0000000088600000, 0x0000000088700000, 0x0000000088700000|100%| E|CS|TAMS 0x0000000088600000, 0x0000000088600000| Complete 
| 135|0x0000000088700000, 0x0000000088800000, 0x0000000088800000|100%| E|CS|TAMS 0x0000000088700000, 0x0000000088700000| Complete 
| 136|0x0000000088800000, 0x0000000088900000, 0x0000000088900000|100%| E|CS|TAMS 0x0000000088800000, 0x0000000088800000| Complete 
| 137|0x0000000088900000, 0x0000000088a00000, 0x0000000088a00000|100%| E|CS|TAMS 0x0000000088900000, 0x0000000088900000| Complete 
| 138|0x0000000088a00000, 0x0000000088b00000, 0x0000000088b00000|100%| E|CS|TAMS 0x0000000088a00000, 0x0000000088a00000| Complete 
| 139|0x0000000088b00000, 0x0000000088c00000, 0x0000000088c00000|100%| E|CS|TAMS 0x0000000088b00000, 0x0000000088b00000| Complete 
| 140|0x0000000088c00000, 0x0000000088d00000, 0x0000000088d00000|100%| E|CS|TAMS 0x0000000088c00000, 0x0000000088c00000| Complete 
| 141|0x0000000088d00000, 0x0000000088e00000, 0x0000000088e00000|100%| E|CS|TAMS 0x0000000088d00000, 0x0000000088d00000| Complete 
| 142|0x0000000088e00000, 0x0000000088e80000, 0x0000000088f00000| 50%| S|CS|TAMS 0x0000000088e00000, 0x0000000088e00000| Complete 
| 143|0x0000000088f00000, 0x0000000089000000, 0x0000000089000000|100%| S|CS|TAMS 0x0000000088f00000, 0x0000000088f00000| Complete 
| 144|0x0000000089000000, 0x0000000089100000, 0x0000000089100000|100%| S|CS|TAMS 0x0000000089000000, 0x0000000089000000| Complete 
| 145|0x0000000089100000, 0x0000000089200000, 0x0000000089200000|100%| S|CS|TAMS 0x0000000089100000, 0x0000000089100000| Complete 
| 146|0x0000000089200000, 0x0000000089300000, 0x0000000089300000|100%| S|CS|TAMS 0x0000000089200000, 0x0000000089200000| Complete 
| 147|0x0000000089300000, 0x0000000089400000, 0x0000000089400000|100%| S|CS|TAMS 0x0000000089300000, 0x0000000089300000| Complete 
| 148|0x0000000089400000, 0x0000000089500000, 0x0000000089500000|100%| S|CS|TAMS 0x0000000089400000, 0x0000000089400000| Complete 
| 149|0x0000000089500000, 0x0000000089600000, 0x0000000089600000|100%| S|CS|TAMS 0x0000000089500000, 0x0000000089500000| Complete 
| 150|0x0000000089600000, 0x0000000089700000, 0x0000000089700000|100%| S|CS|TAMS 0x0000000089600000, 0x0000000089600000| Complete 
| 151|0x0000000089700000, 0x0000000089800000, 0x0000000089800000|100%| E|CS|TAMS 0x0000000089700000, 0x0000000089700000| Complete 
| 152|0x0000000089800000, 0x0000000089900000, 0x0000000089900000|100%| E|CS|TAMS 0x0000000089800000, 0x0000000089800000| Complete 
| 153|0x0000000089900000, 0x0000000089a00000, 0x0000000089a00000|100%| E|CS|TAMS 0x0000000089900000, 0x0000000089900000| Complete 
| 154|0x0000000089a00000, 0x0000000089b00000, 0x0000000089b00000|100%| E|CS|TAMS 0x0000000089a00000, 0x0000000089a00000| Complete 
| 155|0x0000000089b00000, 0x0000000089c00000, 0x0000000089c00000|100%| E|CS|TAMS 0x0000000089b00000, 0x0000000089b00000| Complete 
| 156|0x0000000089c00000, 0x0000000089d00000, 0x0000000089d00000|100%| E|CS|TAMS 0x0000000089c00000, 0x0000000089c00000| Complete 
| 157|0x0000000089d00000, 0x0000000089e00000, 0x0000000089e00000|100%| E|CS|TAMS 0x0000000089d00000, 0x0000000089d00000| Complete 
| 158|0x0000000089e00000, 0x0000000089f00000, 0x0000000089f00000|100%| E|CS|TAMS 0x0000000089e00000, 0x0000000089e00000| Complete 
| 159|0x0000000089f00000, 0x000000008a000000, 0x000000008a000000|100%| E|CS|TAMS 0x0000000089f00000, 0x0000000089f00000| Complete 
| 160|0x000000008a000000, 0x000000008a100000, 0x000000008a100000|100%| E|CS|TAMS 0x000000008a000000, 0x000000008a000000| Complete 
| 161|0x000000008a100000, 0x000000008a200000, 0x000000008a200000|100%| E|CS|TAMS 0x000000008a100000, 0x000000008a100000| Complete 
| 162|0x000000008a200000, 0x000000008a300000, 0x000000008a300000|100%| E|CS|TAMS 0x000000008a200000, 0x000000008a200000| Complete 
| 163|0x000000008a300000, 0x000000008a400000, 0x000000008a400000|100%| E|CS|TAMS 0x000000008a300000, 0x000000008a300000| Complete 
| 164|0x000000008a400000, 0x000000008a500000, 0x000000008a500000|100%| E|CS|TAMS 0x000000008a400000, 0x000000008a400000| Complete 
| 165|0x000000008a500000, 0x000000008a600000, 0x000000008a600000|100%| E|CS|TAMS 0x000000008a500000, 0x000000008a500000| Complete 
| 166|0x000000008a600000, 0x000000008a700000, 0x000000008a700000|100%| E|CS|TAMS 0x000000008a600000, 0x000000008a600000| Complete 
| 167|0x000000008a700000, 0x000000008a800000, 0x000000008a800000|100%| E|CS|TAMS 0x000000008a700000, 0x000000008a700000| Complete 
| 168|0x000000008a800000, 0x000000008a900000, 0x000000008a900000|100%| E|CS|TAMS 0x000000008a800000, 0x000000008a800000| Complete 
| 169|0x000000008a900000, 0x000000008aa00000, 0x000000008aa00000|100%| E|CS|TAMS 0x000000008a900000, 0x000000008a900000| Complete 
| 170|0x000000008aa00000, 0x000000008ab00000, 0x000000008ab00000|100%| E|CS|TAMS 0x000000008aa00000, 0x000000008aa00000| Complete 
| 171|0x000000008ab00000, 0x000000008ac00000, 0x000000008ac00000|100%| E|CS|TAMS 0x000000008ab00000, 0x000000008ab00000| Complete 
| 172|0x000000008ac00000, 0x000000008ad00000, 0x000000008ad00000|100%| E|CS|TAMS 0x000000008ac00000, 0x000000008ac00000| Complete 
| 173|0x000000008ad00000, 0x000000008ae00000, 0x000000008ae00000|100%| E|CS|TAMS 0x000000008ad00000, 0x000000008ad00000| Complete 
| 174|0x000000008ae00000, 0x000000008af00000, 0x000000008af00000|100%| E|CS|TAMS 0x000000008ae00000, 0x000000008ae00000| Complete 
| 175|0x000000008af00000, 0x000000008b000000, 0x000000008b000000|100%| E|CS|TAMS 0x000000008af00000, 0x000000008af00000| Complete 
| 176|0x000000008b000000, 0x000000008b100000, 0x000000008b100000|100%| E|CS|TAMS 0x000000008b000000, 0x000000008b000000| Complete 
| 177|0x000000008b100000, 0x000000008b200000, 0x000000008b200000|100%| E|CS|TAMS 0x000000008b100000, 0x000000008b100000| Complete 
| 178|0x000000008b200000, 0x000000008b300000, 0x000000008b300000|100%| E|CS|TAMS 0x000000008b200000, 0x000000008b200000| Complete 
| 179|0x000000008b300000, 0x000000008b400000, 0x000000008b400000|100%| E|CS|TAMS 0x000000008b300000, 0x000000008b300000| Complete 
| 180|0x000000008b400000, 0x000000008b500000, 0x000000008b500000|100%| E|CS|TAMS 0x000000008b400000, 0x000000008b400000| Complete 
| 181|0x000000008b500000, 0x000000008b600000, 0x000000008b600000|100%| E|CS|TAMS 0x000000008b500000, 0x000000008b500000| Complete 
| 182|0x000000008b600000, 0x000000008b700000, 0x000000008b700000|100%| E|CS|TAMS 0x000000008b600000, 0x000000008b600000| Complete 
| 183|0x000000008b700000, 0x000000008b800000, 0x000000008b800000|100%| E|CS|TAMS 0x000000008b700000, 0x000000008b700000| Complete 
| 184|0x000000008b800000, 0x000000008b900000, 0x000000008b900000|100%| E|CS|TAMS 0x000000008b800000, 0x000000008b800000| Complete 

Card table byte_map: [0x00000188a2b70000,0x00000188a2f70000] _byte_map_base: 0x00000188a2770000

Marking Bits (Prev, Next): (CMBitMap*) 0x000001888c50eb60, (CMBitMap*) 0x000001888c50eb28
 Prev Bits: [0x00000188a5370000, 0x00000188a7370000)
 Next Bits: [0x00000188a3370000, 0x00000188a5370000)

Polling page: 0x000001888a3a0000

Metaspace:

Usage:
  Non-class:     58.58 MB capacity,    57.36 MB ( 98%) used,  1002.12 KB (  2%) free+waste,   252.06 KB ( <1%) overhead. 
      Class:      9.20 MB capacity,     8.33 MB ( 91%) used,   765.34 KB (  8%) free+waste,   123.81 KB (  1%) overhead. 
       Both:     67.78 MB capacity,    65.68 MB ( 97%) used,     1.73 MB (  3%) free+waste,   375.88 KB ( <1%) overhead. 

Virtual space:
  Non-class space:       60.00 MB reserved,      58.75 MB ( 98%) committed 
      Class space:        1.00 GB reserved,       9.25 MB ( <1%) committed 
             Both:        1.06 GB reserved,      68.00 MB (  6%) committed 

Chunk freelists:
   Non-Class:  5.75 KB
       Class:  0 bytes
        Both:  5.75 KB

CodeHeap 'non-profiled nmethods': size=120064Kb used=3878Kb max_used=3878Kb free=116185Kb
 bounds [0x000001889b630000, 0x000001889ba00000, 0x00000188a2b70000]
CodeHeap 'profiled nmethods': size=120000Kb used=15135Kb max_used=15135Kb free=104864Kb
 bounds [0x0000018894100000, 0x0000018894fd0000, 0x000001889b630000]
CodeHeap 'non-nmethods': size=5696Kb used=1244Kb max_used=1287Kb free=4451Kb
 bounds [0x0000018893b70000, 0x0000018893de0000, 0x0000018894100000]
 total_blobs=7562 nmethods=6952 adapters=521
 compilation: enabled
              stopped_count=0, restarted_count=0
 full_count=0

Compilation events (10 events):
Event: 674.724 Thread 0x00000188a97d8800 7003       3       java.util.concurrent.ConcurrentLinkedDeque$Itr::nextNode (9 bytes)
Event: 674.725 Thread 0x00000188a97d8800 nmethod 7003 0x0000018894fc3810 code [0x0000018894fc39c0, 0x0000018894fc3ba8]
Event: 674.725 Thread 0x00000188a97d8800 7004       3       org.hibernate.validator.internal.util.ConcurrentReferenceHashMap$Segment::get (71 bytes)
Event: 674.726 Thread 0x00000188a97d8800 nmethod 7004 0x0000018894fc3c90 code [0x0000018894fc3fa0, 0x0000018894fc56c8]
Event: 674.726 Thread 0x00000188a97d8800 7005       3       org.springframework.context.event.AbstractApplicationEventMulticaster$ListenerCacheKey::hashCode (19 bytes)
Event: 674.727 Thread 0x00000188a97d8800 nmethod 7005 0x0000018894fc5d90 code [0x0000018894fc5f60, 0x0000018894fc6238]
Event: 674.727 Thread 0x00000188a97d8800 7006       3       org.springframework.boot.context.properties.bind.Binder$Context::<init> (65 bytes)
Event: 674.728 Thread 0x00000188a97d8800 nmethod 7006 0x0000018894fc6390 code [0x0000018894fc65e0, 0x0000018894fc7368]
Event: 674.730 Thread 0x00000188a97d8800 7007       3       org.springframework.beans.factory.support.DefaultListableBeanFactory::getBeanNamesForType (35 bytes)
Event: 674.730 Thread 0x00000188a97d8800 nmethod 7007 0x0000018894fc7710 code [0x0000018894fc78e0, 0x0000018894fc7dc8]

GC Heap History (10 events):
Event: 6.606 GC heap before
{Heap before GC invocations=8 (full 0):
 garbage-first heap   total 157696K, used 99896K [0x0000000080000000, 0x0000000100000000)
  region size 1024K, 92 young (94208K), 7 survivors (7168K)
 Metaspace       used 33970K, capacity 34724K, committed 34816K, reserved 1079296K
  class space    used 4032K, capacity 4303K, committed 4352K, reserved 1048576K
}
Event: 6.631 GC heap after
{Heap after GC invocations=9 (full 0):
 garbage-first heap   total 157696K, used 15770K [0x0000000080000000, 0x0000000100000000)
  region size 1024K, 9 young (9216K), 9 survivors (9216K)
 Metaspace       used 33970K, capacity 34724K, committed 34816K, reserved 1079296K
  class space    used 4032K, capacity 4303K, committed 4352K, reserved 1048576K
}
Event: 6.842 GC heap before
{Heap before GC invocations=9 (full 0):
 garbage-first heap   total 157696K, used 21914K [0x0000000080000000, 0x0000000100000000)
  region size 1024K, 16 young (16384K), 9 survivors (9216K)
 Metaspace       used 34989K, capacity 35779K, committed 35840K, reserved 1081344K
  class space    used 4168K, capacity 4463K, committed 4480K, reserved 1048576K
}
Event: 6.864 GC heap after
{Heap after GC invocations=10 (full 0):
 garbage-first heap   total 189440K, used 16061K [0x0000000080000000, 0x0000000100000000)
  region size 1024K, 7 young (7168K), 7 survivors (7168K)
 Metaspace       used 34989K, capacity 35779K, committed 35840K, reserved 1081344K
  class space    used 4168K, capacity 4463K, committed 4480K, reserved 1048576K
}
Event: 9.786 GC heap before
{Heap before GC invocations=11 (full 0):
 garbage-first heap   total 189440K, used 121533K [0x0000000080000000, 0x0000000100000000)
  region size 1024K, 110 young (112640K), 7 survivors (7168K)
 Metaspace       used 45723K, capacity 46787K, committed 46976K, reserved 1089536K
  class space    used 5607K, capacity 5999K, committed 6016K, reserved 1048576K
}
Event: 9.819 GC heap after
{Heap after GC invocations=12 (full 0):
 garbage-first heap   total 189440K, used 20669K [0x0000000080000000, 0x0000000100000000)
  region size 1024K, 11 young (11264K), 11 survivors (11264K)
 Metaspace       used 45723K, capacity 46787K, committed 46976K, reserved 1089536K
  class space    used 5607K, capacity 5999K, committed 6016K, reserved 1048576K
}
Event: 12.434 GC heap before
{Heap before GC invocations=12 (full 0):
 garbage-first heap   total 189440K, used 123069K [0x0000000080000000, 0x0000000100000000)
  region size 1024K, 111 young (113664K), 11 survivors (11264K)
 Metaspace       used 54474K, capacity 56120K, committed 56448K, reserved 1097728K
  class space    used 6796K, capacity 7435K, committed 7552K, reserved 1048576K
}
Event: 12.481 GC heap after
{Heap after GC invocations=13 (full 0):
 garbage-first heap   total 189440K, used 26573K [0x0000000080000000, 0x0000000100000000)
  region size 1024K, 12 young (12288K), 12 survivors (12288K)
 Metaspace       used 54474K, capacity 56120K, committed 56448K, reserved 1097728K
  class space    used 6796K, capacity 7435K, committed 7552K, reserved 1048576K
}
Event: 13.467 GC heap before
{Heap before GC invocations=13 (full 0):
 garbage-first heap   total 189440K, used 60365K [0x0000000080000000, 0x0000000100000000)
  region size 1024K, 46 young (47104K), 12 survivors (12288K)
 Metaspace       used 58492K, capacity 60131K, committed 60160K, reserved 1101824K
  class space    used 7358K, capacity 8064K, committed 8064K, reserved 1048576K
}
Event: 13.512 GC heap after
{Heap after GC invocations=14 (full 0):
 garbage-first heap   total 189440K, used 28572K [0x0000000080000000, 0x0000000100000000)
  region size 1024K, 9 young (9216K), 9 survivors (9216K)
 Metaspace       used 58492K, capacity 60131K, committed 60160K, reserved 1101824K
  class space    used 7358K, capacity 8064K, committed 8064K, reserved 1048576K
}

Deoptimization events (10 events):
Event: 61.397 Thread 0x00000188ad54d000 Uncommon trap: reason=class_check action=maybe_recompile pc=0x000001889b74d66c method=java.nio.DirectByteBuffer.<init>(Lsun/nio/ch/DirectBuffer;IIIII)V @ 12 c2
Event: 61.995 Thread 0x00000188ae7b2800 Uncommon trap: reason=unstable_if action=reinterpret pc=0x000001889b94b5e0 method=java.util.regex.Pattern$BmpCharProperty.match(Ljava/util/regex/Matcher;ILjava/lang/CharSequence;)Z @ 39 c2
Event: 62.323 Thread 0x00000188ae7b2800 Uncommon trap: reason=unstable_if action=reinterpret pc=0x000001889b65b6bc method=java.lang.AbstractStringBuilder.putStringAt(ILjava/lang/String;)V @ 8 c2
Event: 62.323 Thread 0x00000188ae7b2800 Uncommon trap: reason=unstable_if action=reinterpret pc=0x000001889b676c28 method=java.lang.AbstractStringBuilder.putStringAt(ILjava/lang/String;)V @ 8 c2
Event: 62.323 Thread 0x00000188ae7b2800 Uncommon trap: reason=unstable_if action=reinterpret pc=0x000001889b66166c method=java.lang.String.getBytes([BIB)V @ 5 c2
Event: 62.323 Thread 0x00000188ae7b2800 Uncommon trap: reason=unstable_if action=reinterpret pc=0x000001889b6cbe28 method=java.lang.StringBuilder.toString()Ljava/lang/String; @ 4 c2
Event: 62.323 Thread 0x00000188ae7b2800 Uncommon trap: reason=unstable_if action=reinterpret pc=0x000001889b7c30dc method=java.lang.AbstractStringBuilder.putStringAt(ILjava/lang/String;)V @ 8 c2
Event: 62.323 Thread 0x00000188ae7b2800 Uncommon trap: reason=unstable_if action=reinterpret pc=0x000001889b754c58 method=java.lang.AbstractStringBuilder.appendChars(Ljava/lang/CharSequence;II)V @ 43 c2
Event: 62.324 Thread 0x00000188ae7b2800 Uncommon trap: reason=unstable_if action=reinterpret pc=0x000001889b713a68 method=java.lang.AbstractStringBuilder.appendChars(Ljava/lang/CharSequence;II)V @ 4 c2
Event: 314.379 Thread 0x00000188ae7b8000 Uncommon trap: reason=null_check action=make_not_entrant pc=0x000001889b9b97b0 method=org.springframework.beans.factory.support.AbstractAutowireCapableBeanFactory.getObjectForBeanInstance(Ljava/lang/Object;Ljava/lang/String;Ljava/lang/String;Lorg/springfr

Classes redefined (0 events):
No events

Internal exceptions (10 events):
Event: 60.784 Thread 0x00000188ae7b2800 Exception <a 'java/io/FileNotFoundException'{0x00000000886a9300}> (0x00000000886a9300) thrown at [./open/src/hotspot/share/prims/jni.cpp, line 611]
Event: 60.880 Thread 0x00000188ae7b2800 Exception <a 'java/lang/NoSuchMethodError'{0x0000000088411990}: java.lang.invoke.DirectMethodHandle$Holder.invokeSpecial(Ljava/lang/Object;Ljava/lang/Object;IILjava/lang/Object;Ljava/lang/Object;Ljava/lang/Object;Ljava/lang/Object;)Ljava/lang/Object;> (0x
Event: 60.882 Thread 0x00000188ae7b2800 Exception <a 'java/lang/NoSuchMethodError'{0x0000000088415b68}: java.lang.invoke.DelegatingMethodHandle$Holder.reinvoke_L(Ljava/lang/Object;IILjava/lang/Object;Ljava/lang/Object;Ljava/lang/Object;Ljava/lang/Object;)Ljava/lang/Object;> (0x0000000088415b68)
Event: 60.904 Thread 0x00000188ae7b2800 Exception <a 'java/io/FileNotFoundException'{0x00000000884abd50}> (0x00000000884abd50) thrown at [./open/src/hotspot/share/prims/jni.cpp, line 611]
Event: 61.065 Thread 0x00000188ae7b2800 Exception <a 'java/lang/NoSuchMethodError'{0x0000000088338a98}: java.lang.invoke.DirectMethodHandle$Holder.invokeSpecial(Ljava/lang/Object;Ljava/lang/Object;Ljava/lang/Object;Ljava/lang/Object;Ljava/lang/Object;Ljava/lang/Object;Ljava/lang/Object;)V> (0x0
Event: 61.105 Thread 0x00000188ae7b2800 Exception <a 'java/lang/NoSuchMethodError'{0x000000008825ef90}: java.lang.invoke.DirectMethodHandle$Holder.invokeStatic(Ljava/lang/Object;Ljava/lang/Object;JLjava/lang/Object;)Ljava/lang/Object;> (0x000000008825ef90) thrown at [./open/src/hotspot/share/in
Event: 61.105 Thread 0x00000188ae7b2800 Exception <a 'java/lang/NoSuchMethodError'{0x0000000088266188}: java.lang.invoke.Invokers$Holder.linkToTargetMethod(Ljava/lang/Object;JLjava/lang/Object;Ljava/lang/Object;)Ljava/lang/Object;> (0x0000000088266188) thrown at [./open/src/hotspot/share/interp
Event: 62.299 Thread 0x00000188ae7b2800 Exception <a 'java/lang/NoSuchMethodError'{0x0000000087c871e0}: java.lang.invoke.DirectMethodHandle$Holder.invokeStatic(Ljava/lang/Object;Ljava/lang/Object;Ljava/lang/Object;JLjava/lang/Object;)Ljava/lang/Object;> (0x0000000087c871e0) thrown at [./open/sr
Event: 62.461 Thread 0x00000188ae7b2800 Exception <a 'java/lang/NoSuchMethodError'{0x00000000878acf98}: java.lang.invoke.DirectMethodHandle$Holder.invokeSpecialIFC(Ljava/lang/Object;Ljava/lang/Object;Ljava/lang/Object;Ljava/lang/Object;)V> (0x00000000878acf98) thrown at [./open/src/hotspot/shar
Event: 314.379 Thread 0x00000188ae7b8000 Implicit null exception at 0x000001889b9b70f4 to 0x000001889b9b9780

Events (10 events):
Event: 644.682 Executing VM operation: RevokeBias
Event: 644.682 Executing VM operation: RevokeBias done
Event: 644.683 Executing VM operation: RevokeBias
Event: 644.683 Executing VM operation: RevokeBias done
Event: 644.683 Executing VM operation: RevokeBias
Event: 644.683 Executing VM operation: RevokeBias done
Event: 644.683 Executing VM operation: RevokeBias
Event: 644.683 Executing VM operation: RevokeBias done
Event: 674.715 Executing VM operation: RevokeBias
Event: 674.716 Executing VM operation: RevokeBias done


Dynamic libraries:
0x00007ff779550000 - 0x00007ff77955f000 	C:\Program Files\Java\jdk-11.0.15\bin\java.exe
0x00007ffb3dcf0000 - 0x00007ffb3dee8000 	C:\Windows\SYSTEM32\ntdll.dll
0x00007ffb3bf90000 - 0x00007ffb3c04d000 	C:\Windows\System32\KERNEL32.DLL
0x00007ffb3b720000 - 0x00007ffb3b9ee000 	C:\Windows\System32\KERNELBASE.dll
0x00007ffb3b5d0000 - 0x00007ffb3b6d0000 	C:\Windows\System32\ucrtbase.dll
0x00007ffb27680000 - 0x00007ffb27695000 	C:\Program Files\Java\jdk-11.0.15\bin\VCRUNTIME140.dll
0x00007ffb27790000 - 0x00007ffb277a8000 	C:\Program Files\Java\jdk-11.0.15\bin\jli.dll
0x00007ffb3c140000 - 0x00007ffb3c1ee000 	C:\Windows\System32\ADVAPI32.dll
0x00007ffb3da80000 - 0x00007ffb3db1e000 	C:\Windows\System32\msvcrt.dll
0x00007ffb3be60000 - 0x00007ffb3befc000 	C:\Windows\System32\sechost.dll
0x00007ffb3d800000 - 0x00007ffb3d925000 	C:\Windows\System32\RPCRT4.dll
0x00007ffb3c730000 - 0x00007ffb3c8d0000 	C:\Windows\System32\USER32.dll
0x00007ffb3aa70000 - 0x00007ffb3ad0a000 	C:\Windows\WinSxS\amd64_microsoft.windows.common-controls_6595b64144ccf1df_6.0.19041.1110_none_60b5254171f9507e\COMCTL32.dll
0x00007ffb3d620000 - 0x00007ffb3d64a000 	C:\Windows\System32\GDI32.dll
0x00007ffb3bb50000 - 0x00007ffb3bb72000 	C:\Windows\System32\win32u.dll
0x00007ffb3bc40000 - 0x00007ffb3bd4b000 	C:\Windows\System32\gdi32full.dll
0x00007ffb3b410000 - 0x00007ffb3b4ad000 	C:\Windows\System32\msvcp_win.dll
0x00007ffb33300000 - 0x00007ffb3330a000 	C:\Windows\SYSTEM32\VERSION.dll
0x00007ffb3bd50000 - 0x00007ffb3bd80000 	C:\Windows\System32\IMM32.DLL
0x00007ffb275e0000 - 0x00007ffb2767b000 	C:\Program Files\Java\jdk-11.0.15\bin\msvcp140.dll
0x00007ffb26a40000 - 0x00007ffb27556000 	C:\Program Files\Java\jdk-11.0.15\bin\server\jvm.dll
0x00007ffb3da70000 - 0x00007ffb3da78000 	C:\Windows\System32\PSAPI.DLL
0x00007ffb27780000 - 0x00007ffb27789000 	C:\Windows\SYSTEM32\WSOCK32.dll
0x00007ffb2d490000 - 0x00007ffb2d4b7000 	C:\Windows\SYSTEM32\WINMM.dll
0x00007ffb3c1f0000 - 0x00007ffb3c25b000 	C:\Windows\System32\WS2_32.dll
0x00007ffb38ca0000 - 0x00007ffb38cb2000 	C:\Windows\SYSTEM32\kernel.appcore.dll
0x00007ffb27f30000 - 0x00007ffb27f40000 	C:\Program Files\Java\jdk-11.0.15\bin\verify.dll
0x00007ffb3adc0000 - 0x00007ffb3afa4000 	C:\Windows\SYSTEM32\DBGHELP.DLL
0x00007ffb3ad10000 - 0x00007ffb3ad3c000 	C:\Windows\SYSTEM32\dbgcore.DLL
0x00007ffb3bb80000 - 0x00007ffb3bc02000 	C:\Windows\System32\bcryptPrimitives.dll
0x00007ffb27f00000 - 0x00007ffb27f28000 	C:\Program Files\Java\jdk-11.0.15\bin\java.dll
0x00007ffb27ef0000 - 0x00007ffb27efa000 	C:\Program Files\Java\jdk-11.0.15\bin\jimage.dll
0x00007ffb35cd0000 - 0x00007ffb35cde000 	C:\Program Files\Java\jdk-11.0.15\bin\instrument.dll
0x00007ffb27ed0000 - 0x00007ffb27ee6000 	C:\Program Files\Java\jdk-11.0.15\bin\zip.dll
0x00007ffb3c980000 - 0x00007ffb3d0c4000 	C:\Windows\System32\SHELL32.dll
0x00007ffb38ea0000 - 0x00007ffb39634000 	C:\Windows\SYSTEM32\windows.storage.dll
0x00007ffb3d2c0000 - 0x00007ffb3d614000 	C:\Windows\System32\combase.dll
0x00007ffb3a640000 - 0x00007ffb3a670000 	C:\Windows\SYSTEM32\Wldp.dll
0x00007ffb3d1b0000 - 0x00007ffb3d25d000 	C:\Windows\System32\SHCORE.dll
0x00007ffb3c260000 - 0x00007ffb3c2b5000 	C:\Windows\System32\shlwapi.dll
0x00007ffb3b350000 - 0x00007ffb3b36f000 	C:\Windows\SYSTEM32\profapi.dll
0x00007ffb27e90000 - 0x00007ffb27ea9000 	C:\Program Files\Java\jdk-11.0.15\bin\net.dll
0x00007ffb32980000 - 0x00007ffb32a8a000 	C:\Windows\SYSTEM32\WINHTTP.dll
0x00007ffb3a420000 - 0x00007ffb3a48a000 	C:\Windows\system32\mswsock.dll
0x00007ffb27e70000 - 0x00007ffb27e82000 	C:\Program Files\Java\jdk-11.0.15\bin\nio.dll
0x00007ffb2b770000 - 0x00007ffb2b78a000 	C:\Program Files\JetBrains\IntelliJ IDEA Community Edition 2022.2.1\bin\breakgen64.dll
0x00007ffb278a0000 - 0x00007ffb278a9000 	C:\Program Files\Java\jdk-11.0.15\bin\management.dll
0x00007ffb27890000 - 0x00007ffb2789b000 	C:\Program Files\Java\jdk-11.0.15\bin\management_ext.dll
0x00007ffb3a130000 - 0x00007ffb3a16b000 	C:\Windows\SYSTEM32\IPHLPAPI.DLL
0x00007ffb3bf80000 - 0x00007ffb3bf88000 	C:\Windows\System32\NSI.dll
0x00007ffb33850000 - 0x00007ffb33867000 	C:\Windows\SYSTEM32\dhcpcsvc6.DLL
0x00007ffb33820000 - 0x00007ffb3383d000 	C:\Windows\SYSTEM32\dhcpcsvc.DLL
0x00007ffb3a170000 - 0x00007ffb3a23a000 	C:\Windows\SYSTEM32\DNSAPI.dll
0x00007ffb320c0000 - 0x00007ffb320ca000 	C:\Windows\System32\rasadhlp.dll
0x00007ffb32c00000 - 0x00007ffb32c80000 	C:\Windows\System32\fwpuclnt.dll
0x00007ffb3bc10000 - 0x00007ffb3bc37000 	C:\Windows\System32\bcrypt.dll
0x00007ffb285e0000 - 0x00007ffb285f7000 	C:\Windows\system32\napinsp.dll
0x00007ffb285c0000 - 0x00007ffb285db000 	C:\Windows\system32\pnrpnsp.dll
0x00007ffb285a0000 - 0x00007ffb285b5000 	C:\Windows\system32\wshbth.dll
0x00007ffb36720000 - 0x00007ffb3673d000 	C:\Windows\system32\NLAapi.dll
0x00007ffb28580000 - 0x00007ffb28592000 	C:\Windows\System32\winrnr.dll
0x00007ffb3b0d0000 - 0x00007ffb3b0e8000 	C:\Windows\SYSTEM32\CRYPTSP.dll
0x00007ffb39de0000 - 0x00007ffb39e14000 	C:\Windows\system32\rsaenh.dll
0x00007ffb3b2d0000 - 0x00007ffb3b2fe000 	C:\Windows\SYSTEM32\USERENV.dll
0x00007ffb3a5b0000 - 0x00007ffb3a5bc000 	C:\Windows\SYSTEM32\CRYPTBASE.dll
0x00007ffb23070000 - 0x00007ffb23095000 	C:\Program Files\Java\jdk-11.0.15\bin\sunec.dll

dbghelp: loaded successfully - version: 4.0.5 - missing functions: none
symbol engine: initialized successfully - sym options: 0x614 - pdb path: .;C:\Program Files\Java\jdk-11.0.15\bin;C:\Windows\SYSTEM32;C:\Windows\WinSxS\amd64_microsoft.windows.common-controls_6595b64144ccf1df_6.0.19041.1110_none_60b5254171f9507e;C:\Program Files\Java\jdk-11.0.15\bin\server;C:\Program Files\JetBrains\IntelliJ IDEA Community Edition 2022.2.1\bin

VM Arguments:
jvm_args: -javaagent:C:\Program Files\JetBrains\IntelliJ IDEA Community Edition 2022.2.1\lib\idea_rt.jar=50809:C:\Program Files\JetBrains\IntelliJ IDEA Community Edition 2022.2.1\bin -Dfile.encoding=UTF-8 
java_command: com.training.microservices.apigateway.ApiGatewayApplication
java_class_path (initial): C:\Users\sfjbs\Downloads\microservices-main\microservices-main\api-gateway\target\classes;C:\Users\sfjbs\.m2\repository\org\springframework\boot\spring-boot-starter-actuator\2.7.3\spring-boot-starter-actuator-2.7.3.jar;C:\Users\sfjbs\.m2\repository\org\springframework\boot\spring-boot-starter\2.4.1\spring-boot-starter-2.4.1.jar;C:\Users\sfjbs\.m2\repository\org\springframework\boot\spring-boot-starter-logging\2.4.1\spring-boot-starter-logging-2.4.1.jar;C:\Users\sfjbs\.m2\repository\ch\qos\logback\logback-classic\1.2.3\logback-classic-1.2.3.jar;C:\Users\sfjbs\.m2\repository\ch\qos\logback\logback-core\1.2.3\logback-core-1.2.3.jar;C:\Users\sfjbs\.m2\repository\org\apache\logging\log4j\log4j-to-slf4j\2.13.3\log4j-to-slf4j-2.13.3.jar;C:\Users\sfjbs\.m2\repository\org\apache\logging\log4j\log4j-api\2.13.3\log4j-api-2.13.3.jar;C:\Users\sfjbs\.m2\repository\org\slf4j\jul-to-slf4j\1.7.30\jul-to-slf4j-1.7.30.jar;C:\Users\sfjbs\.m2\repository\jakarta\annotation\jakarta.annotation-api\1.3.5\jakarta.annotation-api-1.3.5.jar;C:\Users\sfjbs\.m2\repository\org\yaml\snakeyaml\1.27\snakeyaml-1.27.jar;C:\Users\sfjbs\.m2\repository\org\springframework\boot\spring-boot-actuator-autoconfigure\2.4.1\spring-boot-actuator-autoconfigure-2.4.1.jar;C:\Users\sfjbs\.m2\repository\org\springframework\boot\spring-boot-actuator\2.4.1\spring-boot-actuator-2.4.1.jar;C:\Users\sfjbs\.m2\repository\com\fasterxml\jackson\datatype\jackson-datatype-jsr310\2.11.3\jackson-datatype-jsr310-2.11.3.jar;C:\Users\sfjbs\.m2\repository\io\micrometer\micrometer-core\1.6.2\micrometer-core-1.6.2.jar;C:\Users\sfjbs\.m2\repository\org\hdrhistogram\HdrHistogram\2.1.12\HdrHistogram-2.1.12.jar;C:\Users\sfjbs\.m2\repository\org\latencyutils\LatencyUtils\2.0.3\LatencyUtils-2.0.3.jar;C:\Users\sfjbs\.m2\repository\org\springframework\cloud\spring-cloud-starter-config\3.1.3\spring-cloud-starter-config-3.1.3.jar;C:\Users\sfjbs\.m2\repository\org\springframework\cloud\spring-cloud-starter\3.0.0\spring
Launcher Type: SUN_STANDARD

[Global flags]
     intx CICompilerCount                          = 2                                         {product} {ergonomic}
     uint ConcGCThreads                            = 1                                         {product} {ergonomic}
     uint G1ConcRefinementThreads                  = 2                                         {product} {ergonomic}
   size_t G1HeapRegionSize                         = 1048576                                   {product} {ergonomic}
    uintx GCDrainStackTargetSize                   = 64                                        {product} {ergonomic}
   size_t InitialHeapSize                          = 134217728                                 {product} {ergonomic}
   size_t MarkStackSize                            = 4194304                                   {product} {ergonomic}
   size_t MaxHeapSize                              = 2147483648                                {product} {ergonomic}
   size_t MaxNewSize                               = 1287651328                                {product} {ergonomic}
   size_t MinHeapDeltaBytes                        = 1048576                                   {product} {ergonomic}
    uintx NonNMethodCodeHeapSize                   = 5825164                                {pd product} {ergonomic}
    uintx NonProfiledCodeHeapSize                  = 122916538                              {pd product} {ergonomic}
    uintx ProfiledCodeHeapSize                     = 122916538                              {pd product} {ergonomic}
    uintx ReservedCodeCacheSize                    = 251658240                              {pd product} {ergonomic}
     bool SegmentedCodeCache                       = true                                      {product} {ergonomic}
     bool UseCompressedClassPointers               = true                                 {lp64_product} {ergonomic}
     bool UseCompressedOops                        = true                                 {lp64_product} {ergonomic}
     bool UseG1GC                                  = true                                      {product} {ergonomic}
     bool UseLargePagesIndividualAllocation        = false                                  {pd product} {ergonomic}

Logging:
Log output configuration:
 #0: stdout all=warning uptime,level,tags
 #1: stderr all=off uptime,level,tags

Environment Variables:
PATH=C:\Program Files\Common Files\Oracle\Java\javapath;C:\Windows\system32;C:\Windows;C:\Windows\System32\Wbem;C:\Windows\System32\WindowsPowerShell\v1.0\;C:\Windows\System32\OpenSSH\;C:\Program Files\PuTTY\;C:\Program Files\Git\cmd;C:\Program Files\Docker\Docker\resources\bin;C:\ProgramData\DockerDesktop\version-bin;C:\Users\sfjbs\Downloads\apache-maven-3.8.6-bin\apache-maven-3.8.6\bin;C:\Users\sfjbs\Downloads\apache-maven-3.8.6-bin\apache-maven-3.8.6\lib;C:\Users\sfjbs\AppData\Local\Microsoft\WindowsApps;C:\Program Files\JetBrains\IntelliJ IDEA Community Edition 2022.2.1\bin;;C:\Users\sfjbs\Downloads\apache-maven-3.8.6-bin\apache-maven-3.8.6\bin;C:\Users\sfjbs\Downloads\apache-maven-3.8.6-bin\apache-maven-3.8.6\lib;
USERNAME=sfjbs
OS=Windows_NT
PROCESSOR_IDENTIFIER=Intel64 Family 6 Model 85 Stepping 7, GenuineIntel



---------------  S Y S T E M  ---------------

OS: Windows 10 , 64 bit Build 19041 (10.0.19041.1889)
Hyper-V role detected

CPU:total 2 (initial active 2) (1 cores per cpu, 2 threads per core) family 6 model 85 stepping 7 microcode 0xffffffff, cmov, cx8, fxsr, mmx, sse, sse2, sse3, ssse3, sse4.1, sse4.2, popcnt, avx, avx2, aes, clmul, erms, rtm, 3dnowpref, lzcnt, ht, tsc, bmi1, bmi2, adx, evex, fma

Memory: 4k page, system-wide physical 8190M (1202M free)
TotalPageFile size 10238M (AvailPageFile size 2M)
current process WorkingSet (physical memory assigned to process): 354M, peak: 381M
current process commit charge ("private bytes"): 418M, peak: 446M

vm_info: Java HotSpot(TM) 64-Bit Server VM (11.0.15+8-LTS-149) for windows-amd64 JRE (11.0.15+8-LTS-149), built on Mar  9 2022 22:42:32 by "mach5one" with MS VC++ 15.9 (VS2017)

END.
